{"/home/ahundredeggs/ecosim/js/core-simulation.js": {"path":"/home/ahundredeggs/ecosim/js/core-simulation.js","statementMap":{"0":{"start":{"line":4,"column":23},"end":{"line":224,"column":1}},"1":{"start":{"line":26,"column":8},"end":{"line":26,"column":71}},"2":{"start":{"line":29,"column":8},"end":{"line":29,"column":45}},"3":{"start":{"line":32,"column":8},"end":{"line":32,"column":46}},"4":{"start":{"line":33,"column":8},"end":{"line":33,"column":47}},"5":{"start":{"line":34,"column":8},"end":{"line":34,"column":47}},"6":{"start":{"line":35,"column":8},"end":{"line":35,"column":50}},"7":{"start":{"line":36,"column":8},"end":{"line":36,"column":48}},"8":{"start":{"line":37,"column":8},"end":{"line":37,"column":50}},"9":{"start":{"line":38,"column":8},"end":{"line":38,"column":47}},"10":{"start":{"line":40,"column":8},"end":{"line":40,"column":20}},"11":{"start":{"line":45,"column":8},"end":{"line":47,"column":9}},"12":{"start":{"line":46,"column":12},"end":{"line":46,"column":22}},"13":{"start":{"line":48,"column":8},"end":{"line":48,"column":34}},"14":{"start":{"line":53,"column":8},"end":{"line":55,"column":9}},"15":{"start":{"line":54,"column":12},"end":{"line":54,"column":24}},"16":{"start":{"line":56,"column":18},"end":{"line":56,"column":36}},"17":{"start":{"line":57,"column":18},"end":{"line":57,"column":48}},"18":{"start":{"line":58,"column":8},"end":{"line":58,"column":24}},"19":{"start":{"line":63,"column":26},"end":{"line":63,"column":28}},"20":{"start":{"line":65,"column":8},"end":{"line":82,"column":9}},"21":{"start":{"line":65,"column":22},"end":{"line":65,"column":24}},"22":{"start":{"line":66,"column":12},"end":{"line":81,"column":13}},"23":{"start":{"line":66,"column":26},"end":{"line":66,"column":28}},"24":{"start":{"line":67,"column":16},"end":{"line":67,"column":51}},"25":{"start":{"line":67,"column":42},"end":{"line":67,"column":51}},"26":{"start":{"line":69,"column":27},"end":{"line":69,"column":33}},"27":{"start":{"line":70,"column":27},"end":{"line":70,"column":33}},"28":{"start":{"line":71,"column":30},"end":{"line":71,"column":51}},"29":{"start":{"line":73,"column":16},"end":{"line":80,"column":17}},"30":{"start":{"line":74,"column":20},"end":{"line":79,"column":23}},"31":{"start":{"line":84,"column":8},"end":{"line":84,"column":25}},"32":{"start":{"line":89,"column":26},"end":{"line":89,"column":28}},"33":{"start":{"line":91,"column":27},"end":{"line":94,"column":9}},"34":{"start":{"line":96,"column":8},"end":{"line":109,"column":9}},"35":{"start":{"line":97,"column":23},"end":{"line":97,"column":33}},"36":{"start":{"line":98,"column":23},"end":{"line":98,"column":33}},"37":{"start":{"line":99,"column":26},"end":{"line":99,"column":47}},"38":{"start":{"line":101,"column":12},"end":{"line":108,"column":13}},"39":{"start":{"line":102,"column":16},"end":{"line":107,"column":19}},"40":{"start":{"line":111,"column":8},"end":{"line":111,"column":25}},"41":{"start":{"line":116,"column":26},"end":{"line":116,"column":28}},"42":{"start":{"line":118,"column":27},"end":{"line":121,"column":9}},"43":{"start":{"line":123,"column":8},"end":{"line":136,"column":9}},"44":{"start":{"line":124,"column":23},"end":{"line":124,"column":33}},"45":{"start":{"line":125,"column":23},"end":{"line":125,"column":33}},"46":{"start":{"line":126,"column":26},"end":{"line":126,"column":47}},"47":{"start":{"line":128,"column":12},"end":{"line":135,"column":13}},"48":{"start":{"line":129,"column":16},"end":{"line":134,"column":19}},"49":{"start":{"line":138,"column":8},"end":{"line":138,"column":25}},"50":{"start":{"line":144,"column":8},"end":{"line":144,"column":78}},"51":{"start":{"line":144,"column":65},"end":{"line":144,"column":78}},"52":{"start":{"line":147,"column":25},"end":{"line":147,"column":42}},"53":{"start":{"line":148,"column":26},"end":{"line":148,"column":44}},"54":{"start":{"line":149,"column":26},"end":{"line":149,"column":44}},"55":{"start":{"line":150,"column":29},"end":{"line":150,"column":50}},"56":{"start":{"line":151,"column":27},"end":{"line":151,"column":46}},"57":{"start":{"line":152,"column":29},"end":{"line":152,"column":50}},"58":{"start":{"line":155,"column":8},"end":{"line":155,"column":46}},"59":{"start":{"line":156,"column":8},"end":{"line":156,"column":48}},"60":{"start":{"line":157,"column":8},"end":{"line":157,"column":48}},"61":{"start":{"line":158,"column":8},"end":{"line":158,"column":54}},"62":{"start":{"line":159,"column":8},"end":{"line":159,"column":50}},"63":{"start":{"line":160,"column":8},"end":{"line":160,"column":54}},"64":{"start":{"line":163,"column":8},"end":{"line":163,"column":37}},"65":{"start":{"line":164,"column":8},"end":{"line":164,"column":39}},"66":{"start":{"line":165,"column":8},"end":{"line":165,"column":39}},"67":{"start":{"line":166,"column":8},"end":{"line":166,"column":45}},"68":{"start":{"line":167,"column":8},"end":{"line":167,"column":41}},"69":{"start":{"line":168,"column":8},"end":{"line":168,"column":45}},"70":{"start":{"line":170,"column":8},"end":{"line":170,"column":20}},"71":{"start":{"line":175,"column":8},"end":{"line":175,"column":39}},"72":{"start":{"line":175,"column":26},"end":{"line":175,"column":39}},"73":{"start":{"line":177,"column":8},"end":{"line":177,"column":41}},"74":{"start":{"line":178,"column":8},"end":{"line":178,"column":47}},"75":{"start":{"line":179,"column":8},"end":{"line":179,"column":30}},"76":{"start":{"line":180,"column":8},"end":{"line":180,"column":33}},"77":{"start":{"line":181,"column":8},"end":{"line":181,"column":31}},"78":{"start":{"line":182,"column":8},"end":{"line":182,"column":33}},"79":{"start":{"line":184,"column":8},"end":{"line":184,"column":20}},"80":{"start":{"line":189,"column":8},"end":{"line":189,"column":39}},"81":{"start":{"line":189,"column":26},"end":{"line":189,"column":39}},"82":{"start":{"line":190,"column":8},"end":{"line":190,"column":41}},"83":{"start":{"line":195,"column":8},"end":{"line":195,"column":39}},"84":{"start":{"line":195,"column":26},"end":{"line":195,"column":39}},"85":{"start":{"line":196,"column":8},"end":{"line":196,"column":43}},"86":{"start":{"line":201,"column":24},"end":{"line":201,"column":26}},"87":{"start":{"line":203,"column":8},"end":{"line":207,"column":9}},"88":{"start":{"line":203,"column":21},"end":{"line":203,"column":22}},"89":{"start":{"line":204,"column":12},"end":{"line":206,"column":13}},"90":{"start":{"line":205,"column":16},"end":{"line":205,"column":32}},"91":{"start":{"line":209,"column":8},"end":{"line":209,"column":23}},"92":{"start":{"line":214,"column":20},"end":{"line":214,"column":21}},"93":{"start":{"line":216,"column":8},"end":{"line":220,"column":9}},"94":{"start":{"line":216,"column":21},"end":{"line":216,"column":22}},"95":{"start":{"line":217,"column":12},"end":{"line":219,"column":13}},"96":{"start":{"line":218,"column":16},"end":{"line":218,"column":24}},"97":{"start":{"line":222,"column":8},"end":{"line":222,"column":21}},"98":{"start":{"line":227,"column":0},"end":{"line":229,"column":1}},"99":{"start":{"line":228,"column":4},"end":{"line":228,"column":36}},"100":{"start":{"line":232,"column":0},"end":{"line":234,"column":1}},"101":{"start":{"line":233,"column":4},"end":{"line":233,"column":36}}},"fnMap":{"0":{"name":"(anonymous_0)","decl":{"start":{"line":25,"column":10},"end":{"line":25,"column":11}},"loc":{"start":{"line":25,"column":21},"end":{"line":41,"column":5}},"line":25},"1":{"name":"(anonymous_1)","decl":{"start":{"line":44,"column":14},"end":{"line":44,"column":15}},"loc":{"start":{"line":44,"column":29},"end":{"line":49,"column":5}},"line":44},"2":{"name":"(anonymous_2)","decl":{"start":{"line":52,"column":15},"end":{"line":52,"column":16}},"loc":{"start":{"line":52,"column":31},"end":{"line":59,"column":5}},"line":52},"3":{"name":"(anonymous_3)","decl":{"start":{"line":62,"column":24},"end":{"line":62,"column":25}},"loc":{"start":{"line":62,"column":39},"end":{"line":85,"column":5}},"line":62},"4":{"name":"(anonymous_4)","decl":{"start":{"line":88,"column":26},"end":{"line":88,"column":27}},"loc":{"start":{"line":88,"column":41},"end":{"line":112,"column":5}},"line":88},"5":{"name":"(anonymous_5)","decl":{"start":{"line":115,"column":28},"end":{"line":115,"column":29}},"loc":{"start":{"line":115,"column":43},"end":{"line":139,"column":5}},"line":115},"6":{"name":"(anonymous_6)","decl":{"start":{"line":142,"column":16},"end":{"line":142,"column":17}},"loc":{"start":{"line":142,"column":41},"end":{"line":171,"column":5}},"line":142},"7":{"name":"(anonymous_7)","decl":{"start":{"line":174,"column":16},"end":{"line":174,"column":17}},"loc":{"start":{"line":174,"column":32},"end":{"line":185,"column":5}},"line":174},"8":{"name":"(anonymous_8)","decl":{"start":{"line":188,"column":12},"end":{"line":188,"column":13}},"loc":{"start":{"line":188,"column":34},"end":{"line":191,"column":5}},"line":188},"9":{"name":"(anonymous_9)","decl":{"start":{"line":194,"column":13},"end":{"line":194,"column":14}},"loc":{"start":{"line":194,"column":36},"end":{"line":197,"column":5}},"line":194},"10":{"name":"(anonymous_10)","decl":{"start":{"line":200,"column":22},"end":{"line":200,"column":23}},"loc":{"start":{"line":200,"column":37},"end":{"line":210,"column":5}},"line":200},"11":{"name":"(anonymous_11)","decl":{"start":{"line":213,"column":23},"end":{"line":213,"column":24}},"loc":{"start":{"line":213,"column":38},"end":{"line":223,"column":5}},"line":213}},"branchMap":{"0":{"loc":{"start":{"line":45,"column":8},"end":{"line":47,"column":9}},"type":"if","locations":[{"start":{"line":45,"column":8},"end":{"line":47,"column":9}},{"start":{},"end":{}}],"line":45},"1":{"loc":{"start":{"line":45,"column":12},"end":{"line":45,"column":65}},"type":"binary-expr","locations":[{"start":{"line":45,"column":12},"end":{"line":45,"column":17}},{"start":{"line":45,"column":21},"end":{"line":45,"column":36}},{"start":{"line":45,"column":40},"end":{"line":45,"column":45}},{"start":{"line":45,"column":49},"end":{"line":45,"column":65}}],"line":45},"2":{"loc":{"start":{"line":53,"column":8},"end":{"line":55,"column":9}},"type":"if","locations":[{"start":{"line":53,"column":8},"end":{"line":55,"column":9}},{"start":{},"end":{}}],"line":53},"3":{"loc":{"start":{"line":53,"column":12},"end":{"line":53,"column":43}},"type":"binary-expr","locations":[{"start":{"line":53,"column":12},"end":{"line":53,"column":21}},{"start":{"line":53,"column":25},"end":{"line":53,"column":43}}],"line":53},"4":{"loc":{"start":{"line":67,"column":16},"end":{"line":67,"column":51}},"type":"if","locations":[{"start":{"line":67,"column":16},"end":{"line":67,"column":51}},{"start":{},"end":{}}],"line":67},"5":{"loc":{"start":{"line":67,"column":20},"end":{"line":67,"column":40}},"type":"binary-expr","locations":[{"start":{"line":67,"column":20},"end":{"line":67,"column":28}},{"start":{"line":67,"column":32},"end":{"line":67,"column":40}}],"line":67},"6":{"loc":{"start":{"line":73,"column":16},"end":{"line":80,"column":17}},"type":"if","locations":[{"start":{"line":73,"column":16},"end":{"line":80,"column":17}},{"start":{},"end":{}}],"line":73},"7":{"loc":{"start":{"line":78,"column":34},"end":{"line":78,"column":54}},"type":"binary-expr","locations":[{"start":{"line":78,"column":34},"end":{"line":78,"column":42}},{"start":{"line":78,"column":46},"end":{"line":78,"column":54}}],"line":78},"8":{"loc":{"start":{"line":101,"column":12},"end":{"line":108,"column":13}},"type":"if","locations":[{"start":{"line":101,"column":12},"end":{"line":108,"column":13}},{"start":{},"end":{}}],"line":101},"9":{"loc":{"start":{"line":106,"column":31},"end":{"line":106,"column":57}},"type":"cond-expr","locations":[{"start":{"line":106,"column":44},"end":{"line":106,"column":48}},{"start":{"line":106,"column":51},"end":{"line":106,"column":57}}],"line":106},"10":{"loc":{"start":{"line":128,"column":12},"end":{"line":135,"column":13}},"type":"if","locations":[{"start":{"line":128,"column":12},"end":{"line":135,"column":13}},{"start":{},"end":{}}],"line":128},"11":{"loc":{"start":{"line":133,"column":31},"end":{"line":133,"column":60}},"type":"cond-expr","locations":[{"start":{"line":133,"column":44},"end":{"line":133,"column":50}},{"start":{"line":133,"column":53},"end":{"line":133,"column":60}}],"line":133},"12":{"loc":{"start":{"line":144,"column":8},"end":{"line":144,"column":78}},"type":"if","locations":[{"start":{"line":144,"column":8},"end":{"line":144,"column":78}},{"start":{},"end":{}}],"line":144},"13":{"loc":{"start":{"line":144,"column":12},"end":{"line":144,"column":63}},"type":"binary-expr","locations":[{"start":{"line":144,"column":12},"end":{"line":144,"column":25}},{"start":{"line":144,"column":29},"end":{"line":144,"column":42}},{"start":{"line":144,"column":46},"end":{"line":144,"column":63}}],"line":144},"14":{"loc":{"start":{"line":175,"column":8},"end":{"line":175,"column":39}},"type":"if","locations":[{"start":{"line":175,"column":8},"end":{"line":175,"column":39}},{"start":{},"end":{}}],"line":175},"15":{"loc":{"start":{"line":189,"column":8},"end":{"line":189,"column":39}},"type":"if","locations":[{"start":{"line":189,"column":8},"end":{"line":189,"column":39}},{"start":{},"end":{}}],"line":189},"16":{"loc":{"start":{"line":195,"column":8},"end":{"line":195,"column":39}},"type":"if","locations":[{"start":{"line":195,"column":8},"end":{"line":195,"column":39}},{"start":{},"end":{}}],"line":195},"17":{"loc":{"start":{"line":204,"column":12},"end":{"line":206,"column":13}},"type":"if","locations":[{"start":{"line":204,"column":12},"end":{"line":206,"column":13}},{"start":{},"end":{}}],"line":204},"18":{"loc":{"start":{"line":217,"column":12},"end":{"line":219,"column":13}},"type":"if","locations":[{"start":{"line":217,"column":12},"end":{"line":219,"column":13}},{"start":{},"end":{}}],"line":217},"19":{"loc":{"start":{"line":227,"column":0},"end":{"line":229,"column":1}},"type":"if","locations":[{"start":{"line":227,"column":0},"end":{"line":229,"column":1}},{"start":{},"end":{}}],"line":227},"20":{"loc":{"start":{"line":227,"column":4},"end":{"line":227,"column":51}},"type":"binary-expr","locations":[{"start":{"line":227,"column":4},"end":{"line":227,"column":33}},{"start":{"line":227,"column":37},"end":{"line":227,"column":51}}],"line":227},"21":{"loc":{"start":{"line":232,"column":0},"end":{"line":234,"column":1}},"type":"if","locations":[{"start":{"line":232,"column":0},"end":{"line":234,"column":1}},{"start":{},"end":{}}],"line":232},"22":{"loc":{"start":{"line":232,"column":4},"end":{"line":232,"column":51}},"type":"binary-expr","locations":[{"start":{"line":232,"column":4},"end":{"line":232,"column":33}},{"start":{"line":232,"column":37},"end":{"line":232,"column":51}}],"line":232}},"s":{"0":8,"1":8,"2":8,"3":8,"4":8,"5":8,"6":8,"7":8,"8":8,"9":8,"10":8,"11":44,"12":12,"13":32,"14":5,"15":2,"16":3,"17":3,"18":3,"19":3,"20":3,"21":3,"22":9,"23":9,"24":27,"25":3,"26":24,"27":24,"28":24,"29":24,"30":16,"31":3,"32":0,"33":0,"34":0,"35":0,"36":0,"37":0,"38":0,"39":0,"40":0,"41":0,"42":0,"43":0,"44":0,"45":0,"46":0,"47":0,"48":0,"49":0,"50":1,"51":0,"52":1,"53":1,"54":1,"55":1,"56":1,"57":1,"58":1,"59":1,"60":1,"61":1,"62":1,"63":1,"64":1,"65":1,"66":1,"67":1,"68":1,"69":1,"70":1,"71":1,"72":0,"73":1,"74":1,"75":1,"76":1,"77":1,"78":1,"79":1,"80":0,"81":0,"82":0,"83":0,"84":0,"85":0,"86":1,"87":1,"88":1,"89":100,"90":3,"91":1,"92":1,"93":1,"94":1,"95":100,"96":4,"97":1,"98":8,"99":8,"100":8,"101":8},"f":{"0":8,"1":44,"2":5,"3":3,"4":0,"5":0,"6":1,"7":1,"8":0,"9":0,"10":1,"11":1},"b":{"0":[12,32],"1":[44,37,36,33],"2":[2,3],"3":[5,4],"4":[3,24],"5":[27,9],"6":[16,8],"7":[16,11],"8":[0,0],"9":[0,0],"10":[0,0],"11":[0,0],"12":[0,1],"13":[1,1,1],"14":[0,1],"15":[0,0],"16":[0,0],"17":[3,97],"18":[4,96],"19":[8,0],"20":[8,8],"21":[8,0],"22":[8,8]},"inputSourceMap":null,"_coverageSchema":"1a1c01bbd47fc00a2c39e90264f33305004495a9","hash":"89c9da6a59027e39b21f97aa967a47a6a4f781bd"}
,"/home/ahundredeggs/ecosim/js/biology/plant/plant-flower-system.js": {"path":"/home/ahundredeggs/ecosim/js/biology/plant/plant-flower-system.js","statementMap":{"0":{"start":{"line":4,"column":26},"end":{"line":239,"column":1}},"1":{"start":{"line":65,"column":8},"end":{"line":65,"column":33}},"2":{"start":{"line":66,"column":8},"end":{"line":66,"column":35}},"3":{"start":{"line":67,"column":8},"end":{"line":67,"column":20}},"4":{"start":{"line":73,"column":31},"end":{"line":73,"column":63}},"5":{"start":{"line":76,"column":8},"end":{"line":119,"column":9}},"6":{"start":{"line":78,"column":12},"end":{"line":118,"column":13}},"7":{"start":{"line":80,"column":40},"end":{"line":80,"column":82}},"8":{"start":{"line":81,"column":16},"end":{"line":85,"column":18}},"9":{"start":{"line":90,"column":34},"end":{"line":90,"column":74}},"10":{"start":{"line":91,"column":41},"end":{"line":91,"column":45}},"11":{"start":{"line":93,"column":16},"end":{"line":100,"column":17}},"12":{"start":{"line":94,"column":20},"end":{"line":99,"column":21}},"13":{"start":{"line":97,"column":24},"end":{"line":97,"column":83}},"14":{"start":{"line":98,"column":24},"end":{"line":98,"column":30}},"15":{"start":{"line":103,"column":16},"end":{"line":117,"column":17}},"16":{"start":{"line":104,"column":44},"end":{"line":104,"column":86}},"17":{"start":{"line":105,"column":20},"end":{"line":109,"column":22}},"18":{"start":{"line":112,"column":20},"end":{"line":116,"column":22}},"19":{"start":{"line":122,"column":8},"end":{"line":144,"column":9}},"20":{"start":{"line":124,"column":31},"end":{"line":124,"column":93}},"21":{"start":{"line":125,"column":36},"end":{"line":125,"column":71}},"22":{"start":{"line":128,"column":12},"end":{"line":137,"column":13}},"23":{"start":{"line":129,"column":16},"end":{"line":129,"column":63}},"24":{"start":{"line":133,"column":40},"end":{"line":133,"column":85}},"25":{"start":{"line":134,"column":16},"end":{"line":136,"column":17}},"26":{"start":{"line":135,"column":20},"end":{"line":135,"column":67}},"27":{"start":{"line":141,"column":12},"end":{"line":143,"column":13}},"28":{"start":{"line":142,"column":16},"end":{"line":142,"column":51}},"29":{"start":{"line":148,"column":8},"end":{"line":151,"column":9}},"30":{"start":{"line":149,"column":12},"end":{"line":149,"column":93}},"31":{"start":{"line":150,"column":12},"end":{"line":150,"column":91}},"32":{"start":{"line":155,"column":8},"end":{"line":159,"column":9}},"33":{"start":{"line":156,"column":30},"end":{"line":156,"column":68}},"34":{"start":{"line":157,"column":29},"end":{"line":157,"column":66}},"35":{"start":{"line":158,"column":12},"end":{"line":158,"column":74}},"36":{"start":{"line":162,"column":8},"end":{"line":162,"column":36}},"37":{"start":{"line":168,"column":26},"end":{"line":168,"column":66}},"38":{"start":{"line":171,"column":24},"end":{"line":171,"column":25}},"39":{"start":{"line":172,"column":26},"end":{"line":172,"column":27}},"40":{"start":{"line":174,"column":8},"end":{"line":182,"column":9}},"41":{"start":{"line":175,"column":12},"end":{"line":181,"column":13}},"42":{"start":{"line":176,"column":16},"end":{"line":180,"column":17}},"43":{"start":{"line":177,"column":20},"end":{"line":177,"column":32}},"44":{"start":{"line":178,"column":23},"end":{"line":180,"column":17}},"45":{"start":{"line":179,"column":20},"end":{"line":179,"column":34}},"46":{"start":{"line":186,"column":8},"end":{"line":186,"column":29}},"47":{"start":{"line":192,"column":26},"end":{"line":192,"column":66}},"48":{"start":{"line":193,"column":29},"end":{"line":193,"column":105}},"49":{"start":{"line":193,"column":51},"end":{"line":193,"column":104}},"50":{"start":{"line":195,"column":8},"end":{"line":237,"column":9}},"51":{"start":{"line":197,"column":29},"end":{"line":197,"column":90}},"52":{"start":{"line":200,"column":12},"end":{"line":200,"column":72}},"53":{"start":{"line":203,"column":12},"end":{"line":203,"column":57}},"54":{"start":{"line":204,"column":12},"end":{"line":204,"column":48}},"55":{"start":{"line":207,"column":12},"end":{"line":211,"column":13}},"56":{"start":{"line":208,"column":34},"end":{"line":208,"column":72}},"57":{"start":{"line":209,"column":33},"end":{"line":209,"column":70}},"58":{"start":{"line":210,"column":16},"end":{"line":210,"column":87}},"59":{"start":{"line":213,"column":12},"end":{"line":213,"column":49}},"60":{"start":{"line":216,"column":12},"end":{"line":236,"column":13}},"61":{"start":{"line":218,"column":43},"end":{"line":218,"column":95}},"62":{"start":{"line":218,"column":68},"end":{"line":218,"column":94}},"63":{"start":{"line":219,"column":16},"end":{"line":235,"column":17}},"64":{"start":{"line":220,"column":43},"end":{"line":220,"column":116}},"65":{"start":{"line":223,"column":20},"end":{"line":223,"column":86}},"66":{"start":{"line":224,"column":20},"end":{"line":224,"column":71}},"67":{"start":{"line":225,"column":20},"end":{"line":225,"column":56}},"68":{"start":{"line":228,"column":20},"end":{"line":232,"column":21}},"69":{"start":{"line":229,"column":42},"end":{"line":229,"column":80}},"70":{"start":{"line":230,"column":41},"end":{"line":230,"column":78}},"71":{"start":{"line":231,"column":24},"end":{"line":231,"column":101}},"72":{"start":{"line":234,"column":20},"end":{"line":234,"column":63}}},"fnMap":{"0":{"name":"(anonymous_0)","decl":{"start":{"line":64,"column":10},"end":{"line":64,"column":11}},"loc":{"start":{"line":64,"column":32},"end":{"line":68,"column":5}},"line":64},"1":{"name":"(anonymous_1)","decl":{"start":{"line":71,"column":18},"end":{"line":71,"column":19}},"loc":{"start":{"line":71,"column":58},"end":{"line":163,"column":5}},"line":71},"2":{"name":"(anonymous_2)","decl":{"start":{"line":166,"column":20},"end":{"line":166,"column":21}},"loc":{"start":{"line":166,"column":42},"end":{"line":187,"column":5}},"line":166},"3":{"name":"(anonymous_3)","decl":{"start":{"line":190,"column":16},"end":{"line":190,"column":17}},"loc":{"start":{"line":190,"column":56},"end":{"line":238,"column":5}},"line":190},"4":{"name":"(anonymous_4)","decl":{"start":{"line":193,"column":46},"end":{"line":193,"column":47}},"loc":{"start":{"line":193,"column":51},"end":{"line":193,"column":104}},"line":193},"5":{"name":"(anonymous_5)","decl":{"start":{"line":218,"column":63},"end":{"line":218,"column":64}},"loc":{"start":{"line":218,"column":68},"end":{"line":218,"column":94}},"line":218}},"branchMap":{"0":{"loc":{"start":{"line":76,"column":8},"end":{"line":119,"column":9}},"type":"if","locations":[{"start":{"line":76,"column":8},"end":{"line":119,"column":9}},{"start":{},"end":{}}],"line":76},"1":{"loc":{"start":{"line":78,"column":12},"end":{"line":118,"column":13}},"type":"if","locations":[{"start":{"line":78,"column":12},"end":{"line":118,"column":13}},{"start":{"line":88,"column":17},"end":{"line":118,"column":13}}],"line":78},"2":{"loc":{"start":{"line":94,"column":20},"end":{"line":99,"column":21}},"type":"if","locations":[{"start":{"line":94,"column":20},"end":{"line":99,"column":21}},{"start":{},"end":{}}],"line":94},"3":{"loc":{"start":{"line":94,"column":24},"end":{"line":96,"column":61}},"type":"binary-expr","locations":[{"start":{"line":94,"column":24},"end":{"line":94,"column":86}},{"start":{"line":95,"column":24},"end":{"line":95,"column":89}},{"start":{"line":96,"column":24},"end":{"line":96,"column":61}}],"line":94},"4":{"loc":{"start":{"line":103,"column":16},"end":{"line":117,"column":17}},"type":"if","locations":[{"start":{"line":103,"column":16},"end":{"line":117,"column":17}},{"start":{"line":110,"column":23},"end":{"line":117,"column":17}}],"line":103},"5":{"loc":{"start":{"line":122,"column":8},"end":{"line":144,"column":9}},"type":"if","locations":[{"start":{"line":122,"column":8},"end":{"line":144,"column":9}},{"start":{"line":138,"column":15},"end":{"line":144,"column":9}}],"line":122},"6":{"loc":{"start":{"line":124,"column":48},"end":{"line":124,"column":92}},"type":"binary-expr","locations":[{"start":{"line":124,"column":48},"end":{"line":124,"column":87}},{"start":{"line":124,"column":91},"end":{"line":124,"column":92}}],"line":124},"7":{"loc":{"start":{"line":125,"column":36},"end":{"line":125,"column":71}},"type":"binary-expr","locations":[{"start":{"line":125,"column":36},"end":{"line":125,"column":63}},{"start":{"line":125,"column":67},"end":{"line":125,"column":71}}],"line":125},"8":{"loc":{"start":{"line":128,"column":12},"end":{"line":137,"column":13}},"type":"if","locations":[{"start":{"line":128,"column":12},"end":{"line":137,"column":13}},{"start":{},"end":{}}],"line":128},"9":{"loc":{"start":{"line":128,"column":16},"end":{"line":128,"column":119}},"type":"binary-expr","locations":[{"start":{"line":128,"column":16},"end":{"line":128,"column":50}},{"start":{"line":128,"column":54},"end":{"line":128,"column":119}}],"line":128},"10":{"loc":{"start":{"line":133,"column":40},"end":{"line":133,"column":85}},"type":"cond-expr","locations":[{"start":{"line":133,"column":76},"end":{"line":133,"column":79}},{"start":{"line":133,"column":82},"end":{"line":133,"column":85}}],"line":133},"11":{"loc":{"start":{"line":134,"column":16},"end":{"line":136,"column":17}},"type":"if","locations":[{"start":{"line":134,"column":16},"end":{"line":136,"column":17}},{"start":{},"end":{}}],"line":134},"12":{"loc":{"start":{"line":141,"column":12},"end":{"line":143,"column":13}},"type":"if","locations":[{"start":{"line":141,"column":12},"end":{"line":143,"column":13}},{"start":{},"end":{}}],"line":141},"13":{"loc":{"start":{"line":148,"column":8},"end":{"line":151,"column":9}},"type":"if","locations":[{"start":{"line":148,"column":8},"end":{"line":151,"column":9}},{"start":{},"end":{}}],"line":148},"14":{"loc":{"start":{"line":155,"column":8},"end":{"line":159,"column":9}},"type":"if","locations":[{"start":{"line":155,"column":8},"end":{"line":159,"column":9}},{"start":{},"end":{}}],"line":155},"15":{"loc":{"start":{"line":175,"column":12},"end":{"line":181,"column":13}},"type":"if","locations":[{"start":{"line":175,"column":12},"end":{"line":181,"column":13}},{"start":{},"end":{}}],"line":175},"16":{"loc":{"start":{"line":176,"column":16},"end":{"line":180,"column":17}},"type":"if","locations":[{"start":{"line":176,"column":16},"end":{"line":180,"column":17}},{"start":{"line":178,"column":23},"end":{"line":180,"column":17}}],"line":176},"17":{"loc":{"start":{"line":178,"column":23},"end":{"line":180,"column":17}},"type":"if","locations":[{"start":{"line":178,"column":23},"end":{"line":180,"column":17}},{"start":{},"end":{}}],"line":178},"18":{"loc":{"start":{"line":195,"column":8},"end":{"line":237,"column":9}},"type":"if","locations":[{"start":{"line":195,"column":8},"end":{"line":237,"column":9}},{"start":{},"end":{}}],"line":195},"19":{"loc":{"start":{"line":207,"column":12},"end":{"line":211,"column":13}},"type":"if","locations":[{"start":{"line":207,"column":12},"end":{"line":211,"column":13}},{"start":{},"end":{}}],"line":207},"20":{"loc":{"start":{"line":216,"column":12},"end":{"line":236,"column":13}},"type":"if","locations":[{"start":{"line":216,"column":12},"end":{"line":236,"column":13}},{"start":{},"end":{}}],"line":216},"21":{"loc":{"start":{"line":216,"column":16},"end":{"line":216,"column":62}},"type":"binary-expr","locations":[{"start":{"line":216,"column":16},"end":{"line":216,"column":39}},{"start":{"line":216,"column":43},"end":{"line":216,"column":62}}],"line":216},"22":{"loc":{"start":{"line":219,"column":16},"end":{"line":235,"column":17}},"type":"if","locations":[{"start":{"line":219,"column":16},"end":{"line":235,"column":17}},{"start":{},"end":{}}],"line":219},"23":{"loc":{"start":{"line":228,"column":20},"end":{"line":232,"column":21}},"type":"if","locations":[{"start":{"line":228,"column":20},"end":{"line":232,"column":21}},{"start":{},"end":{}}],"line":228}},"s":{"0":6,"1":0,"2":0,"3":0,"4":0,"5":0,"6":0,"7":0,"8":0,"9":0,"10":0,"11":0,"12":0,"13":0,"14":0,"15":0,"16":0,"17":0,"18":0,"19":0,"20":0,"21":0,"22":0,"23":0,"24":0,"25":0,"26":0,"27":0,"28":0,"29":0,"30":0,"31":0,"32":0,"33":0,"34":0,"35":0,"36":0,"37":0,"38":0,"39":0,"40":0,"41":0,"42":0,"43":0,"44":0,"45":0,"46":0,"47":0,"48":0,"49":0,"50":0,"51":0,"52":0,"53":0,"54":0,"55":0,"56":0,"57":0,"58":0,"59":0,"60":0,"61":0,"62":0,"63":0,"64":0,"65":0,"66":0,"67":0,"68":0,"69":0,"70":0,"71":0,"72":0},"f":{"0":0,"1":0,"2":0,"3":0,"4":0,"5":0},"b":{"0":[0,0],"1":[0,0],"2":[0,0],"3":[0,0,0],"4":[0,0],"5":[0,0],"6":[0,0],"7":[0,0],"8":[0,0],"9":[0,0],"10":[0,0],"11":[0,0],"12":[0,0],"13":[0,0],"14":[0,0],"15":[0,0],"16":[0,0],"17":[0,0],"18":[0,0],"19":[0,0],"20":[0,0],"21":[0,0],"22":[0,0],"23":[0,0]},"inputSourceMap":null,"_coverageSchema":"1a1c01bbd47fc00a2c39e90264f33305004495a9","hash":"a8112c8c1d11833fe32677c7f9377df65059d662"}
,"/home/ahundredeggs/ecosim/js/biology/plant/plant-leaf-system.js": {"path":"/home/ahundredeggs/ecosim/js/biology/plant/plant-leaf-system.js","statementMap":{"0":{"start":{"line":4,"column":24},"end":{"line":127,"column":1}},"1":{"start":{"line":10,"column":8},"end":{"line":10,"column":33}},"2":{"start":{"line":11,"column":8},"end":{"line":11,"column":20}},"3":{"start":{"line":17,"column":33},"end":{"line":17,"column":66}},"4":{"start":{"line":21,"column":8},"end":{"line":49,"column":9}},"5":{"start":{"line":23,"column":37},"end":{"line":23,"column":41}},"6":{"start":{"line":27,"column":12},"end":{"line":29,"column":13}},"7":{"start":{"line":28,"column":16},"end":{"line":28,"column":74}},"8":{"start":{"line":32,"column":12},"end":{"line":32,"column":96}},"9":{"start":{"line":35,"column":12},"end":{"line":37,"column":13}},"10":{"start":{"line":36,"column":16},"end":{"line":36,"column":51}},"11":{"start":{"line":40,"column":12},"end":{"line":42,"column":13}},"12":{"start":{"line":41,"column":16},"end":{"line":41,"column":52}},"13":{"start":{"line":45,"column":12},"end":{"line":48,"column":13}},"14":{"start":{"line":47,"column":16},"end":{"line":47,"column":52}},"15":{"start":{"line":52,"column":8},"end":{"line":55,"column":9}},"16":{"start":{"line":54,"column":12},"end":{"line":54,"column":46}},"17":{"start":{"line":58,"column":8},"end":{"line":58,"column":69}},"18":{"start":{"line":61,"column":8},"end":{"line":61,"column":36}},"19":{"start":{"line":67,"column":30},"end":{"line":67,"column":93}},"20":{"start":{"line":70,"column":8},"end":{"line":125,"column":9}},"21":{"start":{"line":72,"column":30},"end":{"line":72,"column":70}},"22":{"start":{"line":75,"column":34},"end":{"line":75,"column":36}},"23":{"start":{"line":76,"column":35},"end":{"line":76,"column":37}},"24":{"start":{"line":78,"column":12},"end":{"line":86,"column":13}},"25":{"start":{"line":79,"column":16},"end":{"line":85,"column":17}},"26":{"start":{"line":80,"column":20},"end":{"line":84,"column":21}},"27":{"start":{"line":81,"column":24},"end":{"line":81,"column":53}},"28":{"start":{"line":83,"column":24},"end":{"line":83,"column":54}},"29":{"start":{"line":89,"column":33},"end":{"line":89,"column":38}},"30":{"start":{"line":90,"column":12},"end":{"line":109,"column":13}},"31":{"start":{"line":92,"column":16},"end":{"line":108,"column":17}},"32":{"start":{"line":94,"column":43},"end":{"line":94,"column":141}},"33":{"start":{"line":95,"column":20},"end":{"line":95,"column":73}},"34":{"start":{"line":96,"column":20},"end":{"line":96,"column":68}},"35":{"start":{"line":99,"column":20},"end":{"line":103,"column":21}},"36":{"start":{"line":100,"column":46},"end":{"line":100,"column":93}},"37":{"start":{"line":101,"column":24},"end":{"line":101,"column":75}},"38":{"start":{"line":102,"column":24},"end":{"line":102,"column":70}},"39":{"start":{"line":105,"column":20},"end":{"line":105,"column":53}},"40":{"start":{"line":106,"column":20},"end":{"line":106,"column":42}},"41":{"start":{"line":107,"column":20},"end":{"line":107,"column":26}},"42":{"start":{"line":112,"column":12},"end":{"line":124,"column":13}},"43":{"start":{"line":113,"column":33},"end":{"line":113,"column":98}},"44":{"start":{"line":116,"column":16},"end":{"line":123,"column":17}},"45":{"start":{"line":118,"column":43},"end":{"line":118,"column":145}},"46":{"start":{"line":119,"column":20},"end":{"line":119,"column":77}},"47":{"start":{"line":120,"column":20},"end":{"line":120,"column":68}},"48":{"start":{"line":122,"column":20},"end":{"line":122,"column":57}}},"fnMap":{"0":{"name":"(anonymous_0)","decl":{"start":{"line":9,"column":10},"end":{"line":9,"column":11}},"loc":{"start":{"line":9,"column":32},"end":{"line":12,"column":5}},"line":9},"1":{"name":"(anonymous_1)","decl":{"start":{"line":15,"column":16},"end":{"line":15,"column":17}},"loc":{"start":{"line":15,"column":56},"end":{"line":62,"column":5}},"line":15},"2":{"name":"(anonymous_2)","decl":{"start":{"line":65,"column":30},"end":{"line":65,"column":31}},"loc":{"start":{"line":65,"column":70},"end":{"line":126,"column":5}},"line":65}},"branchMap":{"0":{"loc":{"start":{"line":21,"column":8},"end":{"line":49,"column":9}},"type":"if","locations":[{"start":{"line":21,"column":8},"end":{"line":49,"column":9}},{"start":{},"end":{}}],"line":21},"1":{"loc":{"start":{"line":27,"column":12},"end":{"line":29,"column":13}},"type":"if","locations":[{"start":{"line":27,"column":12},"end":{"line":29,"column":13}},{"start":{},"end":{}}],"line":27},"2":{"loc":{"start":{"line":35,"column":12},"end":{"line":37,"column":13}},"type":"if","locations":[{"start":{"line":35,"column":12},"end":{"line":37,"column":13}},{"start":{},"end":{}}],"line":35},"3":{"loc":{"start":{"line":40,"column":12},"end":{"line":42,"column":13}},"type":"if","locations":[{"start":{"line":40,"column":12},"end":{"line":42,"column":13}},{"start":{},"end":{}}],"line":40},"4":{"loc":{"start":{"line":45,"column":12},"end":{"line":48,"column":13}},"type":"if","locations":[{"start":{"line":45,"column":12},"end":{"line":48,"column":13}},{"start":{},"end":{}}],"line":45},"5":{"loc":{"start":{"line":52,"column":8},"end":{"line":55,"column":9}},"type":"if","locations":[{"start":{"line":52,"column":8},"end":{"line":55,"column":9}},{"start":{},"end":{}}],"line":52},"6":{"loc":{"start":{"line":52,"column":12},"end":{"line":52,"column":69}},"type":"binary-expr","locations":[{"start":{"line":52,"column":12},"end":{"line":52,"column":45}},{"start":{"line":52,"column":49},"end":{"line":52,"column":69}}],"line":52},"7":{"loc":{"start":{"line":70,"column":8},"end":{"line":125,"column":9}},"type":"if","locations":[{"start":{"line":70,"column":8},"end":{"line":125,"column":9}},{"start":{},"end":{}}],"line":70},"8":{"loc":{"start":{"line":70,"column":12},"end":{"line":70,"column":79}},"type":"binary-expr","locations":[{"start":{"line":70,"column":12},"end":{"line":70,"column":41}},{"start":{"line":70,"column":45},"end":{"line":70,"column":79}}],"line":70},"9":{"loc":{"start":{"line":79,"column":16},"end":{"line":85,"column":17}},"type":"if","locations":[{"start":{"line":79,"column":16},"end":{"line":85,"column":17}},{"start":{},"end":{}}],"line":79},"10":{"loc":{"start":{"line":80,"column":20},"end":{"line":84,"column":21}},"type":"if","locations":[{"start":{"line":80,"column":20},"end":{"line":84,"column":21}},{"start":{"line":82,"column":27},"end":{"line":84,"column":21}}],"line":80},"11":{"loc":{"start":{"line":92,"column":16},"end":{"line":108,"column":17}},"type":"if","locations":[{"start":{"line":92,"column":16},"end":{"line":108,"column":17}},{"start":{},"end":{}}],"line":92},"12":{"loc":{"start":{"line":99,"column":20},"end":{"line":103,"column":21}},"type":"if","locations":[{"start":{"line":99,"column":20},"end":{"line":103,"column":21}},{"start":{},"end":{}}],"line":99},"13":{"loc":{"start":{"line":99,"column":24},"end":{"line":99,"column":141}},"type":"binary-expr","locations":[{"start":{"line":99,"column":24},"end":{"line":99,"column":57}},{"start":{"line":99,"column":61},"end":{"line":99,"column":99}},{"start":{"line":99,"column":103},"end":{"line":99,"column":141}}],"line":99},"14":{"loc":{"start":{"line":112,"column":12},"end":{"line":124,"column":13}},"type":"if","locations":[{"start":{"line":112,"column":12},"end":{"line":124,"column":13}},{"start":{},"end":{}}],"line":112},"15":{"loc":{"start":{"line":112,"column":16},"end":{"line":112,"column":98}},"type":"binary-expr","locations":[{"start":{"line":112,"column":16},"end":{"line":112,"column":31}},{"start":{"line":112,"column":35},"end":{"line":112,"column":60}},{"start":{"line":112,"column":64},"end":{"line":112,"column":98}}],"line":112},"16":{"loc":{"start":{"line":116,"column":16},"end":{"line":123,"column":17}},"type":"if","locations":[{"start":{"line":116,"column":16},"end":{"line":123,"column":17}},{"start":{},"end":{}}],"line":116}},"s":{"0":6,"1":0,"2":0,"3":0,"4":0,"5":0,"6":0,"7":0,"8":0,"9":0,"10":0,"11":0,"12":0,"13":0,"14":0,"15":0,"16":0,"17":0,"18":0,"19":0,"20":0,"21":0,"22":0,"23":0,"24":0,"25":0,"26":0,"27":0,"28":0,"29":0,"30":0,"31":0,"32":0,"33":0,"34":0,"35":0,"36":0,"37":0,"38":0,"39":0,"40":0,"41":0,"42":0,"43":0,"44":0,"45":0,"46":0,"47":0,"48":0},"f":{"0":0,"1":0,"2":0},"b":{"0":[0,0],"1":[0,0],"2":[0,0],"3":[0,0],"4":[0,0],"5":[0,0],"6":[0,0],"7":[0,0],"8":[0,0],"9":[0,0],"10":[0,0],"11":[0,0],"12":[0,0],"13":[0,0,0],"14":[0,0],"15":[0,0,0],"16":[0,0]},"inputSourceMap":null,"_coverageSchema":"1a1c01bbd47fc00a2c39e90264f33305004495a9","hash":"3b2fb221125fd4e6c2bf45c7ffbfa6a44c5d7fdf"}
,"/home/ahundredeggs/ecosim/js/biology/plant/plant-root-system.js": {"path":"/home/ahundredeggs/ecosim/js/biology/plant/plant-root-system.js","statementMap":{"0":{"start":{"line":4,"column":24},"end":{"line":998,"column":1}},"1":{"start":{"line":33,"column":8},"end":{"line":33,"column":33}},"2":{"start":{"line":34,"column":8},"end":{"line":34,"column":20}},"3":{"start":{"line":40,"column":8},"end":{"line":40,"column":68}},"4":{"start":{"line":43,"column":8},"end":{"line":43,"column":59}},"5":{"start":{"line":46,"column":8},"end":{"line":46,"column":61}},"6":{"start":{"line":49,"column":8},"end":{"line":49,"column":36}},"7":{"start":{"line":55,"column":30},"end":{"line":55,"column":102}},"8":{"start":{"line":56,"column":30},"end":{"line":56,"column":86}},"9":{"start":{"line":59,"column":8},"end":{"line":64,"column":9}},"10":{"start":{"line":60,"column":12},"end":{"line":63,"column":14}},"11":{"start":{"line":67,"column":28},"end":{"line":67,"column":70}},"12":{"start":{"line":70,"column":8},"end":{"line":156,"column":9}},"13":{"start":{"line":75,"column":38},"end":{"line":83,"column":13}},"14":{"start":{"line":86,"column":31},"end":{"line":96,"column":14}},"15":{"start":{"line":87,"column":29},"end":{"line":87,"column":32}},"16":{"start":{"line":90,"column":16},"end":{"line":90,"column":46}},"17":{"start":{"line":90,"column":32},"end":{"line":90,"column":46}},"18":{"start":{"line":93,"column":16},"end":{"line":93,"column":56}},"19":{"start":{"line":93,"column":42},"end":{"line":93,"column":56}},"20":{"start":{"line":95,"column":16},"end":{"line":95,"column":39}},"21":{"start":{"line":99,"column":32},"end":{"line":99,"column":80}},"22":{"start":{"line":99,"column":62},"end":{"line":99,"column":76}},"23":{"start":{"line":102,"column":30},"end":{"line":102,"column":57}},"24":{"start":{"line":103,"column":36},"end":{"line":103,"column":40}},"25":{"start":{"line":105,"column":12},"end":{"line":111,"column":13}},"26":{"start":{"line":106,"column":16},"end":{"line":106,"column":46}},"27":{"start":{"line":107,"column":16},"end":{"line":110,"column":17}},"28":{"start":{"line":108,"column":20},"end":{"line":108,"column":52}},"29":{"start":{"line":109,"column":20},"end":{"line":109,"column":26}},"30":{"start":{"line":114,"column":12},"end":{"line":155,"column":13}},"31":{"start":{"line":115,"column":29},"end":{"line":115,"column":53}},"32":{"start":{"line":116,"column":29},"end":{"line":116,"column":53}},"33":{"start":{"line":117,"column":33},"end":{"line":117,"column":69}},"34":{"start":{"line":120,"column":16},"end":{"line":154,"column":17}},"35":{"start":{"line":125,"column":20},"end":{"line":125,"column":75}},"36":{"start":{"line":126,"column":20},"end":{"line":126,"column":76}},"37":{"start":{"line":129,"column":20},"end":{"line":129,"column":91}},"38":{"start":{"line":130,"column":20},"end":{"line":130,"column":57}},"39":{"start":{"line":133,"column":20},"end":{"line":133,"column":89}},"40":{"start":{"line":134,"column":20},"end":{"line":134,"column":57}},"41":{"start":{"line":137,"column":20},"end":{"line":139,"column":21}},"42":{"start":{"line":138,"column":24},"end":{"line":138,"column":89}},"43":{"start":{"line":142,"column":20},"end":{"line":142,"column":65}},"44":{"start":{"line":143,"column":20},"end":{"line":143,"column":77}},"45":{"start":{"line":146,"column":20},"end":{"line":151,"column":21}},"46":{"start":{"line":147,"column":24},"end":{"line":150,"column":26}},"47":{"start":{"line":153,"column":20},"end":{"line":153,"column":51}},"48":{"start":{"line":159,"column":8},"end":{"line":159,"column":59}},"49":{"start":{"line":164,"column":25},"end":{"line":164,"column":52}},"50":{"start":{"line":165,"column":8},"end":{"line":165,"column":30}},"51":{"start":{"line":165,"column":23},"end":{"line":165,"column":30}},"52":{"start":{"line":168,"column":8},"end":{"line":170,"column":9}},"53":{"start":{"line":169,"column":12},"end":{"line":169,"column":38}},"54":{"start":{"line":176,"column":27},"end":{"line":176,"column":61}},"55":{"start":{"line":177,"column":26},"end":{"line":177,"column":59}},"56":{"start":{"line":179,"column":8},"end":{"line":216,"column":9}},"57":{"start":{"line":181,"column":36},"end":{"line":181,"column":135}},"58":{"start":{"line":184,"column":33},"end":{"line":184,"column":91}},"59":{"start":{"line":185,"column":31},"end":{"line":185,"column":85}},"60":{"start":{"line":188,"column":12},"end":{"line":208,"column":13}},"61":{"start":{"line":190,"column":16},"end":{"line":190,"column":74}},"62":{"start":{"line":191,"column":16},"end":{"line":191,"column":74}},"63":{"start":{"line":192,"column":16},"end":{"line":192,"column":76}},"64":{"start":{"line":193,"column":16},"end":{"line":193,"column":75}},"65":{"start":{"line":199,"column":16},"end":{"line":199,"column":74}},"66":{"start":{"line":202,"column":16},"end":{"line":202,"column":74}},"67":{"start":{"line":203,"column":16},"end":{"line":203,"column":76}},"68":{"start":{"line":204,"column":16},"end":{"line":204,"column":75}},"69":{"start":{"line":207,"column":16},"end":{"line":207,"column":77}},"70":{"start":{"line":211,"column":12},"end":{"line":211,"column":68}},"71":{"start":{"line":215,"column":12},"end":{"line":215,"column":78}},"72":{"start":{"line":222,"column":8},"end":{"line":222,"column":56}},"73":{"start":{"line":222,"column":49},"end":{"line":222,"column":56}},"74":{"start":{"line":225,"column":35},"end":{"line":225,"column":67}},"75":{"start":{"line":228,"column":28},"end":{"line":228,"column":68}},"76":{"start":{"line":229,"column":33},"end":{"line":229,"column":48}},"77":{"start":{"line":230,"column":36},"end":{"line":231,"column":68}},"78":{"start":{"line":234,"column":27},"end":{"line":234,"column":61}},"79":{"start":{"line":235,"column":30},"end":{"line":235,"column":78}},"80":{"start":{"line":238,"column":24},"end":{"line":238,"column":62}},"81":{"start":{"line":242,"column":30},"end":{"line":242,"column":75}},"82":{"start":{"line":243,"column":29},"end":{"line":244,"column":72}},"83":{"start":{"line":245,"column":27},"end":{"line":245,"column":72}},"84":{"start":{"line":250,"column":34},"end":{"line":252,"column":41}},"85":{"start":{"line":255,"column":8},"end":{"line":259,"column":9}},"86":{"start":{"line":256,"column":12},"end":{"line":256,"column":40}},"87":{"start":{"line":258,"column":12},"end":{"line":258,"column":39}},"88":{"start":{"line":262,"column":34},"end":{"line":262,"column":94}},"89":{"start":{"line":263,"column":34},"end":{"line":265,"column":41}},"90":{"start":{"line":268,"column":8},"end":{"line":270,"column":9}},"91":{"start":{"line":269,"column":12},"end":{"line":269,"column":39}},"92":{"start":{"line":273,"column":36},"end":{"line":275,"column":41}},"93":{"start":{"line":278,"column":35},"end":{"line":280,"column":41}},"94":{"start":{"line":283,"column":28},"end":{"line":285,"column":66}},"95":{"start":{"line":288,"column":27},"end":{"line":288,"column":52}},"96":{"start":{"line":289,"column":8},"end":{"line":289,"column":42}},"97":{"start":{"line":290,"column":8},"end":{"line":290,"column":42}},"98":{"start":{"line":291,"column":8},"end":{"line":291,"column":44}},"99":{"start":{"line":292,"column":8},"end":{"line":292,"column":43}},"100":{"start":{"line":295,"column":8},"end":{"line":297,"column":9}},"101":{"start":{"line":296,"column":12},"end":{"line":296,"column":84}},"102":{"start":{"line":300,"column":8},"end":{"line":302,"column":9}},"103":{"start":{"line":301,"column":12},"end":{"line":301,"column":84}},"104":{"start":{"line":306,"column":8},"end":{"line":309,"column":9}},"105":{"start":{"line":308,"column":12},"end":{"line":308,"column":90}},"106":{"start":{"line":312,"column":8},"end":{"line":340,"column":9}},"107":{"start":{"line":314,"column":32},"end":{"line":314,"column":61}},"108":{"start":{"line":315,"column":23},"end":{"line":315,"column":63}},"109":{"start":{"line":316,"column":23},"end":{"line":316,"column":63}},"110":{"start":{"line":318,"column":25},"end":{"line":318,"column":31}},"111":{"start":{"line":319,"column":25},"end":{"line":319,"column":31}},"112":{"start":{"line":320,"column":29},"end":{"line":320,"column":65}},"113":{"start":{"line":323,"column":12},"end":{"line":339,"column":13}},"114":{"start":{"line":325,"column":16},"end":{"line":325,"column":71}},"115":{"start":{"line":326,"column":16},"end":{"line":326,"column":72}},"116":{"start":{"line":329,"column":16},"end":{"line":329,"column":87}},"117":{"start":{"line":330,"column":16},"end":{"line":330,"column":53}},"118":{"start":{"line":332,"column":16},"end":{"line":332,"column":85}},"119":{"start":{"line":333,"column":16},"end":{"line":333,"column":52}},"120":{"start":{"line":335,"column":16},"end":{"line":335,"column":91}},"121":{"start":{"line":336,"column":16},"end":{"line":336,"column":55}},"122":{"start":{"line":338,"column":16},"end":{"line":338,"column":47}},"123":{"start":{"line":344,"column":8},"end":{"line":346,"column":9}},"124":{"start":{"line":345,"column":12},"end":{"line":345,"column":69}},"125":{"start":{"line":352,"column":28},"end":{"line":365,"column":9}},"126":{"start":{"line":368,"column":8},"end":{"line":407,"column":9}},"127":{"start":{"line":368,"column":22},"end":{"line":368,"column":23}},"128":{"start":{"line":369,"column":12},"end":{"line":406,"column":13}},"129":{"start":{"line":369,"column":26},"end":{"line":369,"column":28}},"130":{"start":{"line":370,"column":27},"end":{"line":370,"column":33}},"131":{"start":{"line":371,"column":27},"end":{"line":371,"column":33}},"132":{"start":{"line":372,"column":35},"end":{"line":372,"column":67}},"133":{"start":{"line":374,"column":16},"end":{"line":374,"column":48}},"134":{"start":{"line":374,"column":39},"end":{"line":374,"column":48}},"135":{"start":{"line":377,"column":16},"end":{"line":405,"column":17}},"136":{"start":{"line":378,"column":39},"end":{"line":378,"column":72}},"137":{"start":{"line":379,"column":42},"end":{"line":379,"column":78}},"138":{"start":{"line":380,"column":40},"end":{"line":380,"column":78}},"139":{"start":{"line":383,"column":20},"end":{"line":398,"column":21}},"140":{"start":{"line":385,"column":24},"end":{"line":385,"column":85}},"141":{"start":{"line":386,"column":24},"end":{"line":386,"column":91}},"142":{"start":{"line":387,"column":24},"end":{"line":387,"column":92}},"143":{"start":{"line":388,"column":27},"end":{"line":398,"column":21}},"144":{"start":{"line":390,"column":24},"end":{"line":390,"column":86}},"145":{"start":{"line":391,"column":24},"end":{"line":391,"column":92}},"146":{"start":{"line":392,"column":24},"end":{"line":392,"column":93}},"147":{"start":{"line":395,"column":24},"end":{"line":395,"column":75}},"148":{"start":{"line":396,"column":24},"end":{"line":396,"column":81}},"149":{"start":{"line":397,"column":24},"end":{"line":397,"column":82}},"150":{"start":{"line":399,"column":23},"end":{"line":405,"column":17}},"151":{"start":{"line":402,"column":20},"end":{"line":404,"column":69}},"152":{"start":{"line":402,"column":32},"end":{"line":402,"column":64}},"153":{"start":{"line":403,"column":25},"end":{"line":404,"column":69}},"154":{"start":{"line":403,"column":37},"end":{"line":403,"column":70}},"155":{"start":{"line":404,"column":25},"end":{"line":404,"column":69}},"156":{"start":{"line":404,"column":37},"end":{"line":404,"column":69}},"157":{"start":{"line":409,"column":8},"end":{"line":409,"column":27}},"158":{"start":{"line":417,"column":17},"end":{"line":417,"column":18}},"159":{"start":{"line":418,"column":19},"end":{"line":418,"column":20}},"160":{"start":{"line":421,"column":28},"end":{"line":421,"column":68}},"161":{"start":{"line":422,"column":33},"end":{"line":422,"column":48}},"162":{"start":{"line":423,"column":25},"end":{"line":423,"column":55}},"163":{"start":{"line":424,"column":27},"end":{"line":424,"column":54}},"164":{"start":{"line":427,"column":25},"end":{"line":428,"column":79}},"165":{"start":{"line":429,"column":26},"end":{"line":430,"column":80}},"166":{"start":{"line":433,"column":29},"end":{"line":433,"column":54}},"167":{"start":{"line":434,"column":41},"end":{"line":434,"column":80}},"168":{"start":{"line":437,"column":31},"end":{"line":437,"column":95}},"169":{"start":{"line":440,"column":34},"end":{"line":440,"column":58}},"170":{"start":{"line":443,"column":8},"end":{"line":444,"column":62}},"171":{"start":{"line":443,"column":48},"end":{"line":443,"column":55}},"172":{"start":{"line":444,"column":13},"end":{"line":444,"column":62}},"173":{"start":{"line":444,"column":54},"end":{"line":444,"column":62}},"174":{"start":{"line":447,"column":8},"end":{"line":449,"column":9}},"175":{"start":{"line":448,"column":12},"end":{"line":448,"column":19}},"176":{"start":{"line":452,"column":21},"end":{"line":452,"column":27}},"177":{"start":{"line":453,"column":21},"end":{"line":453,"column":27}},"178":{"start":{"line":454,"column":25},"end":{"line":454,"column":61}},"179":{"start":{"line":457,"column":8},"end":{"line":479,"column":9}},"180":{"start":{"line":459,"column":12},"end":{"line":459,"column":67}},"181":{"start":{"line":460,"column":12},"end":{"line":460,"column":68}},"182":{"start":{"line":463,"column":12},"end":{"line":463,"column":83}},"183":{"start":{"line":464,"column":12},"end":{"line":464,"column":49}},"184":{"start":{"line":466,"column":12},"end":{"line":466,"column":81}},"185":{"start":{"line":467,"column":12},"end":{"line":467,"column":48}},"186":{"start":{"line":469,"column":12},"end":{"line":469,"column":87}},"187":{"start":{"line":470,"column":12},"end":{"line":470,"column":51}},"188":{"start":{"line":473,"column":12},"end":{"line":475,"column":13}},"189":{"start":{"line":474,"column":16},"end":{"line":474,"column":81}},"190":{"start":{"line":477,"column":12},"end":{"line":477,"column":43}},"191":{"start":{"line":478,"column":12},"end":{"line":478,"column":24}},"192":{"start":{"line":481,"column":8},"end":{"line":481,"column":21}},"193":{"start":{"line":490,"column":28},"end":{"line":490,"column":68}},"194":{"start":{"line":491,"column":33},"end":{"line":491,"column":48}},"195":{"start":{"line":492,"column":27},"end":{"line":492,"column":61}},"196":{"start":{"line":493,"column":30},"end":{"line":493,"column":78}},"197":{"start":{"line":496,"column":35},"end":{"line":496,"column":101}},"198":{"start":{"line":497,"column":38},"end":{"line":497,"column":107}},"199":{"start":{"line":499,"column":25},"end":{"line":501,"column":42}},"200":{"start":{"line":503,"column":26},"end":{"line":505,"column":43}},"201":{"start":{"line":509,"column":29},"end":{"line":510,"column":66}},"202":{"start":{"line":513,"column":25},"end":{"line":513,"column":27}},"203":{"start":{"line":516,"column":8},"end":{"line":518,"column":9}},"204":{"start":{"line":517,"column":12},"end":{"line":517,"column":80}},"205":{"start":{"line":520,"column":8},"end":{"line":522,"column":9}},"206":{"start":{"line":521,"column":12},"end":{"line":521,"column":80}},"207":{"start":{"line":525,"column":8},"end":{"line":525,"column":115}},"208":{"start":{"line":528,"column":8},"end":{"line":549,"column":9}},"209":{"start":{"line":530,"column":12},"end":{"line":532,"column":13}},"210":{"start":{"line":531,"column":16},"end":{"line":531,"column":75}},"211":{"start":{"line":535,"column":12},"end":{"line":537,"column":13}},"212":{"start":{"line":536,"column":16},"end":{"line":536,"column":75}},"213":{"start":{"line":540,"column":12},"end":{"line":548,"column":13}},"214":{"start":{"line":541,"column":16},"end":{"line":543,"column":17}},"215":{"start":{"line":542,"column":20},"end":{"line":542,"column":80}},"216":{"start":{"line":545,"column":16},"end":{"line":547,"column":17}},"217":{"start":{"line":546,"column":20},"end":{"line":546,"column":80}},"218":{"start":{"line":552,"column":8},"end":{"line":554,"column":9}},"219":{"start":{"line":553,"column":12},"end":{"line":553,"column":91}},"220":{"start":{"line":557,"column":26},"end":{"line":557,"column":27}},"221":{"start":{"line":558,"column":8},"end":{"line":560,"column":9}},"222":{"start":{"line":559,"column":12},"end":{"line":559,"column":38}},"223":{"start":{"line":563,"column":26},"end":{"line":563,"column":30}},"224":{"start":{"line":564,"column":27},"end":{"line":564,"column":54}},"225":{"start":{"line":565,"column":24},"end":{"line":565,"column":25}},"226":{"start":{"line":567,"column":8},"end":{"line":573,"column":9}},"227":{"start":{"line":568,"column":12},"end":{"line":568,"column":36}},"228":{"start":{"line":569,"column":12},"end":{"line":572,"column":13}},"229":{"start":{"line":570,"column":16},"end":{"line":570,"column":34}},"230":{"start":{"line":571,"column":16},"end":{"line":571,"column":22}},"231":{"start":{"line":576,"column":8},"end":{"line":578,"column":9}},"232":{"start":{"line":577,"column":12},"end":{"line":577,"column":40}},"233":{"start":{"line":581,"column":21},"end":{"line":581,"column":39}},"234":{"start":{"line":582,"column":21},"end":{"line":582,"column":39}},"235":{"start":{"line":583,"column":25},"end":{"line":583,"column":61}},"236":{"start":{"line":586,"column":8},"end":{"line":625,"column":9}},"237":{"start":{"line":588,"column":12},"end":{"line":588,"column":67}},"238":{"start":{"line":589,"column":12},"end":{"line":589,"column":68}},"239":{"start":{"line":595,"column":12},"end":{"line":615,"column":13}},"240":{"start":{"line":597,"column":16},"end":{"line":597,"column":42}},"241":{"start":{"line":598,"column":16},"end":{"line":598,"column":41}},"242":{"start":{"line":599,"column":16},"end":{"line":599,"column":44}},"243":{"start":{"line":602,"column":16},"end":{"line":602,"column":54}},"244":{"start":{"line":603,"column":16},"end":{"line":603,"column":53}},"245":{"start":{"line":604,"column":16},"end":{"line":604,"column":56}},"246":{"start":{"line":607,"column":16},"end":{"line":607,"column":42}},"247":{"start":{"line":608,"column":16},"end":{"line":608,"column":41}},"248":{"start":{"line":609,"column":16},"end":{"line":609,"column":44}},"249":{"start":{"line":612,"column":16},"end":{"line":612,"column":53}},"250":{"start":{"line":613,"column":16},"end":{"line":613,"column":52}},"251":{"start":{"line":614,"column":16},"end":{"line":614,"column":55}},"252":{"start":{"line":618,"column":12},"end":{"line":618,"column":99}},"253":{"start":{"line":619,"column":12},"end":{"line":619,"column":96}},"254":{"start":{"line":620,"column":12},"end":{"line":620,"column":105}},"255":{"start":{"line":623,"column":12},"end":{"line":623,"column":43}},"256":{"start":{"line":624,"column":12},"end":{"line":624,"column":24}},"257":{"start":{"line":627,"column":8},"end":{"line":627,"column":21}},"258":{"start":{"line":633,"column":26},"end":{"line":633,"column":66}},"259":{"start":{"line":637,"column":27},"end":{"line":637,"column":61}},"260":{"start":{"line":640,"column":26},"end":{"line":640,"column":75}},"261":{"start":{"line":641,"column":29},"end":{"line":641,"column":109}},"262":{"start":{"line":644,"column":8},"end":{"line":670,"column":9}},"263":{"start":{"line":645,"column":12},"end":{"line":669,"column":13}},"264":{"start":{"line":647,"column":16},"end":{"line":659,"column":17}},"265":{"start":{"line":649,"column":42},"end":{"line":649,"column":111}},"266":{"start":{"line":650,"column":20},"end":{"line":650,"column":75}},"267":{"start":{"line":651,"column":20},"end":{"line":651,"column":66}},"268":{"start":{"line":654,"column":20},"end":{"line":656,"column":21}},"269":{"start":{"line":655,"column":24},"end":{"line":655,"column":85}},"270":{"start":{"line":658,"column":20},"end":{"line":658,"column":57}},"271":{"start":{"line":662,"column":16},"end":{"line":668,"column":17}},"272":{"start":{"line":663,"column":42},"end":{"line":663,"column":114}},"273":{"start":{"line":664,"column":20},"end":{"line":664,"column":78}},"274":{"start":{"line":665,"column":20},"end":{"line":665,"column":69}},"275":{"start":{"line":667,"column":20},"end":{"line":667,"column":57}},"276":{"start":{"line":673,"column":8},"end":{"line":673,"column":66}},"277":{"start":{"line":679,"column":35},"end":{"line":679,"column":98}},"278":{"start":{"line":682,"column":8},"end":{"line":728,"column":9}},"279":{"start":{"line":684,"column":30},"end":{"line":684,"column":70}},"280":{"start":{"line":687,"column":32},"end":{"line":687,"column":34}},"281":{"start":{"line":688,"column":34},"end":{"line":688,"column":36}},"282":{"start":{"line":690,"column":12},"end":{"line":698,"column":13}},"283":{"start":{"line":691,"column":16},"end":{"line":697,"column":17}},"284":{"start":{"line":692,"column":20},"end":{"line":696,"column":21}},"285":{"start":{"line":693,"column":24},"end":{"line":693,"column":51}},"286":{"start":{"line":694,"column":27},"end":{"line":696,"column":21}},"287":{"start":{"line":695,"column":24},"end":{"line":695,"column":53}},"288":{"start":{"line":701,"column":12},"end":{"line":713,"column":13}},"289":{"start":{"line":702,"column":35},"end":{"line":702,"column":94}},"290":{"start":{"line":706,"column":44},"end":{"line":706,"column":106}},"291":{"start":{"line":707,"column":39},"end":{"line":707,"column":106}},"292":{"start":{"line":709,"column":16},"end":{"line":709,"column":74}},"293":{"start":{"line":710,"column":16},"end":{"line":710,"column":63}},"294":{"start":{"line":712,"column":16},"end":{"line":712,"column":55}},"295":{"start":{"line":717,"column":12},"end":{"line":727,"column":13}},"296":{"start":{"line":718,"column":37},"end":{"line":718,"column":100}},"297":{"start":{"line":721,"column":39},"end":{"line":721,"column":85}},"298":{"start":{"line":723,"column":16},"end":{"line":723,"column":76}},"299":{"start":{"line":724,"column":16},"end":{"line":724,"column":63}},"300":{"start":{"line":726,"column":16},"end":{"line":726,"column":57}},"301":{"start":{"line":735,"column":24},"end":{"line":735,"column":58}},"302":{"start":{"line":738,"column":28},"end":{"line":738,"column":68}},"303":{"start":{"line":741,"column":30},"end":{"line":741,"column":51}},"304":{"start":{"line":744,"column":8},"end":{"line":746,"column":9}},"305":{"start":{"line":745,"column":12},"end":{"line":745,"column":19}},"306":{"start":{"line":754,"column":24},"end":{"line":754,"column":54}},"307":{"start":{"line":758,"column":30},"end":{"line":758,"column":84}},"308":{"start":{"line":761,"column":29},"end":{"line":761,"column":62}},"309":{"start":{"line":762,"column":36},"end":{"line":762,"column":66}},"310":{"start":{"line":765,"column":8},"end":{"line":780,"column":9}},"311":{"start":{"line":769,"column":12},"end":{"line":779,"column":13}},"312":{"start":{"line":771,"column":16},"end":{"line":778,"column":17}},"313":{"start":{"line":773,"column":20},"end":{"line":773,"column":84}},"314":{"start":{"line":775,"column":21},"end":{"line":778,"column":17}},"315":{"start":{"line":777,"column":20},"end":{"line":777,"column":88}},"316":{"start":{"line":786,"column":26},"end":{"line":786,"column":56}},"317":{"start":{"line":787,"column":34},"end":{"line":787,"column":56}},"318":{"start":{"line":790,"column":29},"end":{"line":790,"column":79}},"319":{"start":{"line":793,"column":8},"end":{"line":836,"column":9}},"320":{"start":{"line":795,"column":12},"end":{"line":795,"column":68}},"321":{"start":{"line":796,"column":12},"end":{"line":796,"column":69}},"322":{"start":{"line":799,"column":31},"end":{"line":799,"column":66}},"323":{"start":{"line":800,"column":12},"end":{"line":800,"column":101}},"324":{"start":{"line":803,"column":12},"end":{"line":803,"column":84}},"325":{"start":{"line":804,"column":12},"end":{"line":804,"column":82}},"326":{"start":{"line":807,"column":12},"end":{"line":807,"column":80}},"327":{"start":{"line":810,"column":12},"end":{"line":812,"column":13}},"328":{"start":{"line":811,"column":16},"end":{"line":811,"column":101}},"329":{"start":{"line":815,"column":12},"end":{"line":815,"column":74}},"330":{"start":{"line":816,"column":12},"end":{"line":816,"column":73}},"331":{"start":{"line":819,"column":12},"end":{"line":828,"column":13}},"332":{"start":{"line":820,"column":37},"end":{"line":820,"column":66}},"333":{"start":{"line":821,"column":16},"end":{"line":821,"column":65}},"334":{"start":{"line":824,"column":16},"end":{"line":827,"column":17}},"335":{"start":{"line":825,"column":20},"end":{"line":825,"column":61}},"336":{"start":{"line":826,"column":20},"end":{"line":826,"column":101}},"337":{"start":{"line":830,"column":12},"end":{"line":830,"column":44}},"338":{"start":{"line":834,"column":12},"end":{"line":834,"column":91}},"339":{"start":{"line":835,"column":12},"end":{"line":835,"column":40}},"340":{"start":{"line":842,"column":8},"end":{"line":842,"column":62}},"341":{"start":{"line":843,"column":8},"end":{"line":843,"column":63}},"342":{"start":{"line":846,"column":8},"end":{"line":846,"column":78}},"343":{"start":{"line":847,"column":8},"end":{"line":847,"column":76}},"344":{"start":{"line":849,"column":8},"end":{"line":849,"column":76}},"345":{"start":{"line":850,"column":8},"end":{"line":850,"column":74}},"346":{"start":{"line":854,"column":8},"end":{"line":854,"column":74}},"347":{"start":{"line":857,"column":8},"end":{"line":859,"column":9}},"348":{"start":{"line":858,"column":12},"end":{"line":858,"column":93}},"349":{"start":{"line":862,"column":8},"end":{"line":862,"column":68}},"350":{"start":{"line":863,"column":8},"end":{"line":863,"column":67}},"351":{"start":{"line":866,"column":8},"end":{"line":875,"column":9}},"352":{"start":{"line":867,"column":33},"end":{"line":867,"column":62}},"353":{"start":{"line":868,"column":12},"end":{"line":868,"column":59}},"354":{"start":{"line":871,"column":12},"end":{"line":874,"column":13}},"355":{"start":{"line":872,"column":16},"end":{"line":872,"column":57}},"356":{"start":{"line":873,"column":16},"end":{"line":873,"column":97}},"357":{"start":{"line":877,"column":8},"end":{"line":877,"column":38}},"358":{"start":{"line":882,"column":20},"end":{"line":882,"column":21}},"359":{"start":{"line":884,"column":8},"end":{"line":903,"column":9}},"360":{"start":{"line":884,"column":22},"end":{"line":884,"column":31}},"361":{"start":{"line":885,"column":12},"end":{"line":902,"column":13}},"362":{"start":{"line":885,"column":26},"end":{"line":885,"column":35}},"363":{"start":{"line":887,"column":16},"end":{"line":887,"column":51}},"364":{"start":{"line":887,"column":42},"end":{"line":887,"column":51}},"365":{"start":{"line":889,"column":27},"end":{"line":889,"column":33}},"366":{"start":{"line":890,"column":27},"end":{"line":890,"column":33}},"367":{"start":{"line":891,"column":30},"end":{"line":891,"column":62}},"368":{"start":{"line":893,"column":16},"end":{"line":901,"column":17}},"369":{"start":{"line":897,"column":33},"end":{"line":897,"column":57}},"370":{"start":{"line":898,"column":20},"end":{"line":900,"column":21}},"371":{"start":{"line":899,"column":24},"end":{"line":899,"column":66}},"372":{"start":{"line":905,"column":8},"end":{"line":905,"column":21}},"373":{"start":{"line":910,"column":20},"end":{"line":910,"column":21}},"374":{"start":{"line":912,"column":8},"end":{"line":932,"column":9}},"375":{"start":{"line":912,"column":22},"end":{"line":912,"column":31}},"376":{"start":{"line":913,"column":12},"end":{"line":931,"column":13}},"377":{"start":{"line":913,"column":26},"end":{"line":913,"column":35}},"378":{"start":{"line":915,"column":16},"end":{"line":915,"column":51}},"379":{"start":{"line":915,"column":42},"end":{"line":915,"column":51}},"380":{"start":{"line":917,"column":27},"end":{"line":917,"column":33}},"381":{"start":{"line":918,"column":27},"end":{"line":918,"column":33}},"382":{"start":{"line":919,"column":30},"end":{"line":919,"column":62}},"383":{"start":{"line":921,"column":16},"end":{"line":930,"column":17}},"384":{"start":{"line":926,"column":33},"end":{"line":926,"column":57}},"385":{"start":{"line":927,"column":20},"end":{"line":929,"column":21}},"386":{"start":{"line":928,"column":24},"end":{"line":928,"column":66}},"387":{"start":{"line":934,"column":8},"end":{"line":934,"column":21}},"388":{"start":{"line":941,"column":27},"end":{"line":941,"column":63}},"389":{"start":{"line":945,"column":34},"end":{"line":955,"column":9}},"390":{"start":{"line":958,"column":8},"end":{"line":958,"column":66}},"391":{"start":{"line":958,"column":41},"end":{"line":958,"column":64}},"392":{"start":{"line":962,"column":25},"end":{"line":962,"column":26}},"393":{"start":{"line":963,"column":25},"end":{"line":963,"column":26}},"394":{"start":{"line":965,"column":8},"end":{"line":996,"column":9}},"395":{"start":{"line":967,"column":12},"end":{"line":967,"column":39}},"396":{"start":{"line":967,"column":33},"end":{"line":967,"column":39}},"397":{"start":{"line":969,"column":23},"end":{"line":969,"column":37}},"398":{"start":{"line":970,"column":23},"end":{"line":970,"column":37}},"399":{"start":{"line":971,"column":29},"end":{"line":971,"column":61}},"400":{"start":{"line":974,"column":12},"end":{"line":995,"column":13}},"401":{"start":{"line":976,"column":16},"end":{"line":994,"column":17}},"402":{"start":{"line":978,"column":20},"end":{"line":978,"column":75}},"403":{"start":{"line":979,"column":20},"end":{"line":979,"column":76}},"404":{"start":{"line":982,"column":20},"end":{"line":982,"column":95}},"405":{"start":{"line":983,"column":20},"end":{"line":983,"column":93}},"406":{"start":{"line":986,"column":20},"end":{"line":986,"column":81}},"407":{"start":{"line":987,"column":20},"end":{"line":987,"column":80}},"408":{"start":{"line":990,"column":20},"end":{"line":990,"column":76}},"409":{"start":{"line":992,"column":20},"end":{"line":992,"column":51}},"410":{"start":{"line":993,"column":20},"end":{"line":993,"column":33}}},"fnMap":{"0":{"name":"(anonymous_0)","decl":{"start":{"line":32,"column":10},"end":{"line":32,"column":11}},"loc":{"start":{"line":32,"column":32},"end":{"line":35,"column":5}},"line":32},"1":{"name":"(anonymous_1)","decl":{"start":{"line":38,"column":16},"end":{"line":38,"column":17}},"loc":{"start":{"line":38,"column":56},"end":{"line":50,"column":5}},"line":38},"2":{"name":"(anonymous_2)","decl":{"start":{"line":53,"column":22},"end":{"line":53,"column":23}},"loc":{"start":{"line":53,"column":62},"end":{"line":160,"column":5}},"line":53},"3":{"name":"(anonymous_3)","decl":{"start":{"line":86,"column":53},"end":{"line":86,"column":54}},"loc":{"start":{"line":86,"column":60},"end":{"line":96,"column":13}},"line":86},"4":{"name":"(anonymous_4)","decl":{"start":{"line":99,"column":50},"end":{"line":99,"column":51}},"loc":{"start":{"line":99,"column":62},"end":{"line":99,"column":76}},"line":99},"5":{"name":"(anonymous_5)","decl":{"start":{"line":163,"column":20},"end":{"line":163,"column":21}},"loc":{"start":{"line":163,"column":60},"end":{"line":171,"column":5}},"line":163},"6":{"name":"(anonymous_6)","decl":{"start":{"line":174,"column":32},"end":{"line":174,"column":33}},"loc":{"start":{"line":174,"column":43},"end":{"line":217,"column":5}},"line":174},"7":{"name":"(anonymous_7)","decl":{"start":{"line":220,"column":20},"end":{"line":220,"column":21}},"loc":{"start":{"line":220,"column":60},"end":{"line":347,"column":5}},"line":220},"8":{"name":"(anonymous_8)","decl":{"start":{"line":350,"column":27},"end":{"line":350,"column":28}},"loc":{"start":{"line":350,"column":42},"end":{"line":410,"column":5}},"line":350},"9":{"name":"(anonymous_9)","decl":{"start":{"line":413,"column":21},"end":{"line":413,"column":22}},"loc":{"start":{"line":413,"column":81},"end":{"line":482,"column":5}},"line":413},"10":{"name":"(anonymous_10)","decl":{"start":{"line":485,"column":21},"end":{"line":485,"column":22}},"loc":{"start":{"line":485,"column":104},"end":{"line":628,"column":5}},"line":485},"11":{"name":"(anonymous_11)","decl":{"start":{"line":631,"column":29},"end":{"line":631,"column":30}},"loc":{"start":{"line":631,"column":69},"end":{"line":674,"column":5}},"line":631},"12":{"name":"(anonymous_12)","decl":{"start":{"line":677,"column":27},"end":{"line":677,"column":28}},"loc":{"start":{"line":677,"column":67},"end":{"line":729,"column":5}},"line":677},"13":{"name":"(anonymous_13)","decl":{"start":{"line":733,"column":26},"end":{"line":733,"column":27}},"loc":{"start":{"line":733,"column":66},"end":{"line":781,"column":5}},"line":733},"14":{"name":"(anonymous_14)","decl":{"start":{"line":784,"column":28},"end":{"line":784,"column":29}},"loc":{"start":{"line":784,"column":79},"end":{"line":837,"column":5}},"line":784},"15":{"name":"(anonymous_15)","decl":{"start":{"line":840,"column":24},"end":{"line":840,"column":25}},"loc":{"start":{"line":840,"column":73},"end":{"line":878,"column":5}},"line":840},"16":{"name":"(anonymous_16)","decl":{"start":{"line":881,"column":22},"end":{"line":881,"column":23}},"loc":{"start":{"line":881,"column":47},"end":{"line":906,"column":5}},"line":881},"17":{"name":"(anonymous_17)","decl":{"start":{"line":909,"column":25},"end":{"line":909,"column":26}},"loc":{"start":{"line":909,"column":50},"end":{"line":935,"column":5}},"line":909},"18":{"name":"(anonymous_18)","decl":{"start":{"line":939,"column":33},"end":{"line":939,"column":34}},"loc":{"start":{"line":939,"column":85},"end":{"line":997,"column":5}},"line":939},"19":{"name":"(anonymous_19)","decl":{"start":{"line":958,"column":31},"end":{"line":958,"column":32}},"loc":{"start":{"line":958,"column":41},"end":{"line":958,"column":64}},"line":958}},"branchMap":{"0":{"loc":{"start":{"line":59,"column":8},"end":{"line":64,"column":9}},"type":"if","locations":[{"start":{"line":59,"column":8},"end":{"line":64,"column":9}},{"start":{},"end":{}}],"line":59},"1":{"loc":{"start":{"line":70,"column":8},"end":{"line":156,"column":9}},"type":"if","locations":[{"start":{"line":70,"column":8},"end":{"line":156,"column":9}},{"start":{},"end":{}}],"line":70},"2":{"loc":{"start":{"line":70,"column":12},"end":{"line":72,"column":46}},"type":"binary-expr","locations":[{"start":{"line":70,"column":12},"end":{"line":70,"column":41}},{"start":{"line":71,"column":12},"end":{"line":71,"column":68}},{"start":{"line":72,"column":12},"end":{"line":72,"column":46}}],"line":70},"3":{"loc":{"start":{"line":90,"column":16},"end":{"line":90,"column":46}},"type":"if","locations":[{"start":{"line":90,"column":16},"end":{"line":90,"column":46}},{"start":{},"end":{}}],"line":90},"4":{"loc":{"start":{"line":93,"column":16},"end":{"line":93,"column":56}},"type":"if","locations":[{"start":{"line":93,"column":16},"end":{"line":93,"column":56}},{"start":{},"end":{}}],"line":93},"5":{"loc":{"start":{"line":107,"column":16},"end":{"line":110,"column":17}},"type":"if","locations":[{"start":{"line":107,"column":16},"end":{"line":110,"column":17}},{"start":{},"end":{}}],"line":107},"6":{"loc":{"start":{"line":114,"column":12},"end":{"line":155,"column":13}},"type":"if","locations":[{"start":{"line":114,"column":12},"end":{"line":155,"column":13}},{"start":{},"end":{}}],"line":114},"7":{"loc":{"start":{"line":120,"column":16},"end":{"line":154,"column":17}},"type":"if","locations":[{"start":{"line":120,"column":16},"end":{"line":154,"column":17}},{"start":{},"end":{}}],"line":120},"8":{"loc":{"start":{"line":120,"column":20},"end":{"line":122,"column":79}},"type":"binary-expr","locations":[{"start":{"line":120,"column":20},"end":{"line":120,"column":35}},{"start":{"line":121,"column":21},"end":{"line":121,"column":76}},{"start":{"line":122,"column":24},"end":{"line":122,"column":78}}],"line":120},"9":{"loc":{"start":{"line":137,"column":20},"end":{"line":139,"column":21}},"type":"if","locations":[{"start":{"line":137,"column":20},"end":{"line":139,"column":21}},{"start":{},"end":{}}],"line":137},"10":{"loc":{"start":{"line":146,"column":20},"end":{"line":151,"column":21}},"type":"if","locations":[{"start":{"line":146,"column":20},"end":{"line":151,"column":21}},{"start":{},"end":{}}],"line":146},"11":{"loc":{"start":{"line":165,"column":8},"end":{"line":165,"column":30}},"type":"if","locations":[{"start":{"line":165,"column":8},"end":{"line":165,"column":30}},{"start":{},"end":{}}],"line":165},"12":{"loc":{"start":{"line":168,"column":8},"end":{"line":170,"column":9}},"type":"if","locations":[{"start":{"line":168,"column":8},"end":{"line":170,"column":9}},{"start":{},"end":{}}],"line":168},"13":{"loc":{"start":{"line":168,"column":12},"end":{"line":168,"column":63}},"type":"binary-expr","locations":[{"start":{"line":168,"column":12},"end":{"line":168,"column":39}},{"start":{"line":168,"column":43},"end":{"line":168,"column":63}}],"line":168},"14":{"loc":{"start":{"line":179,"column":8},"end":{"line":216,"column":9}},"type":"if","locations":[{"start":{"line":179,"column":8},"end":{"line":216,"column":9}},{"start":{},"end":{}}],"line":179},"15":{"loc":{"start":{"line":188,"column":12},"end":{"line":208,"column":13}},"type":"if","locations":[{"start":{"line":188,"column":12},"end":{"line":208,"column":13}},{"start":{"line":196,"column":17},"end":{"line":208,"column":13}}],"line":188},"16":{"loc":{"start":{"line":222,"column":8},"end":{"line":222,"column":56}},"type":"if","locations":[{"start":{"line":222,"column":8},"end":{"line":222,"column":56}},{"start":{},"end":{}}],"line":222},"17":{"loc":{"start":{"line":243,"column":29},"end":{"line":244,"column":72}},"type":"binary-expr","locations":[{"start":{"line":243,"column":29},"end":{"line":243,"column":75}},{"start":{"line":244,"column":28},"end":{"line":244,"column":72}}],"line":243},"18":{"loc":{"start":{"line":255,"column":8},"end":{"line":259,"column":9}},"type":"if","locations":[{"start":{"line":255,"column":8},"end":{"line":259,"column":9}},{"start":{"line":257,"column":15},"end":{"line":259,"column":9}}],"line":255},"19":{"loc":{"start":{"line":268,"column":8},"end":{"line":270,"column":9}},"type":"if","locations":[{"start":{"line":268,"column":8},"end":{"line":270,"column":9}},{"start":{},"end":{}}],"line":268},"20":{"loc":{"start":{"line":295,"column":8},"end":{"line":297,"column":9}},"type":"if","locations":[{"start":{"line":295,"column":8},"end":{"line":297,"column":9}},{"start":{},"end":{}}],"line":295},"21":{"loc":{"start":{"line":300,"column":8},"end":{"line":302,"column":9}},"type":"if","locations":[{"start":{"line":300,"column":8},"end":{"line":302,"column":9}},{"start":{},"end":{}}],"line":300},"22":{"loc":{"start":{"line":306,"column":8},"end":{"line":309,"column":9}},"type":"if","locations":[{"start":{"line":306,"column":8},"end":{"line":309,"column":9}},{"start":{},"end":{}}],"line":306},"23":{"loc":{"start":{"line":306,"column":12},"end":{"line":306,"column":81}},"type":"binary-expr","locations":[{"start":{"line":306,"column":13},"end":{"line":306,"column":25}},{"start":{"line":306,"column":29},"end":{"line":306,"column":39}},{"start":{"line":306,"column":44},"end":{"line":306,"column":81}}],"line":306},"24":{"loc":{"start":{"line":312,"column":8},"end":{"line":340,"column":9}},"type":"if","locations":[{"start":{"line":312,"column":8},"end":{"line":340,"column":9}},{"start":{},"end":{}}],"line":312},"25":{"loc":{"start":{"line":312,"column":12},"end":{"line":312,"column":69}},"type":"binary-expr","locations":[{"start":{"line":312,"column":12},"end":{"line":312,"column":29}},{"start":{"line":312,"column":33},"end":{"line":312,"column":69}}],"line":312},"26":{"loc":{"start":{"line":323,"column":12},"end":{"line":339,"column":13}},"type":"if","locations":[{"start":{"line":323,"column":12},"end":{"line":339,"column":13}},{"start":{},"end":{}}],"line":323},"27":{"loc":{"start":{"line":323,"column":16},"end":{"line":323,"column":90}},"type":"binary-expr","locations":[{"start":{"line":323,"column":16},"end":{"line":323,"column":31}},{"start":{"line":323,"column":35},"end":{"line":323,"column":90}}],"line":323},"28":{"loc":{"start":{"line":344,"column":8},"end":{"line":346,"column":9}},"type":"if","locations":[{"start":{"line":344,"column":8},"end":{"line":346,"column":9}},{"start":{},"end":{}}],"line":344},"29":{"loc":{"start":{"line":374,"column":16},"end":{"line":374,"column":48}},"type":"if","locations":[{"start":{"line":374,"column":16},"end":{"line":374,"column":48}},{"start":{},"end":{}}],"line":374},"30":{"loc":{"start":{"line":377,"column":16},"end":{"line":405,"column":17}},"type":"if","locations":[{"start":{"line":377,"column":16},"end":{"line":405,"column":17}},{"start":{"line":399,"column":23},"end":{"line":405,"column":17}}],"line":377},"31":{"loc":{"start":{"line":383,"column":20},"end":{"line":398,"column":21}},"type":"if","locations":[{"start":{"line":383,"column":20},"end":{"line":398,"column":21}},{"start":{"line":388,"column":27},"end":{"line":398,"column":21}}],"line":383},"32":{"loc":{"start":{"line":388,"column":27},"end":{"line":398,"column":21}},"type":"if","locations":[{"start":{"line":388,"column":27},"end":{"line":398,"column":21}},{"start":{"line":393,"column":27},"end":{"line":398,"column":21}}],"line":388},"33":{"loc":{"start":{"line":399,"column":23},"end":{"line":405,"column":17}},"type":"if","locations":[{"start":{"line":399,"column":23},"end":{"line":405,"column":17}},{"start":{},"end":{}}],"line":399},"34":{"loc":{"start":{"line":399,"column":27},"end":{"line":400,"column":78}},"type":"binary-expr","locations":[{"start":{"line":399,"column":27},"end":{"line":399,"column":84}},{"start":{"line":400,"column":20},"end":{"line":400,"column":78}}],"line":399},"35":{"loc":{"start":{"line":402,"column":20},"end":{"line":404,"column":69}},"type":"if","locations":[{"start":{"line":402,"column":20},"end":{"line":404,"column":69}},{"start":{"line":403,"column":25},"end":{"line":404,"column":69}}],"line":402},"36":{"loc":{"start":{"line":403,"column":25},"end":{"line":404,"column":69}},"type":"if","locations":[{"start":{"line":403,"column":25},"end":{"line":404,"column":69}},{"start":{"line":404,"column":25},"end":{"line":404,"column":69}}],"line":403},"37":{"loc":{"start":{"line":404,"column":25},"end":{"line":404,"column":69}},"type":"if","locations":[{"start":{"line":404,"column":25},"end":{"line":404,"column":69}},{"start":{},"end":{}}],"line":404},"38":{"loc":{"start":{"line":443,"column":8},"end":{"line":444,"column":62}},"type":"if","locations":[{"start":{"line":443,"column":8},"end":{"line":444,"column":62}},{"start":{"line":444,"column":13},"end":{"line":444,"column":62}}],"line":443},"39":{"loc":{"start":{"line":444,"column":13},"end":{"line":444,"column":62}},"type":"if","locations":[{"start":{"line":444,"column":13},"end":{"line":444,"column":62}},{"start":{},"end":{}}],"line":444},"40":{"loc":{"start":{"line":447,"column":8},"end":{"line":449,"column":9}},"type":"if","locations":[{"start":{"line":447,"column":8},"end":{"line":449,"column":9}},{"start":{},"end":{}}],"line":447},"41":{"loc":{"start":{"line":447,"column":12},"end":{"line":447,"column":57}},"type":"binary-expr","locations":[{"start":{"line":447,"column":12},"end":{"line":447,"column":34}},{"start":{"line":447,"column":38},"end":{"line":447,"column":57}}],"line":447},"42":{"loc":{"start":{"line":457,"column":8},"e
[...]
,"/home/ahundredeggs/ecosim/js/rendering/zoom-controller.js": {"path":"/home/ahundredeggs/ecosim/js/rendering/zoom-controller.js","statementMap":{"0":{"start":{"line":4,"column":0},"end":{"line":324,"column":2}},"1":{"start":{"line":29,"column":8},"end":{"line":29,"column":55}},"2":{"start":{"line":30,"column":8},"end":{"line":30,"column":41}},"3":{"start":{"line":33,"column":8},"end":{"line":42,"column":9}},"4":{"start":{"line":34,"column":12},"end":{"line":34,"column":45}},"5":{"start":{"line":37,"column":12},"end":{"line":37,"column":66}},"6":{"start":{"line":39,"column":12},"end":{"line":41,"column":13}},"7":{"start":{"line":40,"column":16},"end":{"line":40,"column":105}},"8":{"start":{"line":45,"column":8},"end":{"line":45,"column":22}},"9":{"start":{"line":46,"column":8},"end":{"line":46,"column":22}},"10":{"start":{"line":49,"column":8},"end":{"line":49,"column":30}},"11":{"start":{"line":52,"column":8},"end":{"line":52,"column":28}},"12":{"start":{"line":54,"column":8},"end":{"line":54,"column":20}},"13":{"start":{"line":59,"column":21},"end":{"line":59,"column":35}},"14":{"start":{"line":60,"column":8},"end":{"line":63,"column":9}},"15":{"start":{"line":61,"column":12},"end":{"line":61,"column":35}},"16":{"start":{"line":62,"column":12},"end":{"line":62,"column":19}},"17":{"start":{"line":66,"column":28},"end":{"line":66,"column":45}},"18":{"start":{"line":67,"column":29},"end":{"line":67,"column":47}},"19":{"start":{"line":70,"column":25},"end":{"line":70,"column":35}},"20":{"start":{"line":71,"column":26},"end":{"line":71,"column":37}},"21":{"start":{"line":75,"column":31},"end":{"line":75,"column":53}},"22":{"start":{"line":76,"column":29},"end":{"line":76,"column":53}},"23":{"start":{"line":80,"column":8},"end":{"line":80,"column":91}},"24":{"start":{"line":83,"column":8},"end":{"line":83,"column":68}},"25":{"start":{"line":86,"column":8},"end":{"line":88,"column":9}},"26":{"start":{"line":87,"column":12},"end":{"line":87,"column":88}},"27":{"start":{"line":90,"column":8},"end":{"line":90,"column":75}},"28":{"start":{"line":96,"column":8},"end":{"line":96,"column":85}},"29":{"start":{"line":99,"column":8},"end":{"line":101,"column":9}},"30":{"start":{"line":100,"column":12},"end":{"line":100,"column":88}},"31":{"start":{"line":104,"column":8},"end":{"line":104,"column":28}},"32":{"start":{"line":106,"column":8},"end":{"line":106,"column":124}},"33":{"start":{"line":108,"column":8},"end":{"line":108,"column":32}},"34":{"start":{"line":113,"column":8},"end":{"line":113,"column":62}},"35":{"start":{"line":118,"column":8},"end":{"line":118,"column":62}},"36":{"start":{"line":123,"column":8},"end":{"line":123,"column":30}},"37":{"start":{"line":124,"column":8},"end":{"line":124,"column":22}},"38":{"start":{"line":125,"column":8},"end":{"line":125,"column":22}},"39":{"start":{"line":128,"column":8},"end":{"line":130,"column":9}},"40":{"start":{"line":129,"column":12},"end":{"line":129,"column":88}},"41":{"start":{"line":136,"column":21},"end":{"line":136,"column":35}},"42":{"start":{"line":137,"column":8},"end":{"line":137,"column":26}},"43":{"start":{"line":137,"column":19},"end":{"line":137,"column":26}},"44":{"start":{"line":140,"column":23},"end":{"line":140,"column":57}},"45":{"start":{"line":141,"column":8},"end":{"line":141,"column":28}},"46":{"start":{"line":141,"column":21},"end":{"line":141,"column":28}},"47":{"start":{"line":144,"column":29},"end":{"line":144,"column":58}},"48":{"start":{"line":145,"column":30},"end":{"line":145,"column":60}},"49":{"start":{"line":148,"column":24},"end":{"line":148,"column":68}},"50":{"start":{"line":149,"column":24},"end":{"line":149,"column":70}},"51":{"start":{"line":152,"column":8},"end":{"line":152,"column":73}},"52":{"start":{"line":153,"column":8},"end":{"line":153,"column":74}},"53":{"start":{"line":156,"column":8},"end":{"line":158,"column":9}},"54":{"start":{"line":157,"column":12},"end":{"line":157,"column":88}},"55":{"start":{"line":163,"column":8},"end":{"line":163,"column":30}},"56":{"start":{"line":164,"column":8},"end":{"line":164,"column":26}},"57":{"start":{"line":165,"column":8},"end":{"line":165,"column":26}},"58":{"start":{"line":168,"column":32},"end":{"line":168,"column":75}},"59":{"start":{"line":169,"column":8},"end":{"line":171,"column":9}},"60":{"start":{"line":170,"column":12},"end":{"line":170,"column":53}},"61":{"start":{"line":176,"column":8},"end":{"line":176,"column":36}},"62":{"start":{"line":176,"column":29},"end":{"line":176,"column":36}},"63":{"start":{"line":179,"column":19},"end":{"line":179,"column":36}},"64":{"start":{"line":180,"column":19},"end":{"line":180,"column":36}},"65":{"start":{"line":183,"column":22},"end":{"line":183,"column":43}},"66":{"start":{"line":184,"column":22},"end":{"line":184,"column":43}},"67":{"start":{"line":187,"column":8},"end":{"line":187,"column":58}},"68":{"start":{"line":190,"column":8},"end":{"line":190,"column":26}},"69":{"start":{"line":191,"column":8},"end":{"line":191,"column":26}},"70":{"start":{"line":196,"column":8},"end":{"line":196,"column":31}},"71":{"start":{"line":199,"column":32},"end":{"line":199,"column":75}},"72":{"start":{"line":200,"column":8},"end":{"line":202,"column":9}},"73":{"start":{"line":201,"column":12},"end":{"line":201,"column":56}},"74":{"start":{"line":208,"column":21},"end":{"line":208,"column":60}},"75":{"start":{"line":209,"column":21},"end":{"line":209,"column":60}},"76":{"start":{"line":212,"column":27},"end":{"line":212,"column":31}},"77":{"start":{"line":213,"column":22},"end":{"line":213,"column":59}},"78":{"start":{"line":217,"column":8},"end":{"line":223,"column":9}},"79":{"start":{"line":219,"column":12},"end":{"line":219,"column":53}},"80":{"start":{"line":222,"column":12},"end":{"line":222,"column":53}},"81":{"start":{"line":226,"column":8},"end":{"line":226,"column":74}},"82":{"start":{"line":229,"column":8},"end":{"line":229,"column":49}},"83":{"start":{"line":229,"column":42},"end":{"line":229,"column":49}},"84":{"start":{"line":233,"column":24},"end":{"line":233,"column":49}},"85":{"start":{"line":234,"column":24},"end":{"line":234,"column":49}},"86":{"start":{"line":237,"column":8},"end":{"line":237,"column":35}},"87":{"start":{"line":240,"column":8},"end":{"line":240,"column":38}},"88":{"start":{"line":243,"column":8},"end":{"line":243,"column":28}},"89":{"start":{"line":246,"column":8},"end":{"line":246,"column":31}},"90":{"start":{"line":252,"column":8},"end":{"line":252,"column":40}},"91":{"start":{"line":252,"column":23},"end":{"line":252,"column":40}},"92":{"start":{"line":255,"column":8},"end":{"line":258,"column":9}},"93":{"start":{"line":256,"column":12},"end":{"line":256,"column":44}},"94":{"start":{"line":257,"column":12},"end":{"line":257,"column":29}},"95":{"start":{"line":261,"column":8},"end":{"line":264,"column":9}},"96":{"start":{"line":262,"column":12},"end":{"line":262,"column":43}},"97":{"start":{"line":263,"column":12},"end":{"line":263,"column":29}},"98":{"start":{"line":267,"column":8},"end":{"line":267,"column":79}},"99":{"start":{"line":268,"column":8},"end":{"line":268,"column":20}},"100":{"start":{"line":274,"column":8},"end":{"line":276,"column":9}},"101":{"start":{"line":275,"column":12},"end":{"line":275,"column":34}},"102":{"start":{"line":279,"column":21},"end":{"line":279,"column":35}},"103":{"start":{"line":280,"column":8},"end":{"line":282,"column":9}},"104":{"start":{"line":281,"column":12},"end":{"line":281,"column":34}},"105":{"start":{"line":284,"column":23},"end":{"line":284,"column":57}},"106":{"start":{"line":285,"column":21},"end":{"line":285,"column":51}},"107":{"start":{"line":288,"column":24},"end":{"line":288,"column":43}},"108":{"start":{"line":289,"column":24},"end":{"line":289,"column":42}},"109":{"start":{"line":292,"column":23},"end":{"line":292,"column":48}},"110":{"start":{"line":293,"column":23},"end":{"line":293,"column":50}},"111":{"start":{"line":294,"column":23},"end":{"line":294,"column":39}},"112":{"start":{"line":295,"column":23},"end":{"line":295,"column":39}},"113":{"start":{"line":298,"column":21},"end":{"line":298,"column":72}},"114":{"start":{"line":299,"column":21},"end":{"line":299,"column":72}},"115":{"start":{"line":302,"column":8},"end":{"line":305,"column":10}},"116":{"start":{"line":311,"column":27},"end":{"line":311,"column":65}},"117":{"start":{"line":312,"column":8},"end":{"line":316,"column":9}},"118":{"start":{"line":314,"column":32},"end":{"line":314,"column":66}},"119":{"start":{"line":315,"column":12},"end":{"line":315,"column":43}},"120":{"start":{"line":319,"column":26},"end":{"line":319,"column":63}},"121":{"start":{"line":320,"column":8},"end":{"line":322,"column":9}},"122":{"start":{"line":321,"column":12},"end":{"line":321,"column":77}}},"fnMap":{"0":{"name":"(anonymous_0)","decl":{"start":{"line":28,"column":10},"end":{"line":28,"column":11}},"loc":{"start":{"line":28,"column":36},"end":{"line":55,"column":5}},"line":28},"1":{"name":"(anonymous_1)","decl":{"start":{"line":58,"column":20},"end":{"line":58,"column":21}},"loc":{"start":{"line":58,"column":31},"end":{"line":91,"column":5}},"line":58},"2":{"name":"(anonymous_2)","decl":{"start":{"line":94,"column":13},"end":{"line":94,"column":14}},"loc":{"start":{"line":94,"column":33},"end":{"line":109,"column":5}},"line":94},"3":{"name":"(anonymous_3)","decl":{"start":{"line":112,"column":12},"end":{"line":112,"column":13}},"loc":{"start":{"line":112,"column":23},"end":{"line":114,"column":5}},"line":112},"4":{"name":"(anonymous_4)","decl":{"start":{"line":117,"column":13},"end":{"line":117,"column":14}},"loc":{"start":{"line":117,"column":24},"end":{"line":119,"column":5}},"line":117},"5":{"name":"(anonymous_5)","decl":{"start":{"line":122,"column":15},"end":{"line":122,"column":16}},"loc":{"start":{"line":122,"column":26},"end":{"line":131,"column":5}},"line":122},"6":{"name":"(anonymous_6)","decl":{"start":{"line":134,"column":12},"end":{"line":134,"column":13}},"loc":{"start":{"line":134,"column":27},"end":{"line":159,"column":5}},"line":134},"7":{"name":"(anonymous_7)","decl":{"start":{"line":162,"column":14},"end":{"line":162,"column":15}},"loc":{"start":{"line":162,"column":29},"end":{"line":172,"column":5}},"line":162},"8":{"name":"(anonymous_8)","decl":{"start":{"line":175,"column":15},"end":{"line":175,"column":16}},"loc":{"start":{"line":175,"column":30},"end":{"line":192,"column":5}},"line":175},"9":{"name":"(anonymous_9)","decl":{"start":{"line":195,"column":12},"end":{"line":195,"column":13}},"loc":{"start":{"line":195,"column":23},"end":{"line":203,"column":5}},"line":195},"10":{"name":"(anonymous_10)","decl":{"start":{"line":206,"column":22},"end":{"line":206,"column":23}},"loc":{"start":{"line":206,"column":54},"end":{"line":247,"column":5}},"line":206},"11":{"name":"(anonymous_11)","decl":{"start":{"line":250,"column":13},"end":{"line":250,"column":14}},"loc":{"start":{"line":250,"column":24},"end":{"line":269,"column":5}},"line":250},"12":{"name":"(anonymous_12)","decl":{"start":{"line":272,"column":28},"end":{"line":272,"column":29}},"loc":{"start":{"line":272,"column":55},"end":{"line":306,"column":5}},"line":272},"13":{"name":"(anonymous_13)","decl":{"start":{"line":309,"column":18},"end":{"line":309,"column":19}},"loc":{"start":{"line":309,"column":29},"end":{"line":323,"column":5}},"line":309}},"branchMap":{"0":{"loc":{"start":{"line":33,"column":8},"end":{"line":42,"column":9}},"type":"if","locations":[{"start":{"line":33,"column":8},"end":{"line":42,"column":9}},{"start":{"line":35,"column":15},"end":{"line":42,"column":9}}],"line":33},"1":{"loc":{"start":{"line":33,"column":12},"end":{"line":33,"column":51}},"type":"binary-expr","locations":[{"start":{"line":33,"column":12},"end":{"line":33,"column":27}},{"start":{"line":33,"column":31},"end":{"line":33,"column":51}}],"line":33},"2":{"loc":{"start":{"line":37,"column":24},"end":{"line":37,"column":65}},"type":"cond-expr","locations":[{"start":{"line":37,"column":40},"end":{"line":37,"column":58}},{"start":{"line":37,"column":61},"end":{"line":37,"column":65}}],"line":37},"3":{"loc":{"start":{"line":39,"column":12},"end":{"line":41,"column":13}},"type":"if","locations":[{"start":{"line":39,"column":12},"end":{"line":41,"column":13}},{"start":{},"end":{}}],"line":39},"4":{"loc":{"start":{"line":60,"column":8},"end":{"line":63,"column":9}},"type":"if","locations":[{"start":{"line":60,"column":8},"end":{"line":63,"column":9}},{"start":{},"end":{}}],"line":60},"5":{"loc":{"start":{"line":86,"column":8},"end":{"line":88,"column":9}},"type":"if","locations":[{"start":{"line":86,"column":8},"end":{"line":88,"column":9}},{"start":{},"end":{}}],"line":86},"6":{"loc":{"start":{"line":86,"column":12},"end":{"line":86,"column":57}},"type":"binary-expr","locations":[{"start":{"line":86,"column":12},"end":{"line":86,"column":26}},{"start":{"line":86,"column":30},"end":{"line":86,"column":57}}],"line":86},"7":{"loc":{"start":{"line":99,"column":8},"end":{"line":101,"column":9}},"type":"if","locations":[{"start":{"line":99,"column":8},"end":{"line":101,"column":9}},{"start":{},"end":{}}],"line":99},"8":{"loc":{"start":{"line":99,"column":12},"end":{"line":99,"column":57}},"type":"binary-expr","locations":[{"start":{"line":99,"column":12},"end":{"line":99,"column":26}},{"start":{"line":99,"column":30},"end":{"line":99,"column":57}}],"line":99},"9":{"loc":{"start":{"line":128,"column":8},"end":{"line":130,"column":9}},"type":"if","locations":[{"start":{"line":128,"column":8},"end":{"line":130,"column":9}},{"start":{},"end":{}}],"line":128},"10":{"loc":{"start":{"line":128,"column":12},"end":{"line":128,"column":57}},"type":"binary-expr","locations":[{"start":{"line":128,"column":12},"end":{"line":128,"column":26}},{"start":{"line":128,"column":30},"end":{"line":128,"column":57}}],"line":128},"11":{"loc":{"start":{"line":137,"column":8},"end":{"line":137,"column":26}},"type":"if","locations":[{"start":{"line":137,"column":8},"end":{"line":137,"column":26}},{"start":{},"end":{}}],"line":137},"12":{"loc":{"start":{"line":141,"column":8},"end":{"line":141,"column":28}},"type":"if","locations":[{"start":{"line":141,"column":8},"end":{"line":141,"column":28}},{"start":{},"end":{}}],"line":141},"13":{"loc":{"start":{"line":156,"column":8},"end":{"line":158,"column":9}},"type":"if","locations":[{"start":{"line":156,"column":8},"end":{"line":158,"column":9}},{"start":{},"end":{}}],"line":156},"14":{"loc":{"start":{"line":156,"column":12},"end":{"line":156,"column":57}},"type":"binary-expr","locations":[{"start":{"line":156,"column":12},"end":{"line":156,"column":26}},{"start":{"line":156,"column":30},"end":{"line":156,"column":57}}],"line":156},"15":{"loc":{"start":{"line":169,"column":8},"end":{"line":171,"column":9}},"type":"if","locations":[{"start":{"line":169,"column":8},"end":{"line":171,"column":9}},{"start":{},"end":{}}],"line":169},"16":{"loc":{"start":{"line":176,"column":8},"end":{"line":176,"column":36}},"type":"if","locations":[{"start":{"line":176,"column":8},"end":{"line":176,"column":36}},{"start":{},"end":{}}],"line":176},"17":{"loc":{"start":{"line":200,"column":8},"end":{"line":202,"column":9}},"type":"if","locations":[{"start":{"line":200,"column":8},"end":{"line":202,"column":9}},{"start":{},"end":{}}],"line":200},"18":{"loc":{"start":{"line":217,"column":8},"end":{"line":223,"column":9}},"type":"if","locations":[{"start":{"line":217,"column":8},"end":{"line":223,"column":9}},{"start":{"line":220,"column":15},"end":{"line":223,"column":9}}],"line":217},"19":{"loc":{"start":{"line":229,"column":8},"end":{"line":229,"column":49}},"type":"if","locations":[{"start":{"line":229,"column":8},"end":{"line":229,"column":49}},{"start":{},"end":{}}],"line":229},"20":{"loc":{"start":{"line":252,"column":8},"end":{"line":252,"column":40}},"type":"if","locations":[{"start":{"line":252,"column":8},"end":{"line":252,"column":40}},{"start":{},"end":{}}],"line":252},"21":{"loc":{"start":{"line":255,"column":8},"end":{"line":258,"column":9}},"type":"if","locations":[{"start":{"line":255,"column":8},"end":{"line":258,"column":9}},{"start":{},"end":{}}],"line":255},"22":{"loc":{"start":{"line":255,"column":12},"end":{"line":255,"column":49}},"type":"binary-expr","locations":[{"start":{"line":255,"column":12},"end":{"line":255,"column":26}},{"start":{"line":255,"column":30},"end":{"line":255,"column":49}}],"line":255},"23":{"loc":{"start":{"line":261,"column":8},"end":{"line":264,"column":9}},"type":"if","locations":[{"start":{"line":261,"column":8},"end":{"line":264,"column":9}},{"start":{},"end":{}}],"line":261},"24":{"loc":{"start":{"line":261,"column":12},"end":{"line":261,"column":47}},"type":"binary-expr","locations":[{"start":{"line":261,"column":12},"end":{"line":261,"column":25}},{"start":{"line":261,"column":29},"end":{"line":261,"column":47}}],"line":261},"25":{"loc":{"start":{"line":274,"column":8},"end":{"line":276,"column":9}},"type":"if","locations":[{"start":{"line":274,"column":8},"end":{"line":276,"column":9}},{"start":{},"end":{}}],"line":274},"26":{"loc":{"start":{"line":274,"column":12},"end":{"line":274,"column":98}},"type":"binary-expr","locations":[{"start":{"line":274,"column":12},"end":{"line":274,"column":27}},{"start":{"line":274,"column":31},"end":{"line":274,"column":59}},{"start":{"line":274,"column":63},"end":{"line":274,"column":98}}],"line":274},"27":{"loc":{"start":{"line":280,"column":8},"end":{"line":282,"column":9}},"type":"if","locations":[{"start":{"line":280,"column":8},"end":{"line":282,"column":9}},{"start":{},"end":{}}],"line":280},"28":{"loc":{"start":{"line":312,"column":8},"end":{"line":316,"column":9}},"type":"if","locations":[{"start":{"line":312,"column":8},"end":{"line":316,"column":9}},{"start":{},"end":{}}],"line":312},"29":{"loc":{"start":{"line":320,"column":8},"end":{"line":322,"column":9}},"type":"if","locations":[{"start":{"line":320,"column":8},"end":{"line":322,"column":9}},{"start":{},"end":{}}],"line":320}},"s":{"0":17,"1":15,"2":15,"3":15,"4":14,"5":1,"6":1,"7":1,"8":15,"9":15,"10":15,"11":15,"12":15,"13":17,"14":17,"15":2,"16":2,"17":15,"18":15,"19":15,"20":15,"21":15,"22":15,"23":15,"24":15,"25":15,"26":15,"27":15,"28":5,"29":5,"30":5,"31":5,"32":5,"33":5,"34":1,"35":1,"36":1,"37":1,"38":1,"39":1,"40":1,"41":3,"42":3,"43":0,"44":3,"45":3,"46":0,"47":3,"48":3,"49":3,"50":3,"51":3,"52":3,"53":3,"54":3,"55":1,"56":1,"57":1,"58":1,"59":1,"60":1,"61":2,"62":1,"63":1,"64":1,"65":1,"66":1,"67":1,"68":1,"69":1,"70":1,"71":1,"72":1,"73":1,"74":1,"75":1,"76":1,"77":1,"78":1,"79":1,"80":0,"81":1,"82":1,"83":0,"84":1,"85":1,"86":1,"87":1,"88":1,"89":1,"90":20,"91":16,"92":4,"93":1,"94":1,"95":3,"96":1,"97":1,"98":2,"99":2,"100":2,"101":1,"102":1,"103":1,"104":0,"105":1,"106":1,"107":1,"108":1,"109":1,"110":1,"111":1,"112":1,"113":1,"114":1,"115":1,"116":22,"117":22,"118":22,"119":22,"120":22,"121":22,"122":22},"f":{"0":15,"1":17,"2":5,"3":1,"4":1,"5":1,"6":3,"7":1,"8":2,"9":1,"10":1,"11":20,"12":2,"13":22},"b":{"0":[14,1],"1":[15,15],"2":[0,1],"3":[1,0],"4":[2,15],"5":[15,0],"6":[15,15],"7":[5,0],"8":[5,5],"9":[1,0],"10":[1,1],"11":[0,3],"12":[0,3],"13":[3,0],"14":[3,3],"15":[1,0],"16":[1,1],"17":[1,0],"18":[1,0],"19":[0,1],"20":[16,4],"21":[1,3],"22":[4,4],"23":[1,2],"24":[3,1],"25":[1,1],"26":[2,1,1],"27":[0,1],"28":[22,0],"29":[22,0]},"inputSourceMap":null,"_coverageSchema":"1a1c01bbd47fc00a2c39e90264f33305004495a9","hash":"48e0813de3ad9b3de2dac0541ccfe9c9c7b479b3"}
}
