{"/home/ahundredeggs/ecosim/js/core-simulation.js": {"path":"/home/ahundredeggs/ecosim/js/core-simulation.js","statementMap":{"0":{"start":{"line":4,"column":23},"end":{"line":224,"column":1}},"1":{"start":{"line":26,"column":8},"end":{"line":26,"column":71}},"2":{"start":{"line":29,"column":8},"end":{"line":29,"column":45}},"3":{"start":{"line":32,"column":8},"end":{"line":32,"column":46}},"4":{"start":{"line":33,"column":8},"end":{"line":33,"column":47}},"5":{"start":{"line":34,"column":8},"end":{"line":34,"column":47}},"6":{"start":{"line":35,"column":8},"end":{"line":35,"column":50}},"7":{"start":{"line":36,"column":8},"end":{"line":36,"column":48}},"8":{"start":{"line":37,"column":8},"end":{"line":37,"column":50}},"9":{"start":{"line":38,"column":8},"end":{"line":38,"column":47}},"10":{"start":{"line":40,"column":8},"end":{"line":40,"column":20}},"11":{"start":{"line":45,"column":8},"end":{"line":47,"column":9}},"12":{"start":{"line":46,"column":12},"end":{"line":46,"column":22}},"13":{"start":{"line":48,"column":8},"end":{"line":48,"column":34}},"14":{"start":{"line":53,"column":8},"end":{"line":55,"column":9}},"15":{"start":{"line":54,"column":12},"end":{"line":54,"column":24}},"16":{"start":{"line":56,"column":18},"end":{"line":56,"column":36}},"17":{"start":{"line":57,"column":18},"end":{"line":57,"column":48}},"18":{"start":{"line":58,"column":8},"end":{"line":58,"column":24}},"19":{"start":{"line":63,"column":26},"end":{"line":63,"column":28}},"20":{"start":{"line":65,"column":8},"end":{"line":82,"column":9}},"21":{"start":{"line":65,"column":22},"end":{"line":65,"column":24}},"22":{"start":{"line":66,"column":12},"end":{"line":81,"column":13}},"23":{"start":{"line":66,"column":26},"end":{"line":66,"column":28}},"24":{"start":{"line":67,"column":16},"end":{"line":67,"column":51}},"25":{"start":{"line":67,"column":42},"end":{"line":67,"column":51}},"26":{"start":{"line":69,"column":27},"end":{"line":69,"column":33}},"27":{"start":{"line":70,"column":27},"end":{"line":70,"column":33}},"28":{"start":{"line":71,"column":30},"end":{"line":71,"column":51}},"29":{"start":{"line":73,"column":16},"end":{"line":80,"column":17}},"30":{"start":{"line":74,"column":20},"end":{"line":79,"column":23}},"31":{"start":{"line":84,"column":8},"end":{"line":84,"column":25}},"32":{"start":{"line":89,"column":26},"end":{"line":89,"column":28}},"33":{"start":{"line":91,"column":27},"end":{"line":94,"column":9}},"34":{"start":{"line":96,"column":8},"end":{"line":109,"column":9}},"35":{"start":{"line":97,"column":23},"end":{"line":97,"column":33}},"36":{"start":{"line":98,"column":23},"end":{"line":98,"column":33}},"37":{"start":{"line":99,"column":26},"end":{"line":99,"column":47}},"38":{"start":{"line":101,"column":12},"end":{"line":108,"column":13}},"39":{"start":{"line":102,"column":16},"end":{"line":107,"column":19}},"40":{"start":{"line":111,"column":8},"end":{"line":111,"column":25}},"41":{"start":{"line":116,"column":26},"end":{"line":116,"column":28}},"42":{"start":{"line":118,"column":27},"end":{"line":121,"column":9}},"43":{"start":{"line":123,"column":8},"end":{"line":136,"column":9}},"44":{"start":{"line":124,"column":23},"end":{"line":124,"column":33}},"45":{"start":{"line":125,"column":23},"end":{"line":125,"column":33}},"46":{"start":{"line":126,"column":26},"end":{"line":126,"column":47}},"47":{"start":{"line":128,"column":12},"end":{"line":135,"column":13}},"48":{"start":{"line":129,"column":16},"end":{"line":134,"column":19}},"49":{"start":{"line":138,"column":8},"end":{"line":138,"column":25}},"50":{"start":{"line":144,"column":8},"end":{"line":144,"column":78}},"51":{"start":{"line":144,"column":65},"end":{"line":144,"column":78}},"52":{"start":{"line":147,"column":25},"end":{"line":147,"column":42}},"53":{"start":{"line":148,"column":26},"end":{"line":148,"column":44}},"54":{"start":{"line":149,"column":26},"end":{"line":149,"column":44}},"55":{"start":{"line":150,"column":29},"end":{"line":150,"column":50}},"56":{"start":{"line":151,"column":27},"end":{"line":151,"column":46}},"57":{"start":{"line":152,"column":29},"end":{"line":152,"column":50}},"58":{"start":{"line":155,"column":8},"end":{"line":155,"column":46}},"59":{"start":{"line":156,"column":8},"end":{"line":156,"column":48}},"60":{"start":{"line":157,"column":8},"end":{"line":157,"column":48}},"61":{"start":{"line":158,"column":8},"end":{"line":158,"column":54}},"62":{"start":{"line":159,"column":8},"end":{"line":159,"column":50}},"63":{"start":{"line":160,"column":8},"end":{"line":160,"column":54}},"64":{"start":{"line":163,"column":8},"end":{"line":163,"column":37}},"65":{"start":{"line":164,"column":8},"end":{"line":164,"column":39}},"66":{"start":{"line":165,"column":8},"end":{"line":165,"column":39}},"67":{"start":{"line":166,"column":8},"end":{"line":166,"column":45}},"68":{"start":{"line":167,"column":8},"end":{"line":167,"column":41}},"69":{"start":{"line":168,"column":8},"end":{"line":168,"column":45}},"70":{"start":{"line":170,"column":8},"end":{"line":170,"column":20}},"71":{"start":{"line":175,"column":8},"end":{"line":175,"column":39}},"72":{"start":{"line":175,"column":26},"end":{"line":175,"column":39}},"73":{"start":{"line":177,"column":8},"end":{"line":177,"column":41}},"74":{"start":{"line":178,"column":8},"end":{"line":178,"column":47}},"75":{"start":{"line":179,"column":8},"end":{"line":179,"column":30}},"76":{"start":{"line":180,"column":8},"end":{"line":180,"column":33}},"77":{"start":{"line":181,"column":8},"end":{"line":181,"column":31}},"78":{"start":{"line":182,"column":8},"end":{"line":182,"column":33}},"79":{"start":{"line":184,"column":8},"end":{"line":184,"column":20}},"80":{"start":{"line":189,"column":8},"end":{"line":189,"column":39}},"81":{"start":{"line":189,"column":26},"end":{"line":189,"column":39}},"82":{"start":{"line":190,"column":8},"end":{"line":190,"column":41}},"83":{"start":{"line":195,"column":8},"end":{"line":195,"column":39}},"84":{"start":{"line":195,"column":26},"end":{"line":195,"column":39}},"85":{"start":{"line":196,"column":8},"end":{"line":196,"column":43}},"86":{"start":{"line":201,"column":24},"end":{"line":201,"column":26}},"87":{"start":{"line":203,"column":8},"end":{"line":207,"column":9}},"88":{"start":{"line":203,"column":21},"end":{"line":203,"column":22}},"89":{"start":{"line":204,"column":12},"end":{"line":206,"column":13}},"90":{"start":{"line":205,"column":16},"end":{"line":205,"column":32}},"91":{"start":{"line":209,"column":8},"end":{"line":209,"column":23}},"92":{"start":{"line":214,"column":20},"end":{"line":214,"column":21}},"93":{"start":{"line":216,"column":8},"end":{"line":220,"column":9}},"94":{"start":{"line":216,"column":21},"end":{"line":216,"column":22}},"95":{"start":{"line":217,"column":12},"end":{"line":219,"column":13}},"96":{"start":{"line":218,"column":16},"end":{"line":218,"column":24}},"97":{"start":{"line":222,"column":8},"end":{"line":222,"column":21}},"98":{"start":{"line":227,"column":0},"end":{"line":229,"column":1}},"99":{"start":{"line":228,"column":4},"end":{"line":228,"column":36}},"100":{"start":{"line":232,"column":0},"end":{"line":234,"column":1}},"101":{"start":{"line":233,"column":4},"end":{"line":233,"column":36}}},"fnMap":{"0":{"name":"(anonymous_0)","decl":{"start":{"line":25,"column":10},"end":{"line":25,"column":11}},"loc":{"start":{"line":25,"column":21},"end":{"line":41,"column":5}},"line":25},"1":{"name":"(anonymous_1)","decl":{"start":{"line":44,"column":14},"end":{"line":44,"column":15}},"loc":{"start":{"line":44,"column":29},"end":{"line":49,"column":5}},"line":44},"2":{"name":"(anonymous_2)","decl":{"start":{"line":52,"column":15},"end":{"line":52,"column":16}},"loc":{"start":{"line":52,"column":31},"end":{"line":59,"column":5}},"line":52},"3":{"name":"(anonymous_3)","decl":{"start":{"line":62,"column":24},"end":{"line":62,"column":25}},"loc":{"start":{"line":62,"column":39},"end":{"line":85,"column":5}},"line":62},"4":{"name":"(anonymous_4)","decl":{"start":{"line":88,"column":26},"end":{"line":88,"column":27}},"loc":{"start":{"line":88,"column":41},"end":{"line":112,"column":5}},"line":88},"5":{"name":"(anonymous_5)","decl":{"start":{"line":115,"column":28},"end":{"line":115,"column":29}},"loc":{"start":{"line":115,"column":43},"end":{"line":139,"column":5}},"line":115},"6":{"name":"(anonymous_6)","decl":{"start":{"line":142,"column":16},"end":{"line":142,"column":17}},"loc":{"start":{"line":142,"column":41},"end":{"line":171,"column":5}},"line":142},"7":{"name":"(anonymous_7)","decl":{"start":{"line":174,"column":16},"end":{"line":174,"column":17}},"loc":{"start":{"line":174,"column":32},"end":{"line":185,"column":5}},"line":174},"8":{"name":"(anonymous_8)","decl":{"start":{"line":188,"column":12},"end":{"line":188,"column":13}},"loc":{"start":{"line":188,"column":34},"end":{"line":191,"column":5}},"line":188},"9":{"name":"(anonymous_9)","decl":{"start":{"line":194,"column":13},"end":{"line":194,"column":14}},"loc":{"start":{"line":194,"column":36},"end":{"line":197,"column":5}},"line":194},"10":{"name":"(anonymous_10)","decl":{"start":{"line":200,"column":22},"end":{"line":200,"column":23}},"loc":{"start":{"line":200,"column":37},"end":{"line":210,"column":5}},"line":200},"11":{"name":"(anonymous_11)","decl":{"start":{"line":213,"column":23},"end":{"line":213,"column":24}},"loc":{"start":{"line":213,"column":38},"end":{"line":223,"column":5}},"line":213}},"branchMap":{"0":{"loc":{"start":{"line":45,"column":8},"end":{"line":47,"column":9}},"type":"if","locations":[{"start":{"line":45,"column":8},"end":{"line":47,"column":9}},{"start":{},"end":{}}],"line":45},"1":{"loc":{"start":{"line":45,"column":12},"end":{"line":45,"column":65}},"type":"binary-expr","locations":[{"start":{"line":45,"column":12},"end":{"line":45,"column":17}},{"start":{"line":45,"column":21},"end":{"line":45,"column":36}},{"start":{"line":45,"column":40},"end":{"line":45,"column":45}},{"start":{"line":45,"column":49},"end":{"line":45,"column":65}}],"line":45},"2":{"loc":{"start":{"line":53,"column":8},"end":{"line":55,"column":9}},"type":"if","locations":[{"start":{"line":53,"column":8},"end":{"line":55,"column":9}},{"start":{},"end":{}}],"line":53},"3":{"loc":{"start":{"line":53,"column":12},"end":{"line":53,"column":43}},"type":"binary-expr","locations":[{"start":{"line":53,"column":12},"end":{"line":53,"column":21}},{"start":{"line":53,"column":25},"end":{"line":53,"column":43}}],"line":53},"4":{"loc":{"start":{"line":67,"column":16},"end":{"line":67,"column":51}},"type":"if","locations":[{"start":{"line":67,"column":16},"end":{"line":67,"column":51}},{"start":{},"end":{}}],"line":67},"5":{"loc":{"start":{"line":67,"column":20},"end":{"line":67,"column":40}},"type":"binary-expr","locations":[{"start":{"line":67,"column":20},"end":{"line":67,"column":28}},{"start":{"line":67,"column":32},"end":{"line":67,"column":40}}],"line":67},"6":{"loc":{"start":{"line":73,"column":16},"end":{"line":80,"column":17}},"type":"if","locations":[{"start":{"line":73,"column":16},"end":{"line":80,"column":17}},{"start":{},"end":{}}],"line":73},"7":{"loc":{"start":{"line":78,"column":34},"end":{"line":78,"column":54}},"type":"binary-expr","locations":[{"start":{"line":78,"column":34},"end":{"line":78,"column":42}},{"start":{"line":78,"column":46},"end":{"line":78,"column":54}}],"line":78},"8":{"loc":{"start":{"line":101,"column":12},"end":{"line":108,"column":13}},"type":"if","locations":[{"start":{"line":101,"column":12},"end":{"line":108,"column":13}},{"start":{},"end":{}}],"line":101},"9":{"loc":{"start":{"line":106,"column":31},"end":{"line":106,"column":57}},"type":"cond-expr","locations":[{"start":{"line":106,"column":44},"end":{"line":106,"column":48}},{"start":{"line":106,"column":51},"end":{"line":106,"column":57}}],"line":106},"10":{"loc":{"start":{"line":128,"column":12},"end":{"line":135,"column":13}},"type":"if","locations":[{"start":{"line":128,"column":12},"end":{"line":135,"column":13}},{"start":{},"end":{}}],"line":128},"11":{"loc":{"start":{"line":133,"column":31},"end":{"line":133,"column":60}},"type":"cond-expr","locations":[{"start":{"line":133,"column":44},"end":{"line":133,"column":50}},{"start":{"line":133,"column":53},"end":{"line":133,"column":60}}],"line":133},"12":{"loc":{"start":{"line":144,"column":8},"end":{"line":144,"column":78}},"type":"if","locations":[{"start":{"line":144,"column":8},"end":{"line":144,"column":78}},{"start":{},"end":{}}],"line":144},"13":{"loc":{"start":{"line":144,"column":12},"end":{"line":144,"column":63}},"type":"binary-expr","locations":[{"start":{"line":144,"column":12},"end":{"line":144,"column":25}},{"start":{"line":144,"column":29},"end":{"line":144,"column":42}},{"start":{"line":144,"column":46},"end":{"line":144,"column":63}}],"line":144},"14":{"loc":{"start":{"line":175,"column":8},"end":{"line":175,"column":39}},"type":"if","locations":[{"start":{"line":175,"column":8},"end":{"line":175,"column":39}},{"start":{},"end":{}}],"line":175},"15":{"loc":{"start":{"line":189,"column":8},"end":{"line":189,"column":39}},"type":"if","locations":[{"start":{"line":189,"column":8},"end":{"line":189,"column":39}},{"start":{},"end":{}}],"line":189},"16":{"loc":{"start":{"line":195,"column":8},"end":{"line":195,"column":39}},"type":"if","locations":[{"start":{"line":195,"column":8},"end":{"line":195,"column":39}},{"start":{},"end":{}}],"line":195},"17":{"loc":{"start":{"line":204,"column":12},"end":{"line":206,"column":13}},"type":"if","locations":[{"start":{"line":204,"column":12},"end":{"line":206,"column":13}},{"start":{},"end":{}}],"line":204},"18":{"loc":{"start":{"line":217,"column":12},"end":{"line":219,"column":13}},"type":"if","locations":[{"start":{"line":217,"column":12},"end":{"line":219,"column":13}},{"start":{},"end":{}}],"line":217},"19":{"loc":{"start":{"line":227,"column":0},"end":{"line":229,"column":1}},"type":"if","locations":[{"start":{"line":227,"column":0},"end":{"line":229,"column":1}},{"start":{},"end":{}}],"line":227},"20":{"loc":{"start":{"line":227,"column":4},"end":{"line":227,"column":51}},"type":"binary-expr","locations":[{"start":{"line":227,"column":4},"end":{"line":227,"column":33}},{"start":{"line":227,"column":37},"end":{"line":227,"column":51}}],"line":227},"21":{"loc":{"start":{"line":232,"column":0},"end":{"line":234,"column":1}},"type":"if","locations":[{"start":{"line":232,"column":0},"end":{"line":234,"column":1}},{"start":{},"end":{}}],"line":232},"22":{"loc":{"start":{"line":232,"column":4},"end":{"line":232,"column":51}},"type":"binary-expr","locations":[{"start":{"line":232,"column":4},"end":{"line":232,"column":33}},{"start":{"line":232,"column":37},"end":{"line":232,"column":51}}],"line":232}},"s":{"0":8,"1":8,"2":8,"3":8,"4":8,"5":8,"6":8,"7":8,"8":8,"9":8,"10":8,"11":44,"12":12,"13":32,"14":5,"15":2,"16":3,"17":3,"18":3,"19":3,"20":3,"21":3,"22":9,"23":9,"24":27,"25":3,"26":24,"27":24,"28":24,"29":24,"30":16,"31":3,"32":0,"33":0,"34":0,"35":0,"36":0,"37":0,"38":0,"39":0,"40":0,"41":0,"42":0,"43":0,"44":0,"45":0,"46":0,"47":0,"48":0,"49":0,"50":1,"51":0,"52":1,"53":1,"54":1,"55":1,"56":1,"57":1,"58":1,"59":1,"60":1,"61":1,"62":1,"63":1,"64":1,"65":1,"66":1,"67":1,"68":1,"69":1,"70":1,"71":1,"72":0,"73":1,"74":1,"75":1,"76":1,"77":1,"78":1,"79":1,"80":0,"81":0,"82":0,"83":0,"84":0,"85":0,"86":1,"87":1,"88":1,"89":100,"90":3,"91":1,"92":1,"93":1,"94":1,"95":100,"96":4,"97":1,"98":8,"99":8,"100":8,"101":8},"f":{"0":8,"1":44,"2":5,"3":3,"4":0,"5":0,"6":1,"7":1,"8":0,"9":0,"10":1,"11":1},"b":{"0":[12,32],"1":[44,37,36,33],"2":[2,3],"3":[5,4],"4":[3,24],"5":[27,9],"6":[16,8],"7":[16,11],"8":[0,0],"9":[0,0],"10":[0,0],"11":[0,0],"12":[0,1],"13":[1,1,1],"14":[0,1],"15":[0,0],"16":[0,0],"17":[3,97],"18":[4,96],"19":[8,0],"20":[8,8],"21":[8,0],"22":[8,8]},"inputSourceMap":null,"_coverageSchema":"1a1c01bbd47fc00a2c39e90264f33305004495a9","hash":"89c9da6a59027e39b21f97aa967a47a6a4f781bd"}
,"/home/ahundredeggs/ecosim/js/biology/plant/plant-system.js": {"path":"/home/ahundredeggs/ecosim/js/biology/plant/plant-system.js","statementMap":{"0":{"start":{"line":4,"column":20},"end":{"line":757,"column":1}},"1":{"start":{"line":99,"column":8},"end":{"line":99,"column":37}},"2":{"start":{"line":100,"column":8},"end":{"line":100,"column":39}},"3":{"start":{"line":101,"column":8},"end":{"line":101,"column":39}},"4":{"start":{"line":102,"column":8},"end":{"line":102,"column":41}},"5":{"start":{"line":104,"column":8},"end":{"line":104,"column":52}},"6":{"start":{"line":107,"column":8},"end":{"line":107,"column":53}},"7":{"start":{"line":108,"column":8},"end":{"line":108,"column":53}},"8":{"start":{"line":109,"column":8},"end":{"line":109,"column":53}},"9":{"start":{"line":110,"column":8},"end":{"line":110,"column":57}},"10":{"start":{"line":113,"column":8},"end":{"line":113,"column":28}},"11":{"start":{"line":116,"column":8},"end":{"line":116,"column":31}},"12":{"start":{"line":117,"column":8},"end":{"line":117,"column":30}},"13":{"start":{"line":118,"column":8},"end":{"line":118,"column":30}},"14":{"start":{"line":119,"column":8},"end":{"line":119,"column":34}},"15":{"start":{"line":121,"column":8},"end":{"line":121,"column":20}},"16":{"start":{"line":134,"column":8},"end":{"line":134,"column":41}},"17":{"start":{"line":135,"column":8},"end":{"line":135,"column":40}},"18":{"start":{"line":136,"column":8},"end":{"line":136,"column":45}},"19":{"start":{"line":137,"column":8},"end":{"line":137,"column":46}},"20":{"start":{"line":138,"column":8},"end":{"line":138,"column":43}},"21":{"start":{"line":139,"column":8},"end":{"line":139,"column":40}},"22":{"start":{"line":142,"column":8},"end":{"line":144,"column":9}},"23":{"start":{"line":143,"column":12},"end":{"line":143,"column":86}},"24":{"start":{"line":145,"column":8},"end":{"line":147,"column":9}},"25":{"start":{"line":146,"column":12},"end":{"line":146,"column":85}},"26":{"start":{"line":150,"column":8},"end":{"line":152,"column":9}},"27":{"start":{"line":151,"column":12},"end":{"line":151,"column":64}},"28":{"start":{"line":155,"column":8},"end":{"line":155,"column":57}},"29":{"start":{"line":156,"column":8},"end":{"line":156,"column":56}},"30":{"start":{"line":157,"column":8},"end":{"line":157,"column":48}},"31":{"start":{"line":160,"column":8},"end":{"line":160,"column":52}},"32":{"start":{"line":163,"column":8},"end":{"line":163,"column":39}},"33":{"start":{"line":166,"column":8},"end":{"line":166,"column":45}},"34":{"start":{"line":169,"column":8},"end":{"line":169,"column":66}},"35":{"start":{"line":172,"column":8},"end":{"line":192,"column":11}},"36":{"start":{"line":173,"column":12},"end":{"line":191,"column":13}},"37":{"start":{"line":174,"column":31},"end":{"line":174,"column":57}},"38":{"start":{"line":177,"column":16},"end":{"line":190,"column":17}},"39":{"start":{"line":179,"column":20},"end":{"line":183,"column":21}},"40":{"start":{"line":180,"column":24},"end":{"line":180,"column":50}},"41":{"start":{"line":182,"column":24},"end":{"line":182,"column":48}},"42":{"start":{"line":186,"column":20},"end":{"line":186,"column":88}},"43":{"start":{"line":189,"column":20},"end":{"line":189,"column":86}},"44":{"start":{"line":197,"column":24},"end":{"line":197,"column":25}},"45":{"start":{"line":198,"column":28},"end":{"line":198,"column":29}},"46":{"start":{"line":199,"column":24},"end":{"line":199,"column":25}},"47":{"start":{"line":200,"column":31},"end":{"line":200,"column":32}},"48":{"start":{"line":203,"column":8},"end":{"line":221,"column":11}},"49":{"start":{"line":204,"column":12},"end":{"line":220,"column":13}},"50":{"start":{"line":205,"column":16},"end":{"line":205,"column":35}},"51":{"start":{"line":206,"column":31},"end":{"line":206,"column":57}},"52":{"start":{"line":207,"column":30},"end":{"line":207,"column":52}},"53":{"start":{"line":209,"column":16},"end":{"line":219,"column":17}},"54":{"start":{"line":210,"column":20},"end":{"line":210,"column":32}},"55":{"start":{"line":212,"column":40},"end":{"line":212,"column":74}},"56":{"start":{"line":213,"column":45},"end":{"line":213,"column":67}},"57":{"start":{"line":214,"column":20},"end":{"line":216,"column":21}},"58":{"start":{"line":215,"column":24},"end":{"line":215,"column":57}},"59":{"start":{"line":217,"column":23},"end":{"line":219,"column":17}},"60":{"start":{"line":218,"column":20},"end":{"line":218,"column":32}},"61":{"start":{"line":224,"column":8},"end":{"line":224,"column":53}},"62":{"start":{"line":225,"column":8},"end":{"line":225,"column":48}},"63":{"start":{"line":226,"column":8},"end":{"line":226,"column":55}},"64":{"start":{"line":230,"column":8},"end":{"line":233,"column":9}},"65":{"start":{"line":232,"column":12},"end":{"line":232,"column":101}},"66":{"start":{"line":236,"column":26},"end":{"line":236,"column":67}},"67":{"start":{"line":237,"column":8},"end":{"line":247,"column":9}},"68":{"start":{"line":239,"column":12},"end":{"line":239,"column":83}},"69":{"start":{"line":242,"column":12},"end":{"line":242,"column":123}},"70":{"start":{"line":245,"column":12},"end":{"line":245,"column":49}},"71":{"start":{"line":246,"column":12},"end":{"line":246,"column":50}},"72":{"start":{"line":250,"column":8},"end":{"line":250,"column":53}},"73":{"start":{"line":257,"column":28},"end":{"line":257,"column":62}},"74":{"start":{"line":260,"column":8},"end":{"line":287,"column":11}},"75":{"start":{"line":261,"column":12},"end":{"line":286,"column":13}},"76":{"start":{"line":264,"column":31},"end":{"line":264,"column":57}},"77":{"start":{"line":267,"column":16},"end":{"line":285,"column":17}},"78":{"start":{"line":269,"column":38},"end":{"line":269,"column":86}},"79":{"start":{"line":270,"column":39},"end":{"line":270,"column":44}},"80":{"start":{"line":272,"column":20},"end":{"line":277,"column":21}},"81":{"start":{"line":273,"column":24},"end":{"line":276,"column":25}},"82":{"start":{"line":274,"column":28},"end":{"line":274,"column":48}},"83":{"start":{"line":275,"column":28},"end":{"line":275,"column":34}},"84":{"start":{"line":280,"column":20},"end":{"line":284,"column":21}},"85":{"start":{"line":282,"column":24},"end":{"line":282,"column":76}},"86":{"start":{"line":283,"column":24},"end":{"line":283,"column":71}},"87":{"start":{"line":292,"column":8},"end":{"line":381,"column":11}},"88":{"start":{"line":293,"column":12},"end":{"line":380,"column":13}},"89":{"start":{"line":294,"column":31},"end":{"line":294,"column":57}},"90":{"start":{"line":297,"column":34},"end":{"line":297,"column":82}},"91":{"start":{"line":298,"column":44},"end":{"line":298,"column":45}},"92":{"start":{"line":300,"column":16},"end":{"line":304,"column":17}},"93":{"start":{"line":301,"column":20},"end":{"line":303,"column":21}},"94":{"start":{"line":302,"column":24},"end":{"line":302,"column":48}},"95":{"start":{"line":307,"column":16},"end":{"line":379,"column":17}},"96":{"start":{"line":309,"column":20},"end":{"line":309,"column":63}},"97":{"start":{"line":312,"column":20},"end":{"line":375,"column":21}},"98":{"start":{"line":314,"column":24},"end":{"line":318,"column":25}},"99":{"start":{"line":315,"column":28},"end":{"line":315,"column":59}},"100":{"start":{"line":317,"column":28},"end":{"line":317,"column":59}},"101":{"start":{"line":321,"column":24},"end":{"line":351,"column":25}},"102":{"start":{"line":323,"column":49},"end":{"line":323,"column":53}},"103":{"start":{"line":324,"column":28},"end":{"line":329,"column":29}},"104":{"start":{"line":325,"column":32},"end":{"line":328,"column":33}},"105":{"start":{"line":326,"column":36},"end":{"line":326,"column":62}},"106":{"start":{"line":327,"column":36},"end":{"line":327,"column":42}},"107":{"start":{"line":331,"column":28},"end":{"line":347,"column":29}},"108":{"start":{"line":333,"column":32},"end":{"line":334,"column":81}},"109":{"start":{"line":337,"column":32},"end":{"line":339,"column":33}},"110":{"start":{"line":338,"column":36},"end":{"line":338,"column":80}},"111":{"start":{"line":342,"column":32},"end":{"line":342,"column":70}},"112":{"start":{"line":343,"column":32},"end":{"line":343,"column":75}},"113":{"start":{"line":346,"column":32},"end":{"line":346,"column":70}},"114":{"start":{"line":350,"column":28},"end":{"line":350,"column":56}},"115":{"start":{"line":354,"column":25},"end":{"line":375,"column":21}},"116":{"start":{"line":356,"column":43},"end":{"line":356,"column":45}},"117":{"start":{"line":357,"column":24},"end":{"line":361,"column":25}},"118":{"start":{"line":358,"column":28},"end":{"line":360,"column":29}},"119":{"start":{"line":359,"column":32},"end":{"line":359,"column":60}},"120":{"start":{"line":364,"column":24},"end":{"line":371,"column":25}},"121":{"start":{"line":365,"column":46},"end":{"line":365,"column":107}},"122":{"start":{"line":366,"column":28},"end":{"line":366,"column":73}},"123":{"start":{"line":367,"column":28},"end":{"line":367,"column":66}},"124":{"start":{"line":370,"column":28},"end":{"line":370,"column":56}},"125":{"start":{"line":374,"column":24},"end":{"line":374,"column":52}},"126":{"start":{"line":378,"column":20},"end":{"line":378,"column":48}},"127":{"start":{"line":387,"column":22},"end":{"line":387,"column":61}},"128":{"start":{"line":392,"column":20},"end":{"line":392,"column":21}},"129":{"start":{"line":395,"column":8},"end":{"line":430,"column":9}},"130":{"start":{"line":396,"column":33},"end":{"line":396,"column":47}},"131":{"start":{"line":399,"column":12},"end":{"line":399,"column":80}},"132":{"start":{"line":399,"column":71},"end":{"line":399,"column":80}},"133":{"start":{"line":400,"column":12},"end":{"line":400,"column":70}},"134":{"start":{"line":403,"column":27},"end":{"line":403,"column":60}},"135":{"start":{"line":406,"column":30},"end":{"line":406,"column":78}},"136":{"start":{"line":408,"column":12},"end":{"line":429,"column":13}},"137":{"start":{"line":410,"column":16},"end":{"line":418,"column":17}},"138":{"start":{"line":414,"column":20},"end":{"line":414,"column":81}},"139":{"start":{"line":417,"column":20},"end":{"line":417,"column":47}},"140":{"start":{"line":422,"column":16},"end":{"line":428,"column":17}},"141":{"start":{"line":425,"column":20},"end":{"line":427,"column":21}},"142":{"start":{"line":426,"column":24},"end":{"line":426,"column":85}},"143":{"start":{"line":434,"column":8},"end":{"line":434,"column":41}},"144":{"start":{"line":441,"column":33},"end":{"line":441,"column":35}},"145":{"start":{"line":444,"column":8},"end":{"line":449,"column":9}},"146":{"start":{"line":444,"column":21},"end":{"line":444,"column":22}},"147":{"start":{"line":445,"column":12},"end":{"line":448,"column":13}},"148":{"start":{"line":447,"column":16},"end":{"line":447,"column":41}},"149":{"start":{"line":452,"column":29},"end":{"line":452,"column":30}},"150":{"start":{"line":453,"column":28},"end":{"line":453,"column":62}},"151":{"start":{"line":454,"column":30},"end":{"line":454,"column":31}},"152":{"start":{"line":457,"column":8},"end":{"line":465,"column":9}},"153":{"start":{"line":458,"column":12},"end":{"line":464,"column":13}},"154":{"start":{"line":459,"column":31},"end":{"line":459,"column":57}},"155":{"start":{"line":461,"column":16},"end":{"line":463,"column":17}},"156":{"start":{"line":462,"column":20},"end":{"line":462,"column":38}},"157":{"start":{"line":468,"column":8},"end":{"line":470,"column":9}},"158":{"start":{"line":469,"column":12},"end":{"line":469,"column":72}},"159":{"start":{"line":473,"column":40},"end":{"line":473,"column":93}},"160":{"start":{"line":476,"column":8},"end":{"line":543,"column":9}},"161":{"start":{"line":477,"column":26},"end":{"line":477,"column":48}},"162":{"start":{"line":478,"column":27},"end":{"line":478,"column":53}},"163":{"start":{"line":481,"column":12},"end":{"line":542,"column":13}},"164":{"start":{"line":483,"column":41},"end":{"line":483,"column":63}},"165":{"start":{"line":486,"column":34},"end":{"line":486,"column":82}},"166":{"start":{"line":487,"column":35},"end":{"line":487,"column":36}},"167":{"start":{"line":489,"column":16},"end":{"line":500,"column":17}},"168":{"start":{"line":490,"column":20},"end":{"line":499,"column":21}},"169":{"start":{"line":492,"column":24},"end":{"line":492,"column":39}},"170":{"start":{"line":495,"column":24},"end":{"line":498,"column":25}},"171":{"start":{"line":497,"column":28},"end":{"line":497,"column":48}},"172":{"start":{"line":503,"column":46},"end":{"line":505,"column":57}},"173":{"start":{"line":508,"column":38},"end":{"line":508,"column":41}},"174":{"start":{"line":511,"column":16},"end":{"line":513,"column":17}},"175":{"start":{"line":512,"column":20},"end":{"line":512,"column":42}},"176":{"start":{"line":515,"column":16},"end":{"line":517,"column":17}},"177":{"start":{"line":516,"column":20},"end":{"line":516,"column":42}},"178":{"start":{"line":520,"column":16},"end":{"line":524,"column":17}},"179":{"start":{"line":521,"column":20},"end":{"line":521,"column":42}},"180":{"start":{"line":522,"column":23},"end":{"line":524,"column":17}},"181":{"start":{"line":523,"column":20},"end":{"line":523,"column":42}},"182":{"start":{"line":527,"column":16},"end":{"line":529,"column":17}},"183":{"start":{"line":528,"column":20},"end":{"line":528,"column":73}},"184":{"start":{"line":532,"column":43},"end":{"line":532,"column":95}},"185":{"start":{"line":533,"column":16},"end":{"line":536,"column":17}},"186":{"start":{"line":535,"column":20},"end":{"line":535,"column":75}},"187":{"start":{"line":539,"column":16},"end":{"line":541,"column":17}},"188":{"start":{"line":540,"column":20},"end":{"line":540,"column":72}},"189":{"start":{"line":549,"column":8},"end":{"line":549,"column":51}},"190":{"start":{"line":552,"column":22},"end":{"line":552,"column":44}},"191":{"start":{"line":555,"column":8},"end":{"line":555,"column":54}},"192":{"start":{"line":558,"column":8},"end":{"line":576,"column":9}},"193":{"start":{"line":561,"column":16},"end":{"line":561,"column":47}},"194":{"start":{"line":562,"column":16},"end":{"line":562,"column":22}},"195":{"start":{"line":565,"column":16},"end":{"line":565,"column":47}},"196":{"start":{"line":566,"column":16},"end":{"line":566,"column":80}},"197":{"start":{"line":567,"column":16},"end":{"line":567,"column":22}},"198":{"start":{"line":570,"column":16},"end":{"line":570,"column":47}},"199":{"start":{"line":571,"column":16},"end":{"line":571,"column":22}},"200":{"start":{"line":574,"column":16},"end":{"line":574,"column":47}},"201":{"start":{"line":575,"column":16},"end":{"line":575,"column":22}},"202":{"start":{"line":579,"column":8},"end":{"line":579,"column":37}},"203":{"start":{"line":582,"column":8},"end":{"line":582,"column":52}},"204":{"start":{"line":585,"column":8},"end":{"line":585,"column":36}},"205":{"start":{"line":589,"column":8},"end":{"line":589,"column":63}},"206":{"start":{"line":595,"column":22},"end":{"line":595,"column":24}},"207":{"start":{"line":596,"column":26},"end":{"line":596,"column":35}},"208":{"start":{"line":599,"column":31},"end":{"line":599,"column":75}},"209":{"start":{"line":602,"column":8},"end":{"line":608,"column":9}},"210":{"start":{"line":603,"column":12},"end":{"line":607,"column":13}},"211":{"start":{"line":606,"column":16},"end":{"line":606,"column":37}},"212":{"start":{"line":611,"column":8},"end":{"line":664,"column":9}},"213":{"start":{"line":612,"column":28},"end":{"line":612,"column":41}},"214":{"start":{"line":613,"column":33},"end":{"line":613,"column":46}},"215":{"start":{"line":616,"column":12},"end":{"line":616,"column":103}},"216":{"start":{"line":616,"column":94},"end":{"line":616,"column":103}},"217":{"start":{"line":617,"column":12},"end":{"line":617,"column":40}},"218":{"start":{"line":620,"column":26},"end":{"line":620,"column":55}},"219":{"start":{"line":623,"column":12},"end":{"line":623,"column":62}},"220":{"start":{"line":626,"column":12},"end":{"line":626,"column":65}},"221":{"start":{"line":629,"column":12},"end":{"line":643,"column":13}},"222":{"start":{"line":631,"column":20},"end":{"line":631,"column":58}},"223":{"start":{"line":632,"column":20},"end":{"line":632,"column":26}},"224":{"start":{"line":634,"column":20},"end":{"line":634,"column":58}},"225":{"start":{"line":635,"column":20},"end":{"line":635,"column":98}},"226":{"start":{"line":636,"column":20},"end":{"line":636,"column":26}},"227":{"start":{"line":638,"column":20},"end":{"line":638,"column":58}},"228":{"start":{"line":639,"column":20},"end":{"line":639,"column":26}},"229":{"start":{"line":641,"column":20},"end":{"line":641,"column":58}},"230":{"start":{"line":642,"column":20},"end":{"line":642,"column":26}},"231":{"start":{"line":646,"column":12},"end":{"line":646,"column":63}},"232":{"start":{"line":649,"column":12},"end":{"line":649,"column":47}},"233":{"start":{"line":652,"column":27},"end":{"line":652,"column":60}},"234":{"start":{"line":653,"column":30},"end":{"line":653,"column":78}},"235":{"start":{"line":656,"column":12},"end":{"line":663,"column":13}},"236":{"start":{"line":657,"column":16},"end":{"line":662,"column":17}},"237":{"start":{"line":661,"column":20},"end":{"line":661,"column":41}},"238":{"start":{"line":669,"column":8},"end":{"line":669,"column":51}},"239":{"start":{"line":672,"column":22},"end":{"line":672,"column":44}},"240":{"start":{"line":675,"column":8},"end":{"line":692,"column":9}},"241":{"start":{"line":677,"column":16},"end":{"line":677,"column":74}},"242":{"start":{"line":678,"column":16},"end":{"line":678,"column":22}},"243":{"start":{"line":680,"column":16},"end":{"line":680,"column":74}},"244":{"start":{"line":681,"column":16},"end":{"line":681,"column":22}},"245":{"start":{"line":683,"column":16},"end":{"line":683,"column":74}},"246":{"start":{"line":684,"column":16},"end":{"line":684,"column":22}},"247":{"start":{"line":686,"column":16},"end":{"line":686,"column":78}},"248":{"start":{"line":687,"column":16},"end":{"line":687,"column":22}},"249":{"start":{"line":690,"column":16},"end":{"line":690,"column":44}},"250":{"start":{"line":691,"column":16},"end":{"line":691,"column":22}},"251":{"start":{"line":695,"column":8},"end":{"line":697,"column":9}},"252":{"start":{"line":696,"column":12},"end":{"line":696,"column":81}},"253":{"start":{"line":701,"column":8},"end":{"line":712,"column":9}},"254":{"start":{"line":707,"column":12},"end":{"line":711,"column":13}},"255":{"start":{"line":708,"column":16},"end":{"line":708,"column":84}},"256":{"start":{"line":710,"column":16},"end":{"line":710,"column":83}},"257":{"start":{"line":715,"column":8},"end":{"line":715,"column":66}},"258":{"start":{"line":718,"column":8},"end":{"line":720,"column":9}},"259":{"start":{"line":719,"column":12},"end":{"line":719,"column":82}},"260":{"start":{"line":723,"column":8},"end":{"line":734,"column":9}},"261":{"start":{"line":725,"column":12},"end":{"line":729,"column":13}},"262":{"start":{"line":726,"column":16},"end":{"line":726,"column":66}},"263":{"start":{"line":727,"column":16},"end":{"line":727,"column":44}},"264":{"start":{"line":728,"column":16},"end":{"line":728,"column":23}},"265":{"start":{"line":731,"column":12},"end":{"line":731,"column":58}},"266":{"start":{"line":732,"column":12},"end":{"line":732,"column":40}},"267":{"start":{"line":733,"column":12},"end":{"line":733,"column":19}},"268":{"start":{"line":737,"column":8},"end":{"line":755,"column":9}},"269":{"start":{"line":739,"column":36},"end":{"line":739,"column":39}},"270":{"start":{"line":742,"column":12},"end":{"line":746,"column":13}},"271":{"start":{"line":743,"column":16},"end":{"line":743,"column":40}},"272":{"start":{"line":744,"column":19},"end":{"line":746,"column":13}},"273":{"start":{"line":745,"column":16},"end":{"line":745,"column":40}},"274":{"start":{"line":749,"column":12},"end":{"line":749,"column":83}},"275":{"start":{"line":752,"column":12},"end":{"line":754,"column":13}},"276":{"start":{"line":753,"column":16},"end":{"line":753,"column":64}},"277":{"start":{"line":760,"column":0},"end":{"line":762,"column":1}},"278":{"start":{"line":761,"column":4},"end":{"line":761,"column":33}}},"fnMap":{"0":{"name":"(anonymous_0)","decl":{"start":{"line":98,"column":10},"end":{"line":98,"column":11}},"loc":{"start":{"line":98,"column":34},"end":{"line":122,"column":5}},"line":98},"1":{"name":"(anonymous_1)","decl":{"start":{"line":132,"column":12},"end":{"line":132,"column":13}},"loc":{"start":{"line":132,"column":53},"end":{"line":193,"column":5}},"line":132},"2":{"name":"(anonymous_2)","decl":{"start":{"line":172,"column":29},"end":{"line":172,"column":30}},"loc":{"start":{"line":172,"column":38},"end":{"line":192,"column":9}},"line":172},"3":{"name":"(anonymous_3)","decl":{"start":{"line":196,"column":23},"end":{"line":196,"column":24}},"loc":{"start":{"line":196,"column":46},"end":{"line":251,"column":5}},"line":196},"4":{"name":"(anonymous_4)","decl":{"start":{"line":203,"column":29},"end":{"line":203,"column":30}},"loc":{"start":{"line":203,"column":38},"end":{"line":221,"column":9}},"line":203},"5":{"name":"(anonymous_5)","decl":{"start":{"line":255,"column":30},"end":{"line":255,"column":31}},"loc":{"start":{"line":255,"column":53},"end":{"line":288,"column":5}},"line":255},"6":{"name":"(anonymous_6)","decl":{"start":{"line":260,"column":29},"end":{"line":260,"column":30}},"loc":{"start":{"line":260,"column":38},"end":{"line":287,"column":9}},"line":260},"7":{"name":"(anonymous_7)","decl":{"start":{"line":291,"column":26},"end":{"line":291,"column":27}},"loc":{"start":{"line":291,"column":67},"end":{"line":382,"column":5}},"line":291},"8":{"name":"(anonymous_8)","decl":{"start":{"line":292,"column":29},"end":{"line":292,"column":30}},"loc":{"start":{"line":292,"column":38},"end":{"line":381,"column":9}},"line":292},"9":{"name":"(anonymous_9)","decl":{"start":{"line":385,"column":29},"end":{"line":385,"column":30}},"loc":{"start":{"line":385,"column":40},"end":{"line":435,"column":5}},"line":385},"10":{"name":"(anonymous_10)","decl":{"start":{"line":438,"column":31},"end":{"line":438,"column":32}},"loc":{"start":{"line":438,"column":42},"end":{"line":544,"column":5}},"line":438},"11":{"name":"(anonymous_11)","decl":{"start":{"line":547,"column":21},"end":{"line":547,"column":22}},"loc":{"start":{"line":547,"column":61},"end":{"line":590,"column":5}},"line":547},"12":{"name":"(anonymous_12)","decl":{"start":{"line":593,"column":31},"end":{"line":593,"column":32}},"loc":{"start":{"line":593,"column":74},"end":{"line":665,"column":5}},"line":593},"13":{"name":"(anonymous_13)","decl":{"start":{"line":667,"column":23},"end":{"line":667,"column":24}},"loc":{"start":{"line":667,"column":63},"end":{"line":756,"column":5}},"line":667}},"branchMap":{"0":{"loc":{"start":{"line":142,"column":8},"end":{"line":144,"column":9}},"type":"if","locations":[{"start":{"line":142,"column":8},"end":{"line":144,"column":9}},{"start":{},"end":{}}],"line":142},"1":{"loc":{"start":{"line":145,"column":8},"end":{"line":147,"column":9}},"type":"if","locations":[{"start":{"line":145,"column":8},"end":{"line":147,"column":9}},{"start":{},"end":{}}],"line":145},"2":{"loc":{"start":{"line":150,"column":8},"end":{"line":152,"column":9}},"type":"if","locations":[{"start":{"line":150,"column":8},"end":{"line":152,"column":9}},{"start":{},"end":{}}],"line":150},"3":{"loc":{"start":{"line":173,"column":12},"end":{"line":191,"column":13}},"type":"if","locations":[{"start":{"line":173,"column":12},"end":{"line":191,"column":13}},{"start":{},"end":{}}],"line":173},"4":{"loc":{"start":{"line":173,"column":16},"end":{"line":173,"column":100}},"type":"binary-expr","locations":[{"start":{"line":173,"column":16},"end":{"line":173,"column":57}},{"start":{"line":173,"column":61},"end":{"line":173,"column":100}}],"line":173},"5":{"loc":{"start":{"line":177,"column":16},"end":{"line":190,"column":17}},"type":"if","locations":[{"start":{"line":177,"column":16},"end":{"line":190,"column":17}},{"start":{"line":187,"column":23},"end":{"line":190,"column":17}}],"line":177},"6":{"loc":{"start":{"line":179,"column":20},"end":{"line":183,"column":21}},"type":"if","locations":[{"start":{"line":179,"column":20},"end":{"line":183,"column":21}},{"start":{"line":181,"column":27},"end":{"line":183,"column":21}}],"line":179},"7":{"loc":{"start":{"line":204,"column":12},"end":{"line":220,"column":13}},"type":"if","locations":[{"start":{"line":204,"column":12},"end":{"line":220,"column":13}},{"start":{},"end":{}}],"line":204},"8":{"loc":{"start":{"line":209,"column":16},"end":{"line":219,"column":17}},"type":"if","locations":[{"start":{"line":209,"column":16},"end":{"line":219,"column":17}},{"start":{"line":217,"column":23},"end":{"line":219,"column":17}}],"line":209},"9":{"loc":{"start":{"line":214,"column":20},"end":{"line":216,"column":21}},"type":"if","locations":[{"start":{"line":214,"column":20},"end":{"line":216,"column":21}},{"start":{},"end":{}}],"line":214},"10":{"loc":{"start":{"line":217,"column":23},"end":{"line":219,"column":17}},"type":"if","locations":[{"start":{"line":217,"column":23},"end":{"line":219,"column":17}},{"start":{},"end":{}}],"line":217},"11":{"loc":{"start":{"line":230,"column":8},"end":{"line":233,"column":9}},"type":"if","locations":[{"start":{"line":230,"column":8},"end":{"line":233,"column":9}},{"start":{},"end":{}}],"line":230},"12":{"loc":{"start":{"line":237,"column":8},"end":{"line":247,"column":9}},"type":"if","locations":[{"start":{"line":237,"column":8},"end":{"line":247,"column":9}},{"start":{"line":243,"column":15},"end":{"line":247,"column":9}}],"line":237},"13":{"loc":{"start":{"line":261,"column":12},"end":{"line":286,"column":13}},"type":"if","locations":[{"start":{"line":261,"column":12},"end":{"line":286,"column":13}},{"start":{},"end":{}}],"line":261},"14":{"loc":{"start":{"line":261,"column":16},"end":{"line":262,"column":58}},"type":"binary-expr","locations":[{"start":{"line":261,"column":16},"end":{"line":261,"column":57}},{"start":{"line":262,"column":16},"end":{"line":262,"column":58}}],"line":261},"15":{"loc":{"start":{"line":267,"column":16},"end":{"line":285,"column":17}},"type":"if","locations":[{"start":{"line":267,"column":16},"end":{"line":285,"column":17}},{"start":{},"end":{}}],"line":267},"16":{"loc":{"start":{"line":273,"column":24},"end":{"line":276,"column":25}},"type":"if","locations":[{"start":{"line":273,"column":24},"end":{"line":276,"column":25}},{"start":{},"end":{}}],"line":273},"17":{"loc":{"start":{"line":280,"column":20},"end":{"line":284,"column":21}},"type":"if","locations":[{"start":{"line":280,"column":20},"end":{"line":284,"column":21}},{"start":{},"end":{}}],"line":280},"18":{"loc":{"start":{"line":293,"column":12},"end":{"line":380,"column":13}},"type":"if","locations":[{"start":{"line":293,"column":12},"end":{"line":380,"column":13}},{"start":{},"end":{}}],"line":293},"19":{"loc":{"start":{"line":293,"column":16},"end":{"line":293,"column":106}},"type":"binary-expr","locations":[{"start":{"line":293,"column":16},"end":{"line":293,"column":63}},{"start":{"line":293,"column":67},"end":{"line":293,"column":106}}],"line":293},"20":{"loc":{"start":{"line":301,"column":20},"end":{"line":303,"column":21}},"type":"if","locations":[{"start":{"line":301,"column":20},"end":{"line":303,"column":21}},{"start":{},"end":{}}],"line":301},"21":{"loc":{"start":{"line":307,"column":16},"end":{"line":379,"column":17}},"type":"if","locations":[{"start":{"line":307,"column":16},"end":{"line":379,"column":17}},{"start":{"line":376,"column":23},"end":{"line":379,"column":17}}],"line":307},"22":{"loc":{"start":{"line":312,"column":20},"end":{"line":375,"column":21}},"type":"if","locations":[{"start":{"line":312,"column":20},"end":{"line":375,"column":21}},{"start":{"line":354,"column":25},"end":{"line":375,"column":21}}],"line":312},"23":{"loc":{"start":{"line":314,"column":24},"end":{"line":318,"column":25}},"type":"if","locations":[{"start":{"line":314,"column":24},"end":{"line":318,"column":25}},{"start":{"line":316,"column":31},"end":{"line":318,"column":25}}],"line":314},"24":{"loc":{"start":{"line":321,"column":24},"end":{"line":351,"column":25}},"type":"if","locations":[{"start":{"line":321,"column":24},"end":{"line":351,"column":25}},{"start":{"line":348,"column":31},"end":{"line":351,"column":25}}],"line":321},"25":{"loc":{"start":{"line":325,"column":32},"end":{"line":328,"column":33}},"type":"if","locations":[{"start":{"line":325,"column":32},"end":{"line":328,"column":33}},{"start":{},"end":{}}],"line":325},"26":{"loc":{"start":{"line":331,"column":28},"end":{"line":347,"column":29}},"type":"if","locations":[{"start":{"line":331,"column":28},"end":{"line":347,"column":29}},{"start":{"line":344,"column":35},"end":{"line":347,"column":29}}],"line":331},"27":{"loc":{"start":{"line":337,"column":32},"end":{"line":339,"column":33}},"type":"if","locations":[{"start":{"line":337,"column":32},"end":{"line":339,"column":33}},{"start":{},"end":{}}],"line":337},"28":{"loc":{"start":{"line":354,"column":25},"end":{"line":375,"column":21}},"type":"if","locations":[{"start":{"line":354,"column":25},"end":{"line":375,"column":21}},{"start":{"line":372,"column":27},"end":{"line":375,"column":21}}],"line":354},"29":{"loc":{"start":{"line":358,"column":28},"end":{"line":360,"column":29}},"type":"if","locations":[{"start":{"line":358,"column":28},"end":{"line":360,"column":29}},{"start":{},"end":{}}],"line":358},"30":{"loc":{"start":{"line":364,"column":24},"end":{"line":371,"column":25}},"type":"if","locations":[{"start":{"line":364,"column":24},"end":{"line":371,"column":25}},{"start":{"line":368,"column":31},"end":{"line":371,"column":25}}],"line":364},"31":{"loc":{"start":{"line":399,"column":12},"end":{"line":399,"column":80}},"type":"if","locations":[{"start":{"line":399,"column":12},"end":{"line":399,"column":80}},{"start":{},"end":{}}],"line":399},"32":{"loc":{"start":{"line":410,"column":16},"end":{"line":418,"column":17}},"type":"if","locations":[{"start":{"line":410,"column":16},"end":{"line":418,"column":17}},{"start":{},"end":{}}],"line":410},"33":{"loc":{"start":{"line":410,"column":20},"end":{"line":411,"column":76}},"type":"binary-expr","locations":[{"start":{"line":410,"column":20},"end":{"line":410,"column":70}},{"start":{"line":411,"column":20},"end":{"line":411,"column":76}}],"line":410},"34":{"loc":{"start":{"line":422,"column":16},"end":{"line":428,"column":17}},"type":"if","locations":[{"start":{"line":422,"column":16},"end":{"line":428,"column":17}},{"start":{},"end":{}}],"line":422},"35":{"loc":{"start":{"line":425,"column":20},"end":{"line":427,"column":21}},"type":"if","locations":[{"start":{"line":425,"column":20},"end":{"line":427,"column":21}},{"start":{},"end":{}}],"line":425},"36":{"loc":{"start":{"line":445,"column":12},"end":{"line":448,"column":13}},"type":"if","locations":[{"start":{"line":445,"column":12},"end":{"line":448,"column":13}},{"start":{},"end":{}}],"line":445},"37":{"loc":{"start":{"line":445,"column":16},"end":{"line":446,"column":53}},"type":"binary-expr","locations":[{"start":{"line":445,"column":16},"end":{"line":445,"column":59}},{"start":{"line":446,"column":16},"end":{"line":446,"column":53}}],"line":445},"38":{"loc":{"start":{"line":458,"column":12},"end":{"line":464,"column":13}},"type":"if","locations":[{"start":{"line":458,"column":12},"end":{"line":464,"column":13}},{"start":{},"end":{}}],"line":458},"39":{"loc":{"start":{"line":461,"column":16},"end":{"line":463,"column":17}},"type":"if","locations":[{"start":{"line":461,"column":16},"end":{"line":463,"column":17}},{"start":{},"end":{}}],"line":461},"40":{"loc":{"start":{"line":461,"column":20},"end":{"line":461,"column":73}},"type":"binary-expr","locations":[{"start":{"line":461,"column":20},"end":{"line":461,"column":47}},{"start":{"line":461,"column":51},"end":{"line":461,"column":73}}],"line":461},"41":{"loc":{"start":{"line":468,"column":8},"end":{"line":470,"column":9}},"type":"if","locations":[{"start":{"line":468,"column":8},"end":{"line":470,"column":9}},{"start":{},"end":{}}],"line":468},"42":{"loc":{"start":{"line":481,"column":12},"end":{"line":542,"column":13}},"type":"if","locations":[{"start":{"line":481,"column":12},"end":{"line":542,"column":13}},{"start":{},"end":{}}],"line":481},"43":{"loc":{"start":{"line":490,"column":20},"end":{"line":499,"column":21}},"type":"if","locations":[{"start":{"line":490,"column":20},"end":{"line":499,"column":21}},{"start":{},"end":{}}],"line":490},"44":{"loc":{"start":{"line":490,"column":24},"end":{"line":491,"column":80}},"type":"binary-expr","locations":[{"start":{"line":490,"column":24},"end":{"line":490,"column":74}},{"start":{"line":491,"column":24},"end":{"line":491,"column":80}}],"line":490},"45":{"loc":{"start":{"line":495,"column":24},"end":{"line":498,"column":25}},"type":"if","locations":[{"start":{"line":495,"column":24},"end":{"line":498,"column":25}},{"start":{},"end":{}}],"line":495},"46":{"loc":{"start":{"line":511,"column":16},"end":{"line":513,"column":17}},"type":"if","locations":[{"start":{"line":511,"column":16},"end":{"line":513,"column":17}},{"start":{},"end":{}}],"line":511},"47":{"loc":{"start":{"line":515,"column":16},"end":{"line":517,"column":17}},"type":"if","locations":[{"start":{"line":515,"column":16},"end":{"line":517,"column":17}},{"start":{},"end":{}}],"line":515},"48":{"loc":{"start":{"line":520,"column":16},"end":{"line":524,"column":17}},"type":"if","locations":[{"start":{"line":520,"column":16},"end":{"line":524,"column":17}},{"start":{"line":522,"column":23},"end":{"line":524,"column":17}}],"line":520},"49":{"loc":{"start":{"line":522,"column":23},"end":{"line":524,"column":17}},"type":"if","locations":[{"start":{"line":522,"column":23},"end":{"line":524,"column":17}},{"start":{},"end":{}}],"line":522},"50":{"loc":{"start":{"line":527,"column":16},"end":{"line":529,"column":17}},"type":"if","locations":[{"start":{"line":527,"column":16},"end":{"line":529,"column":17}},{"start":{},"end":{}}],"line":527},"51":{"loc":{"start":{"line":533,"column":16},"end":{"line":536,"column":17}},"type":"if","locations":[{"start":{"line":533,"column":16},"end":{"line":536,"column":17}},{"start":{},"end":{}}],"line":533},"52":{"loc":{"start":{"line":533,"column":20},"end":{"line":533,"column":68}},"type":"binary-expr","locations":[{"start":{"line":533,"column":20},"end":{"line":533,"column":41}},{"start":{"line":533,"column":45},"end":{"line":533,"column":68}}],"line":533},"53":{"loc":{"start":{"line":539,"column":16},"end":{"line":541,"column":17}},"type":"if","locations":[{"start":{"line":539,"column":16},"end":{"line":541,"column":17}},{"start":{},"end":{}}],"line":539},"54":{"loc":{"start":{"line":558,"column":8},"end":{"line":576,"column":9}},"type":"switch","locations":[{"start":{"line":559,"column":12},"end":{"line":562,"column":22}},{"start":{"line":563,"column":12},"end":{"line":567,"column":22}},{"start":{"line":568,"column":12},"end":{"line":571,"column":22}},{"start":{"line":572,"column":12},"end":{"line":575,"column":22}}],"line":558},"55":{"loc":{"start":{"line":603,"column":12},"end":{"line":607,"column":13}},"type":"if","locations":[{"start":{"line":603,"column":12},"end":{"line":607,"column":13}},{"start":{},"end":{}}],"line":603},"56":{"loc":{"start":{"line":603,"column":16},"end":{"line":605,"column":64}},"type":"binary-expr","locations":[{"start":{"line":603,"column":16},"end":{"line":603,"column":66}},{"start":{"line":604,"column":16},"end":{"line":604,"column":73}},{"start":{"line":605,"column":16},"end":{"line":605,"column":64}}],"line":603},"57":{"loc":{"start":{"line":616,"column":12},"end":{"line":616,"column":103}},"type":"if","locations":[{"start":{"line":616,"column":12},"end":{"line":616,"column":103}},{"start":{},"end":{}}],"line":616},"58":{"loc":{"start":{"line":616,"column":16},"end":{"line":616,"column":92}},"type":"binary-expr","locations":[{"start":{"line":616,"column":16},"end":{"line":616,"column":43}},{"start":{"line":616,"column":47},"end":{"line":616,"column":92}}],"line":616},"59":{"loc":{"start":{"line":629,"column":12},"end":{"line":643,"column":13}},"type":"switch","locations":[{"start":{"line":630,"column":16},"end":{"line":632,"column":26}},{"start":{"line":633,"column":16},"end":{"line":636,"column":26}},{"start":{"line":637,"column":16},"end":{"line":639,"column":26}},{"start":{"line":640,"column":16},"end":{"line":642,"column":26}}],"line":629},"60":{"loc":{"start":{"line":657,"column":16},"end":{"line":662,"column":17}},"type":"if","locations":[{"start":{"line":657,"column":16},"end":{"line":662,"column":17}},{"start":{},"end":{}}],"line":657},"61":{"loc":{"start":{"line":657,"column":20},"end":{"line":660,"column":68}},"type":"binary-expr","locations":[{"start":{"line":657,"column":20},"end":{"line":657,"column":70}},{"start":{"line":658,"column":20},"end":{"line":658,"column":77}},{"start":{"line":659,"column":20},"end":{"line":659,"column":50}},{"start":{"line":660,"column":20},"end":{"line":660,"column":68}}],"line":657},"62":{"loc":{"start":{"line":675,"column":8},"end":{"line":692,"column":9}},"type":"switch","locations":[{"start":{"line":676,"column":12},"end":{"line":678,"column":22}},{"start":{"line":679,"column":12},"end":{"line":681,"column":22}},{"start":{"line":682,"column":12},"end":{"line":684,"column":22}},{"start":{"line":685,"column":12},"end":{"line":687,"column":22}},{"start":{"line":688,"column":12},"end":{"line":691,"column":22}}],"line":675},"63":{"loc":{"start":{"line":695,"column":8},"end":{"line":697,"column":9}},"type":"if","locations":[{"start":{"line":695,"column":8},"end":{"line":697,"column":9}},{"start":{},"end":{}}],"line":695},"64":{"loc":{"start":{"line":695,"column":12},"end":{"line":695,"column":69}},"type":"binary-expr","locations":[{"start":{"line":695,"column":12},"end":{"line":695,"column":45}},{"start":{"line":695,"column":49},"end":{"line":695,"column":69}}],"line":695},"65":{"loc":{"start":{"line":701,"column":8},"end":{"line":712,"column":9}},"type":"if","locations":[{"start":{"line":701,"column":8},"end":{"line":712,"column":9}},{"start":{},"end":{}}],"line":701},"66":{"loc":{"start":{"line":701,"column":12},"end":{"line":704,"column":31}},"type":"binary-expr","locations":[{"start":{"line":701,"column":13},"end":{"line":701,"column":38}},{"start":{"line":701,"column":42},"end":{"line":701,"column":67}},{"start":{"line":702,"column":12},"end":{"line":702,"column":44}},{"start":{"line":703,"column":12},"end":{"line":703,"column":39}},{"start":{"line":704,"column":12},"end":{"line":704,"column":31}}],"line":701},"67":{"loc":{"start":{"line":707,"column":12},"end":{"line":711,"column":13}},"type":"if","locations":[{"start":{"line":707,"column":12},"end":{"line":711,"column":13}},{"start":{"line":709,"column":19},"end":{"line":711,"column":13}}],"line":707},"68":{"loc":{"start":{"line":718,"column":8},"end":{"line":720,"column":9}},"type":"if","locations":[{"start":{"line":718,"column":8},"end":{"line":720,"column":9}},{"start":{},"end":{}}],"line":718},"69":{"loc":{"start":{"line":723,"column":8},"end":{"line":734,"column":9}},"type":"if","locations":[{"start":{"line":723,"column":8},"end":{"line":734,"column":9}},{"start":{},"end":{}}],"line":723},"70":{"loc":{"start":{"line":725,"column":12},"end":{"line":729,"column":13}},"type":"if","locations":[{"start":{"line":725,"column":12},"end":{"line":729,"column":13}},{"start":{},"end":{}}],"line":725},"71":{"loc":{"start":{"line":737,"column":8},"end":{"line":755,"column":9}},"type":"if","locations":[{"start":{"line":737,"column":8},"end":{"line":755,"column":9}},{"start":{},"end":{}}],"line":737},"72":{"loc":{"start":{"line":742,"column":12},"end":{"line":746,"column":13}},"type":"if","locations":[{"start":{"line":742,"column":12},"end":{"line":746,"column":13}},{"start":{"line":744,"column":19},"end":{"line":746,"column":13}}],"line":742},"73":{"loc":{"start":{"line":744,"column":19},"end":{"line":746,"column":13}},"type":"if","locations":[{"start":{"line":744,"column":19},"end":{"line":746,"column":13}},{"start":{},"end":{}}],"line":744},"74":{"loc":{"start":{"line":752,"column":12},"end":{"line":754,"column":13}},"type":"if","locations":[{"start":{"line":752,"column":12},"end":{"line":754,"column":13}},{"start":{},"end":{}}],"line":752},"75":{"loc":{"start":{"line":760,"column":0},"end":{"line":762,"column":1}},"type":"if","locations":[{"start":{"line":760,"column":0},"end":{"line":762,"column":1}},{"start":{},"end":{}}],"line":760},"76":{"loc":{"start":{"line":760,"column":4},"end":{"line":760,"column":51}},"type":"binary-expr","locations":[{"start":{"line":760,"column":4},"end":{"line":760,"column":33}},{"start":{"line":760,"column":37},"end":{"line":760,"column":51}}],"line":760}},"s":{"0":5,"1":5,"2":5,"3":5,"4":5,"5":5,"6":5,"7":5,"8":5,"9":5,"10":5,"11":5,"12":5,"13":5,"14":5,"15":5,"16":0,"17":0,"18":0,"19":0,"20":0,"21":0,"22":0,"23":0,"24":0,"25":0,"26":0,"27":0,"28":0,"29":0,"30":0,"31":0,"32":0,"33":0,"34":0,"35":0,"36":0,"37":0,"38":0,"39":0,"40":0,"41":0,"42":0,"43":0,"44":0,"45":0,"46":0,"47":0,"48":0,"49":0,"50":0,"51":0,"52":0,"53":0,"54":0,"55":0,"56":0,"57":0,"58":0,"59":0,"60":0,"61":0,"62":0,"63":0,"64":0,"65":0,"66":0,"67":0,"68":0,"69":0,"70":0,"71":0,"72":0,"73":1,"74":1,"75":3,"76":3,"77":3,"78":2,"79":2,"80":2,"81":2,"82":2,"83":2,"84":2,"85":2,"86":2,"87":0,"88":0,"89":0,"90":0,"91":0,"92":0,"93":0,"94":0,"95":0,"96":0,"97":0,"98":0,"99":0,"100":0,"101":0,"102":0,"103":0,"104":0,"105":0,"106":0,"107":0,"108":0,"109":0,"110":0,"111":0,"112":0,"113":0,"114":0,"115":0,"116":0,"117":0,"118":0,"119":0,"120":0,"121":0,"122":0,"123":0,"124":0,"125":0,"126":0,"127":1,"128":1,"129":1,"130":5,"131":5,"132":1,"133":4,"134":4,"135":4,"136":4,"137":32,"138":4,"139":4,"140":32,"141":24,"142":24,"143":1,"144":1,"145":1,"146":1,"147":2500,"148":4,"149":1,"150":1,"151":1,"152":1,"153":4,"154":2,"155":2,"156":0,"157":1,"158":0,"159":1,"160":1,"161":4,"162":4,"163":4,"164":2,"165":2,"166":2,"167":2,"168":16,"169":5,"170":5,"171":2,"172":2,"173":2,"174":2,"175":0,"176":2,"177":0,"178":2,"179":2,"180":0,"181":0,"182":2,"183":2,"184":2,"185":2,"186":2,"187":2,"188":0,"189":1,"190":1,"191":1,"192":1,"193":1,"194":1,"195":0,"196":0,"197":0,"198":0,"199":0,"200":0,"201":0,"202":1,"203":1,"204":1,"205":1,"206":1,"207":1,"208":1,"209":1,"210":8,"211":0,"212":1,"213":0,"214":0,"215":0,"216":0,"217":0,"218":0,"219":0,"220":0,"221":0,"222":0,"223":0,"224":0,"225":0,"226":0,"227":0,"228":0,"229":0,"230":0,"231":0,"232":0,"233":0,"234":0,"235":0,"236":0,"237":0,"238":4,"239":4,"240":4,"241":1,"242":1,"243":1,"244":1,"245":1,"246":1,"247":1,"248":1,"249":0,"250":0,"251":4,"252":0,"253":4,"254":0,"255":0,"256":0,"257":4,"258":4,"259":0,"260":4,"261":0,"262":0,"263":0,"264":0,"265":0,"266":0,"267":0,"268":4,"269":4,"270":4,"271":1,"272":3,"273":1,"274":4,"275":4,"276":0,"277":5,"278":5},"f":{"0":5,"1":0,"2":0,"3":0,"4":0,"5":1,"6":3,"7":0,"8":0,"9":1,"10":1,"11":1,"12":1,"13":4},"b":{"0":[0,0],"1":[0,0],"2":[0,0],"3":[0,0],"4":[0,0],"5":[0,0],"6":[0,0],"7":[0,0],"8":[0,0],"9":[0,0],"10":[0,0],"11":[0,0],"12":[0,0],"13":[3,0],"14":[3,3],"15":[2,1],"16":[2,0],"17":[2,0],"18":[0,0],"19":[0,0],"20":[0,0],"21":[0,0],"22":[0,0],"23":[0,0],"24":[0,0],"25":[0,0],"26":[0,0],"27":[0,0],"28":[0,0],"29":[0,0],"30":[0,0],"31":[1,4],"32":[4,28],"33":[32,8],"34":[24,8],"35":[24,0],"36":[4,2496],"37":[2500,18],"38":[2,2],"39":[0,2],"40":[2,2],"41":[0,1],"42":[2,2],"43":[5,11],"44":[16,5],"45":[2,3],"46":[0,2],"47":[0,2],"48":[2,0],"49":[0,0],"50":[2,0],"51":[2,0],"52":[2,0],"53":[0,2],"54":[1,0,0,0],"55":[0,8],"56":[8,0,0],"57":[0,0],"58":[0,0],"59":[0,0,0,0],"60":[0,0],"61":[0,0,0,0],"62":[1,1,1,1,0],"63":[0,4],"64":[4,4],"65":[0,4],"66":[4,3,2,0,0],"67":[0,0],"68":[0,4],"69":[0,4],"70":[0,0],"71":[4,0],"72":[1,3],"73":[1,2],"74":[0,4],"75":[5,0],"76":[5,5]},"inputSourceMap":null,"_coverageSchema":"1a1c01bbd47fc00a2c39e90264f33305004495a9","hash":"ef0fa164f6ab630bca81a35f4beb2aac6dfa4d93"}
,"/home/ahundredeggs/ecosim/js/environment/temperature-system.js": {"path":"/home/ahundredeggs/ecosim/js/environment/temperature-system.js","statementMap":{"0":{"start":{"line":4,"column":26},"end":{"line":108,"column":1}},"1":{"start":{"line":10,"column":8},"end":{"line":10,"column":49}},"2":{"start":{"line":11,"column":8},"end":{"line":11,"column":58}},"3":{"start":{"line":12,"column":8},"end":{"line":12,"column":20}},"4":{"start":{"line":18,"column":31},"end":{"line":18,"column":89}},"5":{"start":{"line":22,"column":27},"end":{"line":22,"column":69}},"6":{"start":{"line":25,"column":8},"end":{"line":106,"column":9}},"7":{"start":{"line":25,"column":21},"end":{"line":25,"column":22}},"8":{"start":{"line":27,"column":32},"end":{"line":27,"column":76}},"9":{"start":{"line":29,"column":12},"end":{"line":105,"column":13}},"10":{"start":{"line":29,"column":25},"end":{"line":29,"column":26}},"11":{"start":{"line":30,"column":30},"end":{"line":30,"column":66}},"12":{"start":{"line":31,"column":16},"end":{"line":31,"column":43}},"13":{"start":{"line":31,"column":34},"end":{"line":31,"column":43}},"14":{"start":{"line":35,"column":34},"end":{"line":35,"column":88}},"15":{"start":{"line":38,"column":16},"end":{"line":104,"column":17}},"16":{"start":{"line":41,"column":24},"end":{"line":49,"column":25}},"17":{"start":{"line":43,"column":47},"end":{"line":43,"column":87}},"18":{"start":{"line":44,"column":28},"end":{"line":48,"column":29}},"19":{"start":{"line":46,"column":32},"end":{"line":46,"column":94}},"20":{"start":{"line":47,"column":32},"end":{"line":47,"column":60}},"21":{"start":{"line":50,"column":24},"end":{"line":50,"column":30}},"22":{"start":{"line":54,"column":24},"end":{"line":71,"column":25}},"23":{"start":{"line":56,"column":47},"end":{"line":56,"column":87}},"24":{"start":{"line":57,"column":28},"end":{"line":70,"column":29}},"25":{"start":{"line":59,"column":32},"end":{"line":69,"column":33}},"26":{"start":{"line":60,"column":36},"end":{"line":60,"column":76}},"27":{"start":{"line":63,"column":36},"end":{"line":68,"column":37}},"28":{"start":{"line":64,"column":40},"end":{"line":64,"column":104}},"29":{"start":{"line":66,"column":40},"end":{"line":66,"column":104}},"30":{"start":{"line":67,"column":40},"end":{"line":67,"column":68}},"31":{"start":{"line":72,"column":24},"end":{"line":72,"column":30}},"32":{"start":{"line":77,"column":24},"end":{"line":83,"column":25}},"33":{"start":{"line":79,"column":28},"end":{"line":82,"column":29}},"34":{"start":{"line":80,"column":32},"end":{"line":80,"column":102}},"35":{"start":{"line":81,"column":32},"end":{"line":81,"column":60}},"36":{"start":{"line":84,"column":24},"end":{"line":84,"column":30}},"37":{"start":{"line":90,"column":24},"end":{"line":102,"column":25}},"38":{"start":{"line":92,"column":28},"end":{"line":101,"column":29}},"39":{"start":{"line":93,"column":32},"end":{"line":93,"column":73}},"40":{"start":{"line":96,"column":32},"end":{"line":98,"column":33}},"41":{"start":{"line":97,"column":36},"end":{"line":97,"column":106}},"42":{"start":{"line":100,"column":32},"end":{"line":100,"column":60}},"43":{"start":{"line":103,"column":24},"end":{"line":103,"column":30}},"44":{"start":{"line":111,"column":0},"end":{"line":113,"column":1}},"45":{"start":{"line":112,"column":4},"end":{"line":112,"column":39}},"46":{"start":{"line":116,"column":0},"end":{"line":118,"column":1}},"47":{"start":{"line":117,"column":4},"end":{"line":117,"column":39}}},"fnMap":{"0":{"name":"(anonymous_0)","decl":{"start":{"line":9,"column":10},"end":{"line":9,"column":11}},"loc":{"start":{"line":9,"column":42},"end":{"line":13,"column":5}},"line":9},"1":{"name":"(anonymous_1)","decl":{"start":{"line":16,"column":23},"end":{"line":16,"column":24}},"loc":{"start":{"line":16,"column":50},"end":{"line":107,"column":5}},"line":16}},"branchMap":{"0":{"loc":{"start":{"line":31,"column":16},"end":{"line":31,"column":43}},"type":"if","locations":[{"start":{"line":31,"column":16},"end":{"line":31,"column":43}},{"start":{},"end":{}}],"line":31},"1":{"loc":{"start":{"line":38,"column":16},"end":{"line":104,"column":17}},"type":"switch","locations":[{"start":{"line":39,"column":20},"end":{"line":50,"column":30}},{"start":{"line":52,"column":20},"end":{"line":72,"column":30}},{"start":{"line":74,"column":20},"end":{"line":84,"column":30}},{"start":{"line":86,"column":20},"end":{"line":86,"column":54}},{"start":{"line":87,"column":20},"end":{"line":103,"column":30}}],"line":38},"2":{"loc":{"start":{"line":41,"column":24},"end":{"line":49,"column":25}},"type":"if","locations":[{"start":{"line":41,"column":24},"end":{"line":49,"column":25}},{"start":{},"end":{}}],"line":41},"3":{"loc":{"start":{"line":41,"column":28},"end":{"line":41,"column":67}},"type":"binary-expr","locations":[{"start":{"line":41,"column":28},"end":{"line":41,"column":43}},{"start":{"line":41,"column":47},"end":{"line":41,"column":67}}],"line":41},"4":{"loc":{"start":{"line":44,"column":28},"end":{"line":48,"column":29}},"type":"if","locations":[{"start":{"line":44,"column":28},"end":{"line":48,"column":29}},{"start":{},"end":{}}],"line":44},"5":{"loc":{"start":{"line":44,"column":32},"end":{"line":44,"column":121}},"type":"binary-expr","locations":[{"start":{"line":44,"column":32},"end":{"line":44,"column":49}},{"start":{"line":44,"column":53},"end":{"line":44,"column":121}}],"line":44},"6":{"loc":{"start":{"line":54,"column":24},"end":{"line":71,"column":25}},"type":"if","locations":[{"start":{"line":54,"column":24},"end":{"line":71,"column":25}},{"start":{},"end":{}}],"line":54},"7":{"loc":{"start":{"line":54,"column":28},"end":{"line":54,"column":86}},"type":"binary-expr","locations":[{"start":{"line":54,"column":28},"end":{"line":54,"column":67}},{"start":{"line":54,"column":71},"end":{"line":54,"column":86}}],"line":54},"8":{"loc":{"start":{"line":57,"column":28},"end":{"line":70,"column":29}},"type":"if","locations":[{"start":{"line":57,"column":28},"end":{"line":70,"column":29}},{"start":{},"end":{}}],"line":57},"9":{"loc":{"start":{"line":57,"column":32},"end":{"line":57,"column":121}},"type":"binary-expr","locations":[{"start":{"line":57,"column":32},"end":{"line":57,"column":49}},{"start":{"line":57,"column":53},"end":{"line":57,"column":121}}],"line":57},"10":{"loc":{"start":{"line":59,"column":32},"end":{"line":69,"column":33}},"type":"if","locations":[{"start":{"line":59,"column":32},"end":{"line":69,"column":33}},{"start":{},"end":{}}],"line":59},"11":{"loc":{"start":{"line":63,"column":36},"end":{"line":68,"column":37}},"type":"if","locations":[{"start":{"line":63,"column":36},"end":{"line":68,"column":37}},{"start":{"line":65,"column":43},"end":{"line":68,"column":37}}],"line":63},"12":{"loc":{"start":{"line":77,"column":24},"end":{"line":83,"column":25}},"type":"if","locations":[{"start":{"line":77,"column":24},"end":{"line":83,"column":25}},{"start":{},"end":{}}],"line":77},"13":{"loc":{"start":{"line":77,"column":28},"end":{"line":77,"column":61}},"type":"binary-expr","locations":[{"start":{"line":77,"column":28},"end":{"line":77,"column":42}},{"start":{"line":77,"column":46},"end":{"line":77,"column":61}}],"line":77},"14":{"loc":{"start":{"line":79,"column":28},"end":{"line":82,"column":29}},"type":"if","locations":[{"start":{"line":79,"column":28},"end":{"line":82,"column":29}},{"start":{},"end":{}}],"line":79},"15":{"loc":{"start":{"line":90,"column":24},"end":{"line":102,"column":25}},"type":"if","locations":[{"start":{"line":90,"column":24},"end":{"line":102,"column":25}},{"start":{},"end":{}}],"line":90},"16":{"loc":{"start":{"line":90,"column":28},"end":{"line":90,"column":61}},"type":"binary-expr","locations":[{"start":{"line":90,"column":28},"end":{"line":90,"column":42}},{"start":{"line":90,"column":46},"end":{"line":90,"column":61}}],"line":90},"17":{"loc":{"start":{"line":92,"column":28},"end":{"line":101,"column":29}},"type":"if","locations":[{"start":{"line":92,"column":28},"end":{"line":101,"column":29}},{"start":{},"end":{}}],"line":92},"18":{"loc":{"start":{"line":96,"column":32},"end":{"line":98,"column":33}},"type":"if","locations":[{"start":{"line":96,"column":32},"end":{"line":98,"column":33}},{"start":{},"end":{}}],"line":96},"19":{"loc":{"start":{"line":111,"column":0},"end":{"line":113,"column":1}},"type":"if","locations":[{"start":{"line":111,"column":0},"end":{"line":113,"column":1}},{"start":{},"end":{}}],"line":111},"20":{"loc":{"start":{"line":111,"column":4},"end":{"line":111,"column":51}},"type":"binary-expr","locations":[{"start":{"line":111,"column":4},"end":{"line":111,"column":33}},{"start":{"line":111,"column":37},"end":{"line":111,"column":51}}],"line":111},"21":{"loc":{"start":{"line":116,"column":0},"end":{"line":118,"column":1}},"type":"if","locations":[{"start":{"line":116,"column":0},"end":{"line":118,"column":1}},{"start":{},"end":{}}],"line":116},"22":{"loc":{"start":{"line":116,"column":4},"end":{"line":116,"column":51}},"type":"binary-expr","locations":[{"start":{"line":116,"column":4},"end":{"line":116,"column":33}},{"start":{"line":116,"column":37},"end":{"line":116,"column":51}}],"line":116}},"s":{"0":6,"1":6,"2":6,"3":6,"4":3,"5":3,"6":3,"7":3,"8":30,"9":30,"10":30,"11":300,"12":300,"13":0,"14":300,"15":300,"16":1,"17":1,"18":1,"19":1,"20":1,"21":1,"22":1,"23":1,"24":1,"25":1,"26":1,"27":1,"28":0,"29":1,"30":1,"31":1,"32":1,"33":1,"34":1,"35":1,"36":1,"37":0,"38":0,"39":0,"40":0,"41":0,"42":0,"43":0,"44":6,"45":6,"46":6,"47":6},"f":{"0":6,"1":3},"b":{"0":[0,300],"1":[1,1,1,0,0],"2":[1,0],"3":[1,1],"4":[1,0],"5":[1,1],"6":[1,0],"7":[1,1],"8":[1,0],"9":[1,1],"10":[1,0],"11":[0,1],"12":[1,0],"13":[1,1],"14":[1,0],"15":[0,0],"16":[0,0],"17":[0,0],"18":[0,0],"19":[6,0],"20":[6,6],"21":[6,0],"22":[6,6]},"inputSourceMap":null,"_coverageSchema":"1a1c01bbd47fc00a2c39e90264f33305004495a9","hash":"f15b758ec90dfa544edf92905a9bbf935cc8f4b3"}
}
