TN:
SF:js/core-simulation.js
FN:25,(anonymous_0)
FN:44,(anonymous_1)
FN:52,(anonymous_2)
FN:62,(anonymous_3)
FN:88,(anonymous_4)
FN:115,(anonymous_5)
FN:142,(anonymous_6)
FN:174,(anonymous_7)
FN:188,(anonymous_8)
FN:194,(anonymous_9)
FN:200,(anonymous_10)
FN:213,(anonymous_11)
FNF:12
FNH:8
FNDA:8,(anonymous_0)
FNDA:44,(anonymous_1)
FNDA:5,(anonymous_2)
FNDA:3,(anonymous_3)
FNDA:0,(anonymous_4)
FNDA:0,(anonymous_5)
FNDA:1,(anonymous_6)
FNDA:1,(anonymous_7)
FNDA:0,(anonymous_8)
FNDA:0,(anonymous_9)
FNDA:1,(anonymous_10)
FNDA:1,(anonymous_11)
DA:4,8
DA:26,8
DA:29,8
DA:32,8
DA:33,8
DA:34,8
DA:35,8
DA:36,8
DA:37,8
DA:38,8
DA:40,8
DA:45,44
DA:46,12
DA:48,32
DA:53,5
DA:54,2
DA:56,3
DA:57,3
DA:58,3
DA:63,3
DA:65,3
DA:66,9
DA:67,27
DA:69,24
DA:70,24
DA:71,24
DA:73,24
DA:74,16
DA:84,3
DA:89,0
DA:91,0
DA:96,0
DA:97,0
DA:98,0
DA:99,0
DA:101,0
DA:102,0
DA:111,0
DA:116,0
DA:118,0
DA:123,0
DA:124,0
DA:125,0
DA:126,0
DA:128,0
DA:129,0
DA:138,0
DA:144,1
DA:147,1
DA:148,1
DA:149,1
DA:150,1
DA:151,1
DA:152,1
DA:155,1
DA:156,1
DA:157,1
DA:158,1
DA:159,1
DA:160,1
DA:163,1
DA:164,1
DA:165,1
DA:166,1
DA:167,1
DA:168,1
DA:170,1
DA:175,1
DA:177,1
DA:178,1
DA:179,1
DA:180,1
DA:181,1
DA:182,1
DA:184,1
DA:189,0
DA:190,0
DA:195,0
DA:196,0
DA:201,1
DA:203,1
DA:204,100
DA:205,3
DA:209,1
DA:214,1
DA:216,1
DA:217,100
DA:218,4
DA:222,1
DA:227,8
DA:228,8
DA:232,8
DA:233,8
LF:93
LH:71
BRDA:45,0,0,12
BRDA:45,0,1,32
BRDA:45,1,0,44
BRDA:45,1,1,37
BRDA:45,1,2,36
BRDA:45,1,3,33
BRDA:53,2,0,2
BRDA:53,2,1,3
BRDA:53,3,0,5
BRDA:53,3,1,4
BRDA:67,4,0,3
BRDA:67,4,1,24
BRDA:67,5,0,27
BRDA:67,5,1,9
BRDA:73,6,0,16
BRDA:73,6,1,8
BRDA:78,7,0,16
BRDA:78,7,1,11
BRDA:101,8,0,0
BRDA:101,8,1,0
BRDA:106,9,0,0
BRDA:106,9,1,0
BRDA:128,10,0,0
BRDA:128,10,1,0
BRDA:133,11,0,0
BRDA:133,11,1,0
BRDA:144,12,0,0
BRDA:144,12,1,1
BRDA:144,13,0,1
BRDA:144,13,1,1
BRDA:144,13,2,1
BRDA:175,14,0,0
BRDA:175,14,1,1
BRDA:189,15,0,0
BRDA:189,15,1,0
BRDA:195,16,0,0
BRDA:195,16,1,0
BRDA:204,17,0,3
BRDA:204,17,1,97
BRDA:217,18,0,4
BRDA:217,18,1,96
BRDA:227,19,0,8
BRDA:227,19,1,0
BRDA:227,20,0,8
BRDA:227,20,1,8
BRDA:232,21,0,8
BRDA:232,21,1,0
BRDA:232,22,0,8
BRDA:232,22,1,8
BRF:49
BRH:33
end_of_record
TN:
SF:js/biology/plant/plant-system.js
FN:98,(anonymous_0)
FN:132,(anonymous_1)
FN:172,(anonymous_2)
FN:196,(anonymous_3)
FN:203,(anonymous_4)
FN:255,(anonymous_5)
FN:260,(anonymous_6)
FN:291,(anonymous_7)
FN:292,(anonymous_8)
FN:385,(anonymous_9)
FN:438,(anonymous_10)
FN:547,(anonymous_11)
FN:593,(anonymous_12)
FN:667,(anonymous_13)
FNF:14
FNH:8
FNDA:5,(anonymous_0)
FNDA:0,(anonymous_1)
FNDA:0,(anonymous_2)
FNDA:0,(anonymous_3)
FNDA:0,(anonymous_4)
FNDA:1,(anonymous_5)
FNDA:3,(anonymous_6)
FNDA:0,(anonymous_7)
FNDA:0,(anonymous_8)
FNDA:1,(anonymous_9)
FNDA:1,(anonymous_10)
FNDA:1,(anonymous_11)
FNDA:1,(anonymous_12)
FNDA:4,(anonymous_13)
DA:4,5
DA:99,5
DA:100,5
DA:101,5
DA:102,5
DA:104,5
DA:107,5
DA:108,5
DA:109,5
DA:110,5
DA:113,5
DA:116,5
DA:117,5
DA:118,5
DA:119,5
DA:121,5
DA:134,0
DA:135,0
DA:136,0
DA:137,0
DA:138,0
DA:139,0
DA:142,0
DA:143,0
DA:145,0
DA:146,0
DA:150,0
DA:151,0
DA:155,0
DA:156,0
DA:157,0
DA:160,0
DA:163,0
DA:166,0
DA:169,0
DA:172,0
DA:173,0
DA:174,0
DA:177,0
DA:179,0
DA:180,0
DA:182,0
DA:186,0
DA:189,0
DA:197,0
DA:198,0
DA:199,0
DA:200,0
DA:203,0
DA:204,0
DA:205,0
DA:206,0
DA:207,0
DA:209,0
DA:210,0
DA:212,0
DA:213,0
DA:214,0
DA:215,0
DA:217,0
DA:218,0
DA:224,0
DA:225,0
DA:226,0
DA:230,0
DA:232,0
DA:236,0
DA:237,0
DA:239,0
DA:242,0
DA:245,0
DA:246,0
DA:250,0
DA:257,1
DA:260,1
DA:261,3
DA:264,3
DA:267,3
DA:269,2
DA:270,2
DA:272,2
DA:273,2
DA:274,2
DA:275,2
DA:280,2
DA:282,2
DA:283,2
DA:292,0
DA:293,0
DA:294,0
DA:297,0
DA:298,0
DA:300,0
DA:301,0
DA:302,0
DA:307,0
DA:309,0
DA:312,0
DA:314,0
DA:315,0
DA:317,0
DA:321,0
DA:323,0
DA:324,0
DA:325,0
DA:326,0
DA:327,0
DA:331,0
DA:333,0
DA:337,0
DA:338,0
DA:342,0
DA:343,0
DA:346,0
DA:350,0
DA:354,0
DA:356,0
DA:357,0
DA:358,0
DA:359,0
DA:364,0
DA:365,0
DA:366,0
DA:367,0
DA:370,0
DA:374,0
DA:378,0
DA:387,1
DA:392,1
DA:395,1
DA:396,5
DA:399,5
DA:400,4
DA:403,4
DA:406,4
DA:408,4
DA:410,32
DA:414,4
DA:417,4
DA:422,32
DA:425,24
DA:426,24
DA:434,1
DA:441,1
DA:444,1
DA:445,2500
DA:447,4
DA:452,1
DA:453,1
DA:454,1
DA:457,1
DA:458,4
DA:459,2
DA:461,2
DA:462,0
DA:468,1
DA:469,0
DA:473,1
DA:476,1
DA:477,4
DA:478,4
DA:481,4
DA:483,2
DA:486,2
DA:487,2
DA:489,2
DA:490,16
DA:492,5
DA:495,5
DA:497,2
DA:503,2
DA:508,2
DA:511,2
DA:512,0
DA:515,2
DA:516,0
DA:520,2
DA:521,2
DA:522,0
DA:523,0
DA:527,2
DA:528,2
DA:532,2
DA:533,2
DA:535,2
DA:539,2
DA:540,0
DA:549,1
DA:552,1
DA:555,1
DA:558,1
DA:561,1
DA:562,1
DA:565,0
DA:566,0
DA:567,0
DA:570,0
DA:571,0
DA:574,0
DA:575,0
DA:579,1
DA:582,1
DA:585,1
DA:589,1
DA:595,1
DA:596,1
DA:599,1
DA:602,1
DA:603,8
DA:606,0
DA:611,1
DA:612,0
DA:613,0
DA:616,0
DA:617,0
DA:620,0
DA:623,0
DA:626,0
DA:629,0
DA:631,0
DA:632,0
DA:634,0
DA:635,0
DA:636,0
DA:638,0
DA:639,0
DA:641,0
DA:642,0
DA:646,0
DA:649,0
DA:652,0
DA:653,0
DA:656,0
DA:657,0
DA:661,0
DA:669,4
DA:672,4
DA:675,4
DA:677,1
DA:678,1
DA:680,1
DA:681,1
DA:683,1
DA:684,1
DA:686,1
DA:687,1
DA:690,0
DA:691,0
DA:695,4
DA:696,0
DA:701,4
DA:707,0
DA:708,0
DA:710,0
DA:715,4
DA:718,4
DA:719,0
DA:723,4
DA:725,0
DA:726,0
DA:727,0
DA:728,0
DA:731,0
DA:732,0
DA:733,0
DA:737,4
DA:739,4
DA:742,4
DA:743,1
DA:744,3
DA:745,1
DA:749,4
DA:752,4
DA:753,0
DA:760,5
DA:761,5
LF:276
LH:125
BRDA:142,0,0,0
BRDA:142,0,1,0
BRDA:145,1,0,0
BRDA:145,1,1,0
BRDA:150,2,0,0
BRDA:150,2,1,0
BRDA:173,3,0,0
BRDA:173,3,1,0
BRDA:173,4,0,0
BRDA:173,4,1,0
BRDA:177,5,0,0
BRDA:177,5,1,0
BRDA:179,6,0,0
BRDA:179,6,1,0
BRDA:204,7,0,0
BRDA:204,7,1,0
BRDA:209,8,0,0
BRDA:209,8,1,0
BRDA:214,9,0,0
BRDA:214,9,1,0
BRDA:217,10,0,0
BRDA:217,10,1,0
BRDA:230,11,0,0
BRDA:230,11,1,0
BRDA:237,12,0,0
BRDA:237,12,1,0
BRDA:261,13,0,3
BRDA:261,13,1,0
BRDA:261,14,0,3
BRDA:261,14,1,3
BRDA:267,15,0,2
BRDA:267,15,1,1
BRDA:273,16,0,2
BRDA:273,16,1,0
BRDA:280,17,0,2
BRDA:280,17,1,0
BRDA:293,18,0,0
BRDA:293,18,1,0
BRDA:293,19,0,0
BRDA:293,19,1,0
BRDA:301,20,0,0
BRDA:301,20,1,0
BRDA:307,21,0,0
BRDA:307,21,1,0
BRDA:312,22,0,0
BRDA:312,22,1,0
BRDA:314,23,0,0
BRDA:314,23,1,0
BRDA:321,24,0,0
BRDA:321,24,1,0
BRDA:325,25,0,0
BRDA:325,25,1,0
BRDA:331,26,0,0
BRDA:331,26,1,0
BRDA:337,27,0,0
BRDA:337,27,1,0
BRDA:354,28,0,0
BRDA:354,28,1,0
BRDA:358,29,0,0
BRDA:358,29,1,0
BRDA:364,30,0,0
BRDA:364,30,1,0
BRDA:399,31,0,1
BRDA:399,31,1,4
BRDA:410,32,0,4
BRDA:410,32,1,28
BRDA:410,33,0,32
BRDA:410,33,1,8
BRDA:422,34,0,24
BRDA:422,34,1,8
BRDA:425,35,0,24
BRDA:425,35,1,0
BRDA:445,36,0,4
BRDA:445,36,1,2496
BRDA:445,37,0,2500
BRDA:445,37,1,18
BRDA:458,38,0,2
BRDA:458,38,1,2
BRDA:461,39,0,0
BRDA:461,39,1,2
BRDA:461,40,0,2
BRDA:461,40,1,2
BRDA:468,41,0,0
BRDA:468,41,1,1
BRDA:481,42,0,2
BRDA:481,42,1,2
BRDA:490,43,0,5
BRDA:490,43,1,11
BRDA:490,44,0,16
BRDA:490,44,1,5
BRDA:495,45,0,2
BRDA:495,45,1,3
BRDA:511,46,0,0
BRDA:511,46,1,2
BRDA:515,47,0,0
BRDA:515,47,1,2
BRDA:520,48,0,2
BRDA:520,48,1,0
BRDA:522,49,0,0
BRDA:522,49,1,0
BRDA:527,50,0,2
BRDA:527,50,1,0
BRDA:533,51,0,2
BRDA:533,51,1,0
BRDA:533,52,0,2
BRDA:533,52,1,0
BRDA:539,53,0,0
BRDA:539,53,1,2
BRDA:558,54,0,1
BRDA:558,54,1,0
BRDA:558,54,2,0
BRDA:558,54,3,0
BRDA:603,55,0,0
BRDA:603,55,1,8
BRDA:603,56,0,8
BRDA:603,56,1,0
BRDA:603,56,2,0
BRDA:616,57,0,0
BRDA:616,57,1,0
BRDA:616,58,0,0
BRDA:616,58,1,0
BRDA:629,59,0,0
BRDA:629,59,1,0
BRDA:629,59,2,0
BRDA:629,59,3,0
BRDA:657,60,0,0
BRDA:657,60,1,0
BRDA:657,61,0,0
BRDA:657,61,1,0
BRDA:657,61,2,0
BRDA:657,61,3,0
BRDA:675,62,0,1
BRDA:675,62,1,1
BRDA:675,62,2,1
BRDA:675,62,3,1
BRDA:675,62,4,0
BRDA:695,63,0,0
BRDA:695,63,1,4
BRDA:695,64,0,4
BRDA:695,64,1,4
BRDA:701,65,0,0
BRDA:701,65,1,4
BRDA:701,66,0,4
BRDA:701,66,1,3
BRDA:701,66,2,2
BRDA:701,66,3,0
BRDA:701,66,4,0
BRDA:707,67,0,0
BRDA:707,67,1,0
BRDA:718,68,0,0
BRDA:718,68,1,4
BRDA:723,69,0,0
BRDA:723,69,1,4
BRDA:725,70,0,0
BRDA:725,70,1,0
BRDA:737,71,0,4
BRDA:737,71,1,0
BRDA:742,72,0,1
BRDA:742,72,1,3
BRDA:744,73,0,1
BRDA:744,73,1,2
BRDA:752,74,0,0
BRDA:752,74,1,4
BRDA:760,75,0,5
BRDA:760,75,1,0
BRDA:760,76,0,5
BRDA:760,76,1,5
BRF:167
BRH:66
end_of_record
TN:
SF:js/environment/temperature-system.js
FN:9,(anonymous_0)
FN:16,(anonymous_1)
FNF:2
FNH:2
FNDA:6,(anonymous_0)
FNDA:3,(anonymous_1)
DA:4,6
DA:10,6
DA:11,6
DA:12,6
DA:18,3
DA:22,3
DA:25,3
DA:27,30
DA:29,30
DA:30,300
DA:31,300
DA:35,300
DA:38,300
DA:41,1
DA:43,1
DA:44,1
DA:46,1
DA:47,1
DA:50,1
DA:54,1
DA:56,1
DA:57,1
DA:59,1
DA:60,1
DA:63,1
DA:64,0
DA:66,1
DA:67,1
DA:72,1
DA:77,1
DA:79,1
DA:80,1
DA:81,1
DA:84,1
DA:90,0
DA:92,0
DA:93,0
DA:96,0
DA:97,0
DA:100,0
DA:103,0
DA:111,6
DA:112,6
DA:116,6
DA:117,6
LF:45
LH:37
BRDA:31,0,0,0
BRDA:31,0,1,300
BRDA:38,1,0,1
BRDA:38,1,1,1
BRDA:38,1,2,1
BRDA:38,1,3,0
BRDA:38,1,4,0
BRDA:41,2,0,1
BRDA:41,2,1,0
BRDA:41,3,0,1
BRDA:41,3,1,1
BRDA:44,4,0,1
BRDA:44,4,1,0
BRDA:44,5,0,1
BRDA:44,5,1,1
BRDA:54,6,0,1
BRDA:54,6,1,0
BRDA:54,7,0,1
BRDA:54,7,1,1
BRDA:57,8,0,1
BRDA:57,8,1,0
BRDA:57,9,0,1
BRDA:57,9,1,1
BRDA:59,10,0,1
BRDA:59,10,1,0
BRDA:63,11,0,0
BRDA:63,11,1,1
BRDA:77,12,0,1
BRDA:77,12,1,0
BRDA:77,13,0,1
BRDA:77,13,1,1
BRDA:79,14,0,1
BRDA:79,14,1,0
BRDA:90,15,0,0
BRDA:90,15,1,0
BRDA:90,16,0,0
BRDA:90,16,1,0
BRDA:92,17,0,0
BRDA:92,17,1,0
BRDA:96,18,0,0
BRDA:96,18,1,0
BRDA:111,19,0,6
BRDA:111,19,1,0
BRDA:111,20,0,6
BRDA:111,20,1,6
BRDA:116,21,0,6
BRDA:116,21,1,0
BRDA:116,22,0,6
BRDA:116,22,1,6
BRF:49
BRH:28
end_of_record
