TN:
SF:js/core-simulation.js
FN:25,(anonymous_0)
FN:44,(anonymous_1)
FN:52,(anonymous_2)
FN:62,(anonymous_3)
FN:88,(anonymous_4)
FN:115,(anonymous_5)
FN:142,(anonymous_6)
FN:174,(anonymous_7)
FN:188,(anonymous_8)
FN:194,(anonymous_9)
FN:200,(anonymous_10)
FN:213,(anonymous_11)
FNF:12
FNH:8
FNDA:8,(anonymous_0)
FNDA:44,(anonymous_1)
FNDA:5,(anonymous_2)
FNDA:3,(anonymous_3)
FNDA:0,(anonymous_4)
FNDA:0,(anonymous_5)
FNDA:1,(anonymous_6)
FNDA:1,(anonymous_7)
FNDA:0,(anonymous_8)
FNDA:0,(anonymous_9)
FNDA:1,(anonymous_10)
FNDA:1,(anonymous_11)
DA:4,8
DA:26,8
DA:29,8
DA:32,8
DA:33,8
DA:34,8
DA:35,8
DA:36,8
DA:37,8
DA:38,8
DA:40,8
DA:45,44
DA:46,12
DA:48,32
DA:53,5
DA:54,2
DA:56,3
DA:57,3
DA:58,3
DA:63,3
DA:65,3
DA:66,9
DA:67,27
DA:69,24
DA:70,24
DA:71,24
DA:73,24
DA:74,16
DA:84,3
DA:89,0
DA:91,0
DA:96,0
DA:97,0
DA:98,0
DA:99,0
DA:101,0
DA:102,0
DA:111,0
DA:116,0
DA:118,0
DA:123,0
DA:124,0
DA:125,0
DA:126,0
DA:128,0
DA:129,0
DA:138,0
DA:144,1
DA:147,1
DA:148,1
DA:149,1
DA:150,1
DA:151,1
DA:152,1
DA:155,1
DA:156,1
DA:157,1
DA:158,1
DA:159,1
DA:160,1
DA:163,1
DA:164,1
DA:165,1
DA:166,1
DA:167,1
DA:168,1
DA:170,1
DA:175,1
DA:177,1
DA:178,1
DA:179,1
DA:180,1
DA:181,1
DA:182,1
DA:184,1
DA:189,0
DA:190,0
DA:195,0
DA:196,0
DA:201,1
DA:203,1
DA:204,100
DA:205,3
DA:209,1
DA:214,1
DA:216,1
DA:217,100
DA:218,4
DA:222,1
DA:227,8
DA:228,8
DA:232,8
DA:233,8
LF:93
LH:71
BRDA:45,0,0,12
BRDA:45,0,1,32
BRDA:45,1,0,44
BRDA:45,1,1,37
BRDA:45,1,2,36
BRDA:45,1,3,33
BRDA:53,2,0,2
BRDA:53,2,1,3
BRDA:53,3,0,5
BRDA:53,3,1,4
BRDA:67,4,0,3
BRDA:67,4,1,24
BRDA:67,5,0,27
BRDA:67,5,1,9
BRDA:73,6,0,16
BRDA:73,6,1,8
BRDA:78,7,0,16
BRDA:78,7,1,11
BRDA:101,8,0,0
BRDA:101,8,1,0
BRDA:106,9,0,0
BRDA:106,9,1,0
BRDA:128,10,0,0
BRDA:128,10,1,0
BRDA:133,11,0,0
BRDA:133,11,1,0
BRDA:144,12,0,0
BRDA:144,12,1,1
BRDA:144,13,0,1
BRDA:144,13,1,1
BRDA:144,13,2,1
BRDA:175,14,0,0
BRDA:175,14,1,1
BRDA:189,15,0,0
BRDA:189,15,1,0
BRDA:195,16,0,0
BRDA:195,16,1,0
BRDA:204,17,0,3
BRDA:204,17,1,97
BRDA:217,18,0,4
BRDA:217,18,1,96
BRDA:227,19,0,8
BRDA:227,19,1,0
BRDA:227,20,0,8
BRDA:227,20,1,8
BRDA:232,21,0,8
BRDA:232,21,1,0
BRDA:232,22,0,8
BRDA:232,22,1,8
BRF:49
BRH:33
end_of_record
TN:
SF:js/biology/plant/plant-flower-system.js
FN:64,(anonymous_0)
FN:71,(anonymous_1)
FN:166,(anonymous_2)
FN:190,(anonymous_3)
FN:193,(anonymous_4)
FN:218,(anonymous_5)
FNF:6
FNH:0
FNDA:0,(anonymous_0)
FNDA:0,(anonymous_1)
FNDA:0,(anonymous_2)
FNDA:0,(anonymous_3)
FNDA:0,(anonymous_4)
FNDA:0,(anonymous_5)
DA:4,6
DA:65,0
DA:66,0
DA:67,0
DA:73,0
DA:76,0
DA:78,0
DA:80,0
DA:81,0
DA:90,0
DA:91,0
DA:93,0
DA:94,0
DA:97,0
DA:98,0
DA:103,0
DA:104,0
DA:105,0
DA:112,0
DA:122,0
DA:124,0
DA:125,0
DA:128,0
DA:129,0
DA:133,0
DA:134,0
DA:135,0
DA:141,0
DA:142,0
DA:148,0
DA:149,0
DA:150,0
DA:155,0
DA:156,0
DA:157,0
DA:158,0
DA:162,0
DA:168,0
DA:171,0
DA:172,0
DA:174,0
DA:175,0
DA:176,0
DA:177,0
DA:178,0
DA:179,0
DA:186,0
DA:192,0
DA:193,0
DA:195,0
DA:197,0
DA:200,0
DA:203,0
DA:204,0
DA:207,0
DA:208,0
DA:209,0
DA:210,0
DA:213,0
DA:216,0
DA:218,0
DA:219,0
DA:220,0
DA:223,0
DA:224,0
DA:225,0
DA:228,0
DA:229,0
DA:230,0
DA:231,0
DA:234,0
LF:71
LH:1
BRDA:76,0,0,0
BRDA:76,0,1,0
BRDA:78,1,0,0
BRDA:78,1,1,0
BRDA:94,2,0,0
BRDA:94,2,1,0
BRDA:94,3,0,0
BRDA:94,3,1,0
BRDA:94,3,2,0
BRDA:103,4,0,0
BRDA:103,4,1,0
BRDA:122,5,0,0
BRDA:122,5,1,0
BRDA:124,6,0,0
BRDA:124,6,1,0
BRDA:125,7,0,0
BRDA:125,7,1,0
BRDA:128,8,0,0
BRDA:128,8,1,0
BRDA:128,9,0,0
BRDA:128,9,1,0
BRDA:133,10,0,0
BRDA:133,10,1,0
BRDA:134,11,0,0
BRDA:134,11,1,0
BRDA:141,12,0,0
BRDA:141,12,1,0
BRDA:148,13,0,0
BRDA:148,13,1,0
BRDA:155,14,0,0
BRDA:155,14,1,0
BRDA:175,15,0,0
BRDA:175,15,1,0
BRDA:176,16,0,0
BRDA:176,16,1,0
BRDA:178,17,0,0
BRDA:178,17,1,0
BRDA:195,18,0,0
BRDA:195,18,1,0
BRDA:207,19,0,0
BRDA:207,19,1,0
BRDA:216,20,0,0
BRDA:216,20,1,0
BRDA:216,21,0,0
BRDA:216,21,1,0
BRDA:219,22,0,0
BRDA:219,22,1,0
BRDA:228,23,0,0
BRDA:228,23,1,0
BRF:49
BRH:0
end_of_record
TN:
SF:js/biology/plant/plant-leaf-system.js
FN:9,(anonymous_0)
FN:15,(anonymous_1)
FN:65,(anonymous_2)
FNF:3
FNH:0
FNDA:0,(anonymous_0)
FNDA:0,(anonymous_1)
FNDA:0,(anonymous_2)
DA:4,6
DA:10,0
DA:11,0
DA:17,0
DA:21,0
DA:23,0
DA:27,0
DA:28,0
DA:32,0
DA:35,0
DA:36,0
DA:40,0
DA:41,0
DA:45,0
DA:47,0
DA:52,0
DA:54,0
DA:58,0
DA:61,0
DA:67,0
DA:70,0
DA:72,0
DA:75,0
DA:76,0
DA:78,0
DA:79,0
DA:80,0
DA:81,0
DA:83,0
DA:89,0
DA:90,0
DA:92,0
DA:94,0
DA:95,0
DA:96,0
DA:99,0
DA:100,0
DA:101,0
DA:102,0
DA:105,0
DA:106,0
DA:107,0
DA:112,0
DA:113,0
DA:116,0
DA:118,0
DA:119,0
DA:120,0
DA:122,0
LF:49
LH:1
BRDA:21,0,0,0
BRDA:21,0,1,0
BRDA:27,1,0,0
BRDA:27,1,1,0
BRDA:35,2,0,0
BRDA:35,2,1,0
BRDA:40,3,0,0
BRDA:40,3,1,0
BRDA:45,4,0,0
BRDA:45,4,1,0
BRDA:52,5,0,0
BRDA:52,5,1,0
BRDA:52,6,0,0
BRDA:52,6,1,0
BRDA:70,7,0,0
BRDA:70,7,1,0
BRDA:70,8,0,0
BRDA:70,8,1,0
BRDA:79,9,0,0
BRDA:79,9,1,0
BRDA:80,10,0,0
BRDA:80,10,1,0
BRDA:92,11,0,0
BRDA:92,11,1,0
BRDA:99,12,0,0
BRDA:99,12,1,0
BRDA:99,13,0,0
BRDA:99,13,1,0
BRDA:99,13,2,0
BRDA:112,14,0,0
BRDA:112,14,1,0
BRDA:112,15,0,0
BRDA:112,15,1,0
BRDA:112,15,2,0
BRDA:116,16,0,0
BRDA:116,16,1,0
BRF:36
BRH:0
end_of_record
TN:
SF:js/biology/plant/plant-root-system.js
FN:32,(anonymous_0)
FN:38,(anonymous_1)
FN:53,(anonymous_2)
FN:86,(anonymous_3)
FN:99,(anonymous_4)
FN:163,(anonymous_5)
FN:174,(anonymous_6)
FN:220,(anonymous_7)
FN:350,(anonymous_8)
FN:413,(anonymous_9)
FN:485,(anonymous_10)
FN:631,(anonymous_11)
FN:677,(anonymous_12)
FN:733,(anonymous_13)
FN:784,(anonymous_14)
FN:840,(anonymous_15)
FN:881,(anonymous_16)
FN:909,(anonymous_17)
FN:939,(anonymous_18)
FN:958,(anonymous_19)
FNF:20
FNH:0
FNDA:0,(anonymous_0)
FNDA:0,(anonymous_1)
FNDA:0,(anonymous_2)
FNDA:0,(anonymous_3)
FNDA:0,(anonymous_4)
FNDA:0,(anonymous_5)
FNDA:0,(anonymous_6)
FNDA:0,(anonymous_7)
FNDA:0,(anonymous_8)
FNDA:0,(anonymous_9)
FNDA:0,(anonymous_10)
FNDA:0,(anonymous_11)
FNDA:0,(anonymous_12)
FNDA:0,(anonymous_13)
FNDA:0,(anonymous_14)
FNDA:0,(anonymous_15)
FNDA:0,(anonymous_16)
FNDA:0,(anonymous_17)
FNDA:0,(anonymous_18)
FNDA:0,(anonymous_19)
DA:4,7
DA:33,0
DA:34,0
DA:40,0
DA:43,0
DA:46,0
DA:49,0
DA:55,0
DA:56,0
DA:59,0
DA:60,0
DA:67,0
DA:70,0
DA:75,0
DA:86,0
DA:87,0
DA:90,0
DA:93,0
DA:95,0
DA:99,0
DA:102,0
DA:103,0
DA:105,0
DA:106,0
DA:107,0
DA:108,0
DA:109,0
DA:114,0
DA:115,0
DA:116,0
DA:117,0
DA:120,0
DA:125,0
DA:126,0
DA:129,0
DA:130,0
DA:133,0
DA:134,0
DA:137,0
DA:138,0
DA:142,0
DA:143,0
DA:146,0
DA:147,0
DA:153,0
DA:159,0
DA:164,0
DA:165,0
DA:168,0
DA:169,0
DA:176,0
DA:177,0
DA:179,0
DA:181,0
DA:184,0
DA:185,0
DA:188,0
DA:190,0
DA:191,0
DA:192,0
DA:193,0
DA:199,0
DA:202,0
DA:203,0
DA:204,0
DA:207,0
DA:211,0
DA:215,0
DA:222,0
DA:225,0
DA:228,0
DA:229,0
DA:230,0
DA:234,0
DA:235,0
DA:238,0
DA:242,0
DA:243,0
DA:245,0
DA:250,0
DA:255,0
DA:256,0
DA:258,0
DA:262,0
DA:263,0
DA:268,0
DA:269,0
DA:273,0
DA:278,0
DA:283,0
DA:288,0
DA:289,0
DA:290,0
DA:291,0
DA:292,0
DA:295,0
DA:296,0
DA:300,0
DA:301,0
DA:306,0
DA:308,0
DA:312,0
DA:314,0
DA:315,0
DA:316,0
DA:318,0
DA:319,0
DA:320,0
DA:323,0
DA:325,0
DA:326,0
DA:329,0
DA:330,0
DA:332,0
DA:333,0
DA:335,0
DA:336,0
DA:338,0
DA:344,0
DA:345,0
DA:352,0
DA:368,0
DA:369,0
DA:370,0
DA:371,0
DA:372,0
DA:374,0
DA:377,0
DA:378,0
DA:379,0
DA:380,0
DA:383,0
DA:385,0
DA:386,0
DA:387,0
DA:388,0
DA:390,0
DA:391,0
DA:392,0
DA:395,0
DA:396,0
DA:397,0
DA:399,0
DA:402,0
DA:403,0
DA:404,0
DA:409,0
DA:417,0
DA:418,0
DA:421,0
DA:422,0
DA:423,0
DA:424,0
DA:427,0
DA:429,0
DA:433,0
DA:434,0
DA:437,0
DA:440,0
DA:443,0
DA:444,0
DA:447,0
DA:448,0
DA:452,0
DA:453,0
DA:454,0
DA:457,0
DA:459,0
DA:460,0
DA:463,0
DA:464,0
DA:466,0
DA:467,0
DA:469,0
DA:470,0
DA:473,0
DA:474,0
DA:477,0
DA:478,0
DA:481,0
DA:490,0
DA:491,0
DA:492,0
DA:493,0
DA:496,0
DA:497,0
DA:499,0
DA:503,0
DA:509,0
DA:513,0
DA:516,0
DA:517,0
DA:520,0
DA:521,0
DA:525,0
DA:528,0
DA:530,0
DA:531,0
DA:535,0
DA:536,0
DA:540,0
DA:541,0
DA:542,0
DA:545,0
DA:546,0
DA:552,0
DA:553,0
DA:557,0
DA:558,0
DA:559,0
DA:563,0
DA:564,0
DA:565,0
DA:567,0
DA:568,0
DA:569,0
DA:570,0
DA:571,0
DA:576,0
DA:577,0
DA:581,0
DA:582,0
DA:583,0
DA:586,0
DA:588,0
DA:589,0
DA:595,0
DA:597,0
DA:598,0
DA:599,0
DA:602,0
DA:603,0
DA:604,0
DA:607,0
DA:608,0
DA:609,0
DA:612,0
DA:613,0
DA:614,0
DA:618,0
DA:619,0
DA:620,0
DA:623,0
DA:624,0
DA:627,0
DA:633,0
DA:637,0
DA:640,0
DA:641,0
DA:644,0
DA:645,0
DA:647,0
DA:649,0
DA:650,0
DA:651,0
DA:654,0
DA:655,0
DA:658,0
DA:662,0
DA:663,0
DA:664,0
DA:665,0
DA:667,0
DA:673,0
DA:679,0
DA:682,0
DA:684,0
DA:687,0
DA:688,0
DA:690,0
DA:691,0
DA:692,0
DA:693,0
DA:694,0
DA:695,0
DA:701,0
DA:702,0
DA:706,0
DA:707,0
DA:709,0
DA:710,0
DA:712,0
DA:717,0
DA:718,0
DA:721,0
DA:723,0
DA:724,0
DA:726,0
DA:735,0
DA:738,0
DA:741,0
DA:744,0
DA:745,0
DA:754,0
DA:758,0
DA:761,0
DA:762,0
DA:765,0
DA:769,0
DA:771,0
DA:773,0
DA:775,0
DA:777,0
DA:786,0
DA:787,0
DA:790,0
DA:793,0
DA:795,0
DA:796,0
DA:799,0
DA:800,0
DA:803,0
DA:804,0
DA:807,0
DA:810,0
DA:811,0
DA:815,0
DA:816,0
DA:819,0
DA:820,0
DA:821,0
DA:824,0
DA:825,0
DA:826,0
DA:830,0
DA:834,0
DA:835,0
DA:842,0
DA:843,0
DA:846,0
DA:847,0
DA:849,0
DA:850,0
DA:854,0
DA:857,0
DA:858,0
DA:862,0
DA:863,0
DA:866,0
DA:867,0
DA:868,0
DA:871,0
DA:872,0
DA:873,0
DA:877,0
DA:882,0
DA:884,0
DA:885,0
DA:887,0
DA:889,0
DA:890,0
DA:891,0
DA:893,0
DA:897,0
DA:898,0
DA:899,0
DA:905,0
DA:910,0
DA:912,0
DA:913,0
DA:915,0
DA:917,0
DA:918,0
DA:919,0
DA:921,0
DA:926,0
DA:927,0
DA:928,0
DA:934,0
DA:941,0
DA:945,0
DA:958,0
DA:962,0
DA:963,0
DA:965,0
DA:967,0
DA:969,0
DA:970,0
DA:971,0
DA:974,0
DA:976,0
DA:978,0
DA:979,0
DA:982,0
DA:983,0
DA:986,0
DA:987,0
DA:990,0
DA:992,0
DA:993,0
LF:390
LH:1
BRDA:59,0,0,0
BRDA:59,0,1,0
BRDA:70,1,0,0
BRDA:70,1,1,0
BRDA:70,2,0,0
BRDA:70,2,1,0
BRDA:70,2,2,0
BRDA:90,3,0,0
BRDA:90,3,1,0
BRDA:93,4,0,0
BRDA:93,4,1,0
BRDA:107,5,0,0
BRDA:107,5,1,0
BRDA:114,6,0,0
BRDA:114,6,1,0
BRDA:120,7,0,0
BRDA:120,7,1,0
BRDA:120,8,0,0
BRDA:120,8,1,0
BRDA:120,8,2,0
BRDA:137,9,0,0
BRDA:137,9,1,0
BRDA:146,10,0,0
BRDA:146,10,1,0
BRDA:165,11,0,0
BRDA:165,11,1,0
BRDA:168,12,0,0
BRDA:168,12,1,0
BRDA:168,13,0,0
BRDA:168,13,1,0
BRDA:179,14,0,0
BRDA:179,14,1,0
BRDA:188,15,0,0
BRDA:188,15,1,0
BRDA:222,16,0,0
BRDA:222,16,1,0
BRDA:243,17,0,0
BRDA:243,17,1,0
BRDA:255,18,0,0
BRDA:255,18,1,0
BRDA:268,19,0,0
BRDA:268,19,1,0
BRDA:295,20,0,0
BRDA:295,20,1,0
BRDA:300,21,0,0
BRDA:300,21,1,0
BRDA:306,22,0,0
BRDA:306,22,1,0
BRDA:306,23,0,0
BRDA:306,23,1,0
BRDA:306,23,2,0
BRDA:312,24,0,0
BRDA:312,24,1,0
BRDA:312,25,0,0
BRDA:312,25,1,0
BRDA:323,26,0,0
BRDA:323,26,1,0
BRDA:323,27,0,0
BRDA:323,27,1,0
BRDA:344,28,0,0
BRDA:344,28,1,0
BRDA:374,29,0,0
BRDA:374,29,1,0
BRDA:377,30,0,0
BRDA:377,30,1,0
BRDA:383,31,0,0
BRDA:383,31,1,0
BRDA:388,32,0,0
BRDA:388,32,1,0
BRDA:399,33,0,0
BRDA:399,33,1,0
BRDA:399,34,0,0
BRDA:399,34,1,0
BRDA:402,35,0,0
BRDA:402,35,1,0
BRDA:403,36,0,0
BRDA:403,36,1,0
BRDA:404,37,0,0
BRDA:404,37,1,0
BRDA:443,38,0,0
BRDA:443,38,1,0
BRDA:444,39,0,0
BRDA:444,39,1,0
BRDA:447,40,0,0
BRDA:447,40,1,0
BRDA:447,41,0,0
BRDA:447,41,1,0
BRDA:457,42,0,0
BRDA:457,42,1,0
BRDA:457,43,0,0
BRDA:457,43,1,0
BRDA:473,44,0,0
BRDA:473,44,1,0
BRDA:485,45,0,0
BRDA:516,46,0,0
BRDA:516,46,1,0
BRDA:520,47,0,0
BRDA:520,47,1,0
BRDA:528,48,0,0
BRDA:528,48,1,0
BRDA:528,49,0,0
BRDA:528,49,1,0
BRDA:530,50,0,0
BRDA:530,50,1,0
BRDA:535,51,0,0
BRDA:535,51,1,0
BRDA:540,52,0,0
BRDA:540,52,1,0
BRDA:540,53,0,0
BRDA:540,53,1,0
BRDA:541,54,0,0
BRDA:541,54,1,0
BRDA:545,55,0,0
BRDA:545,55,1,0
BRDA:552,56,0,0
BRDA:552,56,1,0
BRDA:569,57,0,0
BRDA:569,57,1,0
BRDA:576,58,0,0
BRDA:576,58,1,0
BRDA:586,59,0,0
BRDA:586,59,1,0
BRDA:586,60,0,0
BRDA:586,60,1,0
BRDA:595,61,0,0
BRDA:595,61,1,0
BRDA:645,62,0,0
BRDA:645,62,1,0
BRDA:647,63,0,0
BRDA:647,63,1,0
BRDA:654,64,0,0
BRDA:654,64,1,0
BRDA:662,65,0,0
BRDA:662,65,1,0
BRDA:682,66,0,0
BRDA:682,66,1,0
BRDA:682,67,0,0
BRDA:682,67,1,0
BRDA:691,68,0,0
BRDA:691,68,1,0
BRDA:692,69,0,0
BRDA:692,69,1,0
BRDA:694,70,0,0
BRDA:694,70,1,0
BRDA:701,71,0,0
BRDA:701,71,1,0
BRDA:717,72,0,0
BRDA:717,72,1,0
BRDA:717,73,0,0
BRDA:717,73,1,0
BRDA:717,73,2,0
BRDA:744,74,0,0
BRDA:744,74,1,0
BRDA:765,75,0,0
BRDA:765,75,1,0
BRDA:765,76,0,0
BRDA:765,76,1,0
BRDA:765,76,2,0
BRDA:765,76,3,0
BRDA:769,77,0,0
BRDA:769,77,1,0
BRDA:771,78,0,0
BRDA:771,78,1,0
BRDA:775,79,0,0
BRDA:775,79,1,0
BRDA:793,80,0,0
BRDA:793,80,1,0
BRDA:810,81,0,0
BRDA:810,81,1,0
BRDA:819,82,0,0
BRDA:819,82,1,0
BRDA:824,83,0,0
BRDA:824,83,1,0
BRDA:857,84,0,0
BRDA:857,84,1,0
BRDA:866,85,0,0
BRDA:866,85,1,0
BRDA:871,86,0,0
BRDA:871,86,1,0
BRDA:887,87,0,0
BRDA:887,87,1,0
BRDA:887,88,0,0
BRDA:887,88,1,0
BRDA:893,89,0,0
BRDA:893,89,1,0
BRDA:893,90,0,0
BRDA:893,90,1,0
BRDA:893,90,2,0
BRDA:898,91,0,0
BRDA:898,91,1,0
BRDA:915,92,0,0
BRDA:915,92,1,0
BRDA:915,93,0,0
BRDA:915,93,1,0
BRDA:921,94,0,0
BRDA:921,94,1,0
BRDA:921,95,0,0
BRDA:921,95,1,0
BRDA:921,95,2,0
BRDA:921,95,3,0
BRDA:927,96,0,0
BRDA:927,96,1,0
BRDA:967,97,0,0
BRDA:967,97,1,0
BRDA:974,98,0,0
BRDA:974,98,1,0
BRDA:974,99,0,0
BRDA:974,99,1,0
BRDA:976,100,0,0
BRDA:976,100,1,0
BRF:210
BRH:0
end_of_record
TN:
SF:js/biology/plant/plant-stem-system.js
FN:24,(anonymous_0)
FN:30,(anonymous_1)
FN:79,(anonymous_2)
FN:131,(anonymous_3)
FN:317,(anonymous_4)
FN:369,(anonymous_5)
FN:380,(anonymous_6)
FN:390,(anonymous_7)
FN:402,(anonymous_8)
FN:412,(anonymous_9)
FN:422,(anonymous_10)
FN:472,(anonymous_11)
FN:514,(anonymous_12)
FN:523,(anonymous_13)
FN:537,(anonymous_14)
FN:550,(anonymous_15)
FN:559,(anonymous_16)
FN:570,(anonymous_17)
FNF:18
FNH:0
FNDA:0,(anonymous_0)
FNDA:0,(anonymous_1)
FNDA:0,(anonymous_2)
FNDA:0,(anonymous_3)
FNDA:0,(anonymous_4)
FNDA:0,(anonymous_5)
FNDA:0,(anonymous_6)
FNDA:0,(anonymous_7)
FNDA:0,(anonymous_8)
FNDA:0,(anonymous_9)
FNDA:0,(anonymous_10)
FNDA:0,(anonymous_11)
FNDA:0,(anonymous_12)
FNDA:0,(anonymous_13)
FNDA:0,(anonymous_14)
FNDA:0,(anonymous_15)
FNDA:0,(anonymous_16)
FNDA:0,(anonymous_17)
DA:4,8
DA:25,0
DA:26,0
DA:33,0
DA:36,0
DA:37,0
DA:40,0
DA:41,0
DA:50,0
DA:53,0
DA:54,0
DA:57,0
DA:58,0
DA:62,0
DA:64,0
DA:65,0
DA:69,0
DA:70,0
DA:75,0
DA:81,0
DA:82,0
DA:85,0
DA:87,0
DA:88,0
DA:91,0
DA:96,0
DA:99,0
DA:100,0
DA:103,0
DA:104,0
DA:107,0
DA:108,0
DA:112,0
DA:115,0
DA:116,0
DA:120,0
DA:121,0
DA:124,0
DA:126,0
DA:133,0
DA:134,0
DA:137,0
DA:138,0
DA:142,0
DA:145,0
DA:146,0
DA:147,0
DA:148,0
DA:151,0
DA:153,0
DA:156,0
DA:157,0
DA:158,0
DA:159,0
DA:160,0
DA:163,0
DA:164,0
DA:165,0
DA:166,0
DA:167,0
DA:170,0
DA:171,0
DA:172,0
DA:173,0
DA:174,0
DA:177,0
DA:178,0
DA:179,0
DA:180,0
DA:181,0
DA:184,0
DA:185,0
DA:186,0
DA:187,0
DA:188,0
DA:191,0
DA:192,0
DA:193,0
DA:194,0
DA:195,0
DA:200,0
DA:213,0
DA:214,0
DA:217,0
DA:218,0
DA:221,0
DA:222,0
DA:223,0
DA:224,0
DA:230,0
DA:233,0
DA:234,0
DA:238,0
DA:239,0
DA:240,0
DA:244,0
DA:245,0
DA:247,0
DA:248,0
DA:249,0
DA:250,0
DA:251,0
DA:255,0
DA:256,0
DA:257,0
DA:258,0
DA:261,0
DA:263,0
DA:264,0
DA:266,0
DA:269,0
DA:270,0
DA:271,0
DA:275,0
DA:277,0
DA:280,0
DA:281,0
DA:282,0
DA:285,0
DA:286,0
DA:289,0
DA:295,0
DA:297,0
DA:298,0
DA:300,0
DA:301,0
DA:302,0
DA:307,0
DA:308,0
DA:311,0
DA:319,0
DA:321,0
DA:325,0
DA:328,0
DA:331,0
DA:334,0
DA:346,0
DA:366,0
DA:369,0
DA:371,0
DA:372,0
DA:374,0
DA:378,0
DA:380,0
DA:382,0
DA:383,0
DA:386,0
DA:390,0
DA:392,0
DA:393,0
DA:394,0
DA:396,0
DA:400,0
DA:402,0
DA:404,0
DA:405,0
DA:408,0
DA:412,0
DA:414,0
DA:415,0
DA:416,0
DA:417,0
DA:418,0
DA:422,0
DA:424,0
DA:425,0
DA:428,0
DA:429,0
DA:430,0
DA:431,0
DA:435,0
DA:436,0
DA:437,0
DA:438,0
DA:441,0
DA:443,0
DA:444,0
DA:447,0
DA:448,0
DA:451,0
DA:452,0
DA:455,0
DA:456,0
DA:461,0
DA:464,0
DA:466,0
DA:474,0
DA:475,0
DA:478,0
DA:479,0
DA:483,0
DA:486,0
DA:495,0
DA:506,0
DA:507,0
DA:509,0
DA:511,0
DA:514,0
DA:516,0
DA:517,0
DA:518,0
DA:519,0
DA:523,0
DA:525,0
DA:528,0
DA:529,0
DA:530,0
DA:531,0
DA:532,0
DA:533,0
DA:537,0
DA:539,0
DA:542,0
DA:543,0
DA:544,0
DA:545,0
DA:546,0
DA:550,0
DA:552,0
DA:554,0
DA:555,0
DA:559,0
DA:561,0
DA:564,0
DA:565,0
DA:566,0
DA:570,0
DA:572,0
DA:575,0
DA:576,0
DA:577,0
DA:578,0
DA:579,0
DA:583,0
DA:589,0
DA:590,0
DA:592,0
DA:593,0
DA:594,0
DA:600,0
DA:602,0
DA:606,0
DA:608,0
DA:609,0
DA:610,0
DA:613,0
DA:615,0
DA:616,0
DA:619,0
DA:620,0
DA:622,0
DA:623,0
DA:626,0
DA:627,0
DA:630,0
DA:631,0
DA:634,0
LF:257
LH:1
BRDA:36,0,0,0
BRDA:36,0,1,0
BRDA:40,1,0,0
BRDA:40,1,1,0
BRDA:57,2,0,0
BRDA:57,2,1,0
BRDA:57,3,0,0
BRDA:57,3,1,0
BRDA:57,3,2,0
BRDA:62,4,0,0
BRDA:62,4,1,0
BRDA:64,5,0,0
BRDA:64,5,1,0
BRDA:64,6,0,0
BRDA:64,6,1,0
BRDA:69,7,0,0
BRDA:69,7,1,0
BRDA:69,8,0,0
BRDA:69,8,1,0
BRDA:85,9,0,0
BRDA:85,9,1,0
BRDA:86,10,0,0
BRDA:86,10,1,0
BRDA:91,11,0,0
BRDA:91,11,1,0
BRDA:91,12,0,0
BRDA:91,12,1,0
BRDA:91,12,2,0
BRDA:91,12,3,0
BRDA:91,12,4,0
BRDA:96,13,0,0
BRDA:96,13,1,0
BRDA:115,14,0,0
BRDA:115,14,1,0
BRDA:137,15,0,0
BRDA:137,15,1,0
BRDA:137,16,0,0
BRDA:137,16,1,0
BRDA:151,17,0,0
BRDA:151,17,1,0
BRDA:153,18,0,0
BRDA:153,18,1,0
BRDA:153,18,2,0
BRDA:153,18,3,0
BRDA:153,18,4,0
BRDA:153,18,5,0
BRDA:223,19,0,0
BRDA:223,19,1,0
BRDA:230,20,0,0
BRDA:230,20,1,0
BRDA:230,21,0,0
BRDA:230,21,1,0
BRDA:249,22,0,0
BRDA:249,22,1,0
BRDA:255,23,0,0
BRDA:255,23,1,0
BRDA:261,24,0,0
BRDA:261,24,1,0
BRDA:261,25,0,0
BRDA:261,25,1,0
BRDA:269,26,0,0
BRDA:269,26,1,0
BRDA:269,27,0,0
BRDA:269,27,1,0
BRDA:295,28,0,0
BRDA:295,28,1,0
BRDA:295,29,0,0
BRDA:295,29,1,0
BRDA:295,29,2,0
BRDA:295,29,3,0
BRDA:301,30,0,0
BRDA:301,30,1,0
BRDA:307,31,0,0
BRDA:307,31,1,0
BRDA:319,32,0,0
BRDA:319,32,1,0
BRDA:366,33,0,0
BRDA:366,33,1,0
BRDA:366,33,2,0
BRDA:366,33,3,0
BRDA:366,33,4,0
BRDA:366,33,5,0
BRDA:371,34,0,0
BRDA:371,34,1,0
BRDA:371,35,0,0
BRDA:371,35,1,0
BRDA:382,36,0,0
BRDA:382,36,1,0
BRDA:392,37,0,0
BRDA:392,37,1,0
BRDA:392,38,0,0
BRDA:392,38,1,0
BRDA:393,39,0,0
BRDA:393,39,1,0
BRDA:393,40,0,0
BRDA:393,40,1,0
BRDA:404,41,0,0
BRDA:404,41,1,0
BRDA:414,42,0,0
BRDA:414,42,1,0
BRDA:415,43,0,0
BRDA:415,43,1,0
BRDA:416,44,0,0
BRDA:416,44,1,0
BRDA:417,45,0,0
BRDA:417,45,1,0
BRDA:424,46,0,0
BRDA:424,46,1,0
BRDA:424,47,0,0
BRDA:424,47,1,0
BRDA:428,48,0,0
BRDA:428,48,1,0
BRDA:429,49,0,0
BRDA:429,49,1,0
BRDA:430,50,0,0
BRDA:430,50,1,0
BRDA:441,51,0,0
BRDA:441,51,1,0
BRDA:441,52,0,0
BRDA:441,52,1,0
BRDA:455,53,0,0
BRDA:455,53,1,0
BRDA:478,54,0,0
BRDA:478,54,1,0
BRDA:478,55,0,0
BRDA:478,55,1,0
BRDA:509,56,0,0
BRDA:509,56,1,0
BRDA:511,57,0,0
BRDA:511,57,1,0
BRDA:511,57,2,0
BRDA:511,57,3,0
BRDA:511,57,4,0
BRDA:511,57,5,0
BRDA:511,57,6,0
BRDA:516,58,0,0
BRDA:516,58,1,0
BRDA:517,59,0,0
BRDA:517,59,1,0
BRDA:518,60,0,0
BRDA:518,60,1,0
BRDA:525,61,0,0
BRDA:525,61,1,0
BRDA:528,62,0,0
BRDA:528,62,1,0
BRDA:529,63,0,0
BRDA:529,63,1,0
BRDA:530,64,0,0
BRDA:530,64,1,0
BRDA:531,65,0,0
BRDA:531,65,1,0
BRDA:532,66,0,0
BRDA:532,66,1,0
BRDA:539,67,0,0
BRDA:539,67,1,0
BRDA:542,68,0,0
BRDA:542,68,1,0
BRDA:543,69,0,0
BRDA:543,69,1,0
BRDA:544,70,0,0
BRDA:544,70,1,0
BRDA:545,71,0,0
BRDA:545,71,1,0
BRDA:552,72,0,0
BRDA:552,72,1,0
BRDA:552,72,2,0
BRDA:554,73,0,0
BRDA:554,73,1,0
BRDA:561,74,0,0
BRDA:561,74,1,0
BRDA:564,75,0,0
BRDA:564,75,1,0
BRDA:565,76,0,0
BRDA:565,76,1,0
BRDA:575,77,0,0
BRDA:575,77,1,0
BRDA:576,78,0,0
BRDA:576,78,1,0
BRDA:577,79,0,0
BRDA:577,79,1,0
BRDA:578,80,0,0
BRDA:578,80,1,0
BRDA:593,81,0,0
BRDA:593,81,1,0
BRDA:600,82,0,0
BRDA:600,82,1,0
BRDA:600,83,0,0
BRDA:600,83,1,0
BRDA:613,84,0,0
BRDA:613,84,1,0
BRDA:613,85,0,0
BRDA:613,85,1,0
BRDA:630,86,0,0
BRDA:630,86,1,0
BRF:194
BRH:0
end_of_record
TN:
SF:js/biology/plant/plant-system.js
FN:98,(anonymous_0)
FN:132,(anonymous_1)
FN:172,(anonymous_2)
FN:196,(anonymous_3)
FN:203,(anonymous_4)
FN:255,(anonymous_5)
FN:260,(anonymous_6)
FN:291,(anonymous_7)
FN:292,(anonymous_8)
FN:385,(anonymous_9)
FN:438,(anonymous_10)
FN:547,(anonymous_11)
FN:593,(anonymous_12)
FN:667,(anonymous_13)
FNF:14
FNH:8
FNDA:5,(anonymous_0)
FNDA:0,(anonymous_1)
FNDA:0,(anonymous_2)
FNDA:0,(anonymous_3)
FNDA:0,(anonymous_4)
FNDA:1,(anonymous_5)
FNDA:3,(anonymous_6)
FNDA:0,(anonymous_7)
FNDA:0,(anonymous_8)
FNDA:1,(anonymous_9)
FNDA:1,(anonymous_10)
FNDA:1,(anonymous_11)
FNDA:1,(anonymous_12)
FNDA:4,(anonymous_13)
DA:4,5
DA:99,5
DA:100,5
DA:101,5
DA:102,5
DA:104,5
DA:107,5
DA:108,5
DA:109,5
DA:110,5
DA:113,5
DA:116,5
DA:117,5
DA:118,5
DA:119,5
DA:121,5
DA:134,0
DA:135,0
DA:136,0
DA:137,0
DA:138,0
DA:139,0
DA:142,0
DA:143,0
DA:145,0
DA:146,0
DA:150,0
DA:151,0
DA:155,0
DA:156,0
DA:157,0
DA:160,0
DA:163,0
DA:166,0
DA:169,0
DA:172,0
DA:173,0
DA:174,0
DA:177,0
DA:179,0
DA:180,0
DA:182,0
DA:186,0
DA:189,0
DA:197,0
DA:198,0
DA:199,0
DA:200,0
DA:203,0
DA:204,0
DA:205,0
DA:206,0
DA:207,0
DA:209,0
DA:210,0
DA:212,0
DA:213,0
DA:214,0
DA:215,0
DA:217,0
DA:218,0
DA:224,0
DA:225,0
DA:226,0
DA:230,0
DA:232,0
DA:236,0
DA:237,0
DA:239,0
DA:242,0
DA:245,0
DA:246,0
DA:250,0
DA:257,1
DA:260,1
DA:261,3
DA:264,3
DA:267,3
DA:269,2
DA:270,2
DA:272,2
DA:273,2
DA:274,2
DA:275,2
DA:280,2
DA:282,2
DA:283,2
DA:292,0
DA:293,0
DA:294,0
DA:297,0
DA:298,0
DA:300,0
DA:301,0
DA:302,0
DA:307,0
DA:309,0
DA:312,0
DA:314,0
DA:315,0
DA:317,0
DA:321,0
DA:323,0
DA:324,0
DA:325,0
DA:326,0
DA:327,0
DA:331,0
DA:333,0
DA:337,0
DA:338,0
DA:342,0
DA:343,0
DA:346,0
DA:350,0
DA:354,0
DA:356,0
DA:357,0
DA:358,0
DA:359,0
DA:364,0
DA:365,0
DA:366,0
DA:367,0
DA:370,0
DA:374,0
DA:378,0
DA:387,1
DA:392,1
DA:395,1
DA:396,5
DA:399,5
DA:400,4
DA:403,4
DA:406,4
DA:408,4
DA:410,32
DA:414,4
DA:417,4
DA:422,32
DA:425,24
DA:426,24
DA:434,1
DA:441,1
DA:444,1
DA:445,2500
DA:447,4
DA:452,1
DA:453,1
DA:454,1
DA:457,1
DA:458,4
DA:459,2
DA:461,2
DA:462,0
DA:468,1
DA:469,0
DA:473,1
DA:476,1
DA:477,4
DA:478,4
DA:481,4
DA:483,2
DA:486,2
DA:487,2
DA:489,2
DA:490,16
DA:492,5
DA:495,5
DA:497,2
DA:503,2
DA:508,2
DA:511,2
DA:512,0
DA:515,2
DA:516,0
DA:520,2
DA:521,2
DA:522,0
DA:523,0
DA:527,2
DA:528,2
DA:532,2
DA:533,2
DA:535,2
DA:539,2
DA:540,0
DA:549,1
DA:552,1
DA:555,1
DA:558,1
DA:561,1
DA:562,1
DA:565,0
DA:566,0
DA:567,0
DA:570,0
DA:571,0
DA:574,0
DA:575,0
DA:579,1
DA:582,1
DA:585,1
DA:589,1
DA:595,1
DA:596,1
DA:599,1
DA:602,1
DA:603,8
DA:606,0
DA:611,1
DA:612,0
DA:613,0
DA:616,0
DA:617,0
DA:620,0
DA:623,0
DA:626,0
DA:629,0
DA:631,0
DA:632,0
DA:634,0
DA:635,0
DA:636,0
DA:638,0
DA:639,0
DA:641,0
DA:642,0
DA:646,0
DA:649,0
DA:652,0
DA:653,0
DA:656,0
DA:657,0
DA:661,0
DA:669,4
DA:672,4
DA:675,4
DA:677,1
DA:678,1
DA:680,1
DA:681,1
DA:683,1
DA:684,1
DA:686,1
DA:687,1
DA:690,0
DA:691,0
DA:695,4
DA:696,0
DA:701,4
DA:707,0
DA:708,0
DA:710,0
DA:715,4
DA:718,4
DA:719,0
DA:723,4
DA:725,0
DA:726,0
DA:727,0
DA:728,0
DA:731,0
DA:732,0
DA:733,0
DA:737,4
DA:739,4
DA:742,4
DA:743,1
DA:744,3
DA:745,1
DA:749,4
DA:752,4
DA:753,0
DA:760,5
DA:761,5
LF:276
LH:125
BRDA:142,0,0,0
BRDA:142,0,1,0
BRDA:145,1,0,0
BRDA:145,1,1,0
BRDA:150,2,0,0
BRDA:150,2,1,0
BRDA:173,3,0,0
BRDA:173,3,1,0
BRDA:173,4,0,0
BRDA:173,4,1,0
BRDA:177,5,0,0
BRDA:177,5,1,0
BRDA:179,6,0,0
BRDA:179,6,1,0
BRDA:204,7,0,0
BRDA:204,7,1,0
BRDA:209,8,0,0
BRDA:209,8,1,0
BRDA:214,9,0,0
BRDA:214,9,1,0
BRDA:217,10,0,0
BRDA:217,10,1,0
BRDA:230,11,0,0
BRDA:230,11,1,0
BRDA:237,12,0,0
BRDA:237,12,1,0
BRDA:261,13,0,3
BRDA:261,13,1,0
BRDA:261,14,0,3
BRDA:261,14,1,3
BRDA:267,15,0,2
BRDA:267,15,1,1
BRDA:273,16,0,2
BRDA:273,16,1,0
BRDA:280,17,0,2
BRDA:280,17,1,0
BRDA:293,18,0,0
BRDA:293,18,1,0
BRDA:293,19,0,0
BRDA:293,19,1,0
BRDA:301,20,0,0
BRDA:301,20,1,0
BRDA:307,21,0,0
BRDA:307,21,1,0
BRDA:312,22,0,0
BRDA:312,22,1,0
BRDA:314,23,0,0
BRDA:314,23,1,0
BRDA:321,24,0,0
BRDA:321,24,1,0
BRDA:325,25,0,0
BRDA:325,25,1,0
BRDA:331,26,0,0
BRDA:331,26,1,0
BRDA:337,27,0,0
BRDA:337,27,1,0
BRDA:354,28,0,0
BRDA:354,28,1,0
BRDA:358,29,0,0
BRDA:358,29,1,0
BRDA:364,30,0,0
BRDA:364,30,1,0
BRDA:399,31,0,1
BRDA:399,31,1,4
BRDA:410,32,0,4
BRDA:410,32,1,28
BRDA:410,33,0,32
BRDA:410,33,1,8
BRDA:422,34,0,24
BRDA:422,34,1,8
BRDA:425,35,0,24
BRDA:425,35,1,0
BRDA:445,36,0,4
BRDA:445,36,1,2496
BRDA:445,37,0,2500
BRDA:445,37,1,18
BRDA:458,38,0,2
BRDA:458,38,1,2
BRDA:461,39,0,0
BRDA:461,39,1,2
BRDA:461,40,0,2
BRDA:461,40,1,2
BRDA:468,41,0,0
BRDA:468,41,1,1
BRDA:481,42,0,2
BRDA:481,42,1,2
BRDA:490,43,0,5
BRDA:490,43,1,11
BRDA:490,44,0,16
BRDA:490,44,1,5
BRDA:495,45,0,2
BRDA:495,45,1,3
BRDA:511,46,0,0
BRDA:511,46,1,2
BRDA:515,47,0,0
BRDA:515,47,1,2
BRDA:520,48,0,2
BRDA:520,48,1,0
BRDA:522,49,0,0
BRDA:522,49,1,0
BRDA:527,50,0,2
BRDA:527,50,1,0
BRDA:533,51,0,2
BRDA:533,51,1,0
BRDA:533,52,0,2
BRDA:533,52,1,0
BRDA:539,53,0,0
BRDA:539,53,1,2
BRDA:558,54,0,1
BRDA:558,54,1,0
BRDA:558,54,2,0
BRDA:558,54,3,0
BRDA:603,55,0,0
BRDA:603,55,1,8
BRDA:603,56,0,8
BRDA:603,56,1,0
BRDA:603,56,2,0
BRDA:616,57,0,0
BRDA:616,57,1,0
BRDA:616,58,0,0
BRDA:616,58,1,0
BRDA:629,59,0,0
BRDA:629,59,1,0
BRDA:629,59,2,0
BRDA:629,59,3,0
BRDA:657,60,0,0
BRDA:657,60,1,0
BRDA:657,61,0,0
BRDA:657,61,1,0
BRDA:657,61,2,0
BRDA:657,61,3,0
BRDA:675,62,0,1
BRDA:675,62,1,1
BRDA:675,62,2,1
BRDA:675,62,3,1
BRDA:675,62,4,0
BRDA:695,63,0,0
BRDA:695,63,1,4
BRDA:695,64,0,4
BRDA:695,64,1,4
BRDA:701,65,0,0
BRDA:701,65,1,4
BRDA:701,66,0,4
BRDA:701,66,1,3
BRDA:701,66,2,2
BRDA:701,66,3,0
BRDA:701,66,4,0
BRDA:707,67,0,0
BRDA:707,67,1,0
BRDA:718,68,0,0
BRDA:718,68,1,4
BRDA:723,69,0,0
BRDA:723,69,1,4
BRDA:725,70,0,0
BRDA:725,70,1,0
BRDA:737,71,0,4
BRDA:737,71,1,0
BRDA:742,72,0,1
BRDA:742,72,1,3
BRDA:744,73,0,1
BRDA:744,73,1,2
BRDA:752,74,0,0
BRDA:752,74,1,4
BRDA:760,75,0,5
BRDA:760,75,1,0
BRDA:760,76,0,5
BRDA:760,76,1,5
BRF:167
BRH:66
end_of_record
TN:
SF:js/environment/temperature-system.js
FN:9,(anonymous_0)
FN:16,(anonymous_1)
FNF:2
FNH:2
FNDA:6,(anonymous_0)
FNDA:3,(anonymous_1)
DA:4,6
DA:10,6
DA:11,6
DA:12,6
DA:18,3
DA:22,3
DA:25,3
DA:27,30
DA:29,30
DA:30,300
DA:31,300
DA:35,300
DA:38,300
DA:41,1
DA:43,1
DA:44,1
DA:46,1
DA:47,1
DA:50,1
DA:54,1
DA:56,1
DA:57,1
DA:59,1
DA:60,1
DA:63,1
DA:64,0
DA:66,1
DA:67,1
DA:72,1
DA:77,1
DA:79,1
DA:80,1
DA:81,1
DA:84,1
DA:90,0
DA:92,0
DA:93,0
DA:96,0
DA:97,0
DA:100,0
DA:103,0
DA:111,6
DA:112,6
DA:116,6
DA:117,6
LF:45
LH:37
BRDA:31,0,0,0
BRDA:31,0,1,300
BRDA:38,1,0,1
BRDA:38,1,1,1
BRDA:38,1,2,1
BRDA:38,1,3,0
BRDA:38,1,4,0
BRDA:41,2,0,1
BRDA:41,2,1,0
BRDA:41,3,0,1
BRDA:41,3,1,1
BRDA:44,4,0,1
BRDA:44,4,1,0
BRDA:44,5,0,1
BRDA:44,5,1,1
BRDA:54,6,0,1
BRDA:54,6,1,0
BRDA:54,7,0,1
BRDA:54,7,1,1
BRDA:57,8,0,1
BRDA:57,8,1,0
BRDA:57,9,0,1
BRDA:57,9,1,1
BRDA:59,10,0,1
BRDA:59,10,1,0
BRDA:63,11,0,0
BRDA:63,11,1,1
BRDA:77,12,0,1
BRDA:77,12,1,0
BRDA:77,13,0,1
BRDA:77,13,1,1
BRDA:79,14,0,1
BRDA:79,14,1,0
BRDA:90,15,0,0
BRDA:90,15,1,0
BRDA:90,16,0,0
BRDA:90,16,1,0
BRDA:92,17,0,0
BRDA:92,17,1,0
BRDA:96,18,0,0
BRDA:96,18,1,0
BRDA:111,19,0,6
BRDA:111,19,1,0
BRDA:111,20,0,6
BRDA:111,20,1,6
BRDA:116,21,0,6
BRDA:116,21,1,0
BRDA:116,22,0,6
BRDA:116,22,1,6
BRF:49
BRH:28
end_of_record
TN:
SF:js/rendering/color-mapper.js
FN:11,(anonymous_0)
FN:21,(anonymous_1)
FN:26,(anonymous_2)
FN:584,(anonymous_3)
FNF:4
FNH:4
FNDA:29,(anonymous_0)
FNDA:3,(anonymous_1)
FNDA:95,(anonymous_2)
FNDA:4,(anonymous_3)
DA:4,29
DA:12,29
DA:13,29
DA:14,29
DA:15,29
DA:16,29
DA:17,29
DA:22,3
DA:28,95
DA:30,3
DA:36,3
DA:43,3
DA:44,3
DA:45,3
DA:47,3
DA:48,4
DA:50,3
DA:51,3
DA:53,3
DA:60,3
DA:68,92
DA:69,1
DA:73,91
DA:74,91
DA:75,91
DA:76,91
DA:77,91
DA:82,91
DA:85,91
DA:88,1
DA:90,1
DA:91,1
DA:92,1
DA:94,1
DA:95,1
DA:96,1
DA:97,1
DA:101,3
DA:102,3
DA:103,3
DA:105,3
DA:106,3
DA:107,3
DA:108,3
DA:109,3
DA:110,3
DA:112,3
DA:116,5
DA:119,1
DA:120,1
DA:121,1
DA:122,1
DA:125,1
DA:126,1
DA:127,1
DA:128,1
DA:131,1
DA:132,1
DA:133,1
DA:134,1
DA:137,2
DA:138,2
DA:139,2
DA:141,5
DA:145,77
DA:149,1
DA:150,1
DA:154,1
DA:155,1
DA:156,1
DA:157,1
DA:160,1
DA:161,1
DA:162,1
DA:163,1
DA:166,8
DA:167,8
DA:171,8
DA:174,8
DA:175,8
DA:176,8
DA:177,7
DA:178,7
DA:179,7
DA:185,8
DA:186,8
DA:187,8
DA:189,8
DA:192,7
DA:193,7
DA:194,7
DA:197,7
DA:198,7
DA:199,7
DA:201,7
DA:203,2
DA:204,2
DA:207,1
DA:209,1
DA:210,1
DA:211,1
DA:213,1
DA:214,1
DA:215,1
DA:217,1
DA:218,1
DA:219,1
DA:221,1
DA:222,1
DA:223,1
DA:229,7
DA:230,0
DA:231,0
DA:235,7
DA:236,7
DA:237,7
DA:238,7
DA:241,1
DA:242,1
DA:243,1
DA:246,1
DA:247,0
DA:248,0
DA:249,0
DA:251,0
DA:252,0
DA:253,0
DA:254,0
DA:256,0
DA:257,0
DA:258,0
DA:259,0
DA:261,0
DA:262,0
DA:263,0
DA:264,0
DA:266,0
DA:267,0
DA:268,0
DA:269,0
DA:271,0
DA:272,0
DA:273,0
DA:274,0
DA:276,0
DA:277,0
DA:278,0
DA:279,0
DA:285,1
DA:286,1
DA:287,1
DA:290,1
DA:291,1
DA:292,1
DA:294,8
DA:297,33
DA:298,33
DA:301,33
DA:303,33
DA:304,33
DA:307,33
DA:308,33
DA:309,33
DA:312,33
DA:314,9
DA:315,9
DA:316,9
DA:317,9
DA:319,6
DA:320,6
DA:321,6
DA:322,6
DA:324,6
DA:325,6
DA:326,6
DA:327,6
DA:329,6
DA:330,6
DA:331,6
DA:332,6
DA:334,6
DA:335,6
DA:336,6
DA:337,6
DA:341,33
DA:342,7
DA:343,26
DA:344,5
DA:345,5
DA:346,21
DA:347,5
DA:348,16
DA:349,6
DA:350,10
DA:351,5
DA:352,5
DA:353,5
DA:358,33
DA:359,33
DA:362,33
DA:363,33
DA:364,33
DA:367,33
DA:369,2
DA:370,2
DA:371,2
DA:373,33
DA:376,35
DA:377,35
DA:381,35
DA:383,35
DA:384,35
DA:387,35
DA:390,35
DA:391,35
DA:392,35
DA:393,248
DA:395,1
DA:396,1
DA:401,35
DA:411,35
DA:412,35
DA:417,35
DA:418,35
DA:420,35
DA:423,11
DA:426,6
DA:427,6
DA:428,6
DA:429,6
DA:431,6
DA:434,6
DA:435,3
DA:436,3
DA:437,3
DA:438,3
DA:439,0
DA:440,0
DA:441,0
DA:442,3
DA:443,1
DA:444,1
DA:445,1
DA:447,6
DA:450,6
DA:451,6
DA:452,6
DA:453,6
DA:456,6
DA:458,6
DA:459,3
DA:460,3
DA:461,3
DA:462,3
DA:463,2
DA:464,2
DA:465,2
DA:466,1
DA:467,0
DA:468,0
DA:469,0
DA:470,1
DA:471,1
DA:472,1
DA:473,1
DA:476,6
DA:480,35
DA:481,35
DA:482,35
DA:485,35
DA:487,1
DA:488,0
DA:490,0
DA:491,0
DA:492,0
DA:493,0
DA:497,1
DA:499,1
DA:500,1
DA:501,1
DA:504,35
DA:507,0
DA:508,0
DA:509,0
DA:512,0
DA:514,0
DA:515,0
DA:518,0
DA:519,0
DA:520,0
DA:523,0
DA:525,0
DA:526,0
DA:527,0
DA:530,0
DA:531,0
DA:532,0
DA:533,0
DA:536,0
DA:539,77
DA:543,1
DA:544,1
DA:545,1
DA:546,1
DA:547,1
DA:551,1
DA:552,1
DA:553,1
DA:554,1
DA:558,1
DA:559,1
DA:560,1
DA:561,1
DA:565,1
DA:566,1
DA:567,1
DA:568,1
DA:572,1
DA:576,91
DA:585,4
DA:588,4
DA:589,4
DA:591,4
DA:593,2
DA:594,2
DA:595,2
DA:597,1
DA:598,1
DA:599,1
DA:601,0
DA:602,0
DA:603,0
DA:605,1
DA:609,3
DA:611,1
DA:612,1
DA:616,2
DA:619,2
LF:338
LH:277
BRDA:28,0,0,3
BRDA:28,0,1,92
BRDA:28,1,0,95
BRDA:28,1,1,95
BRDA:43,2,0,3
BRDA:43,2,1,0
BRDA:43,3,0,3
BRDA:43,3,1,3
BRDA:45,4,0,3
BRDA:45,4,1,0
BRDA:48,5,0,3
BRDA:48,5,1,1
BRDA:48,6,0,4
BRDA:48,6,1,3
BRDA:50,7,0,3
BRDA:50,7,1,0
BRDA:50,8,0,3
BRDA:50,8,1,3
BRDA:68,9,0,1
BRDA:68,9,1,91
BRDA:85,10,0,1
BRDA:85,10,1,3
BRDA:85,10,2,5
BRDA:85,10,3,77
BRDA:85,10,4,1
BRDA:85,10,5,1
BRDA:85,10,6,1
BRDA:85,10,7,1
BRDA:85,10,8,1
BRDA:106,11,0,3
BRDA:106,11,1,0
BRDA:116,12,0,1
BRDA:116,12,1,1
BRDA:116,12,2,1
BRDA:116,12,3,2
BRDA:145,13,0,1
BRDA:145,13,1,8
BRDA:145,13,2,33
BRDA:145,13,3,35
BRDA:145,13,4,0
BRDA:149,14,0,1
BRDA:149,14,1,0
BRDA:166,15,0,8
BRDA:166,15,1,6
BRDA:176,16,0,7
BRDA:176,16,1,1
BRDA:176,17,0,8
BRDA:176,17,1,8
BRDA:178,18,0,7
BRDA:178,18,1,0
BRDA:178,19,0,7
BRDA:178,19,1,7
BRDA:185,20,0,7
BRDA:185,20,1,1
BRDA:185,21,0,8
BRDA:185,21,1,7
BRDA:187,22,0,7
BRDA:187,22,1,1
BRDA:189,23,0,7
BRDA:189,23,1,1
BRDA:197,24,0,7
BRDA:197,24,1,0
BRDA:197,25,0,7
BRDA:197,25,1,7
BRDA:199,26,0,7
BRDA:199,26,1,0
BRDA:201,27,0,2
BRDA:201,27,1,1
BRDA:201,27,2,1
BRDA:201,27,3,1
BRDA:201,27,4,1
BRDA:201,27,5,1
BRDA:229,28,0,0
BRDA:229,28,1,7
BRDA:246,29,0,0
BRDA:246,29,1,1
BRDA:246,30,0,1
BRDA:246,30,1,0
BRDA:248,31,0,0
BRDA:248,31,1,0
BRDA:249,32,0,0
BRDA:249,32,1,0
BRDA:249,32,2,0
BRDA:249,32,3,0
BRDA:249,32,4,0
BRDA:249,32,5,0
BRDA:297,33,0,33
BRDA:297,33,1,31
BRDA:301,34,0,33
BRDA:301,34,1,3
BRDA:312,35,0,9
BRDA:312,35,1,6
BRDA:312,35,2,6
BRDA:312,35,3,6
BRDA:312,35,4,6
BRDA:341,36,0,7
BRDA:341,36,1,26
BRDA:343,37,0,5
BRDA:343,37,1,21
BRDA:346,38,0,5
BRDA:346,38,1,16
BRDA:348,39,0,6
BRDA:348,39,1,10
BRDA:350,40,0,5
BRDA:350,40,1,5
BRDA:353,41,0,5
BRDA:353,41,1,0
BRDA:367,42,0,2
BRDA:367,42,1,31
BRDA:376,43,0,35
BRDA:376,43,1,33
BRDA:381,44,0,35
BRDA:381,44,1,3
BRDA:393,45,0,1
BRDA:393,45,1,247
BRDA:393,46,0,248
BRDA:393,46,1,85
BRDA:412,47,0,1
BRDA:412,47,1,34
BRDA:420,48,0,11
BRDA:420,48,1,6
BRDA:420,48,2,6
BRDA:420,48,3,6
BRDA:420,48,4,6
BRDA:426,49,0,6
BRDA:426,49,1,0
BRDA:434,50,0,3
BRDA:434,50,1,3
BRDA:434,51,0,6
BRDA:434,51,1,4
BRDA:438,52,0,0
BRDA:438,52,1,3
BRDA:438,53,0,3
BRDA:438,53,1,0
BRDA:442,54,0,1
BRDA:442,54,1,2
BRDA:442,55,0,3
BRDA:442,55,1,1
BRDA:456,56,0,6
BRDA:456,56,1,0
BRDA:458,57,0,3
BRDA:458,57,1,3
BRDA:458,58,0,6
BRDA:458,58,1,5
BRDA:462,59,0,2
BRDA:462,59,1,1
BRDA:466,60,0,0
BRDA:466,60,1,1
BRDA:470,61,0,1
BRDA:470,61,1,0
BRDA:485,62,0,1
BRDA:485,62,1,34
BRDA:487,63,0,0
BRDA:487,63,1,1
BRDA:512,64,0,0
BRDA:512,64,1,0
BRDA:512,65,0,0
BRDA:512,65,1,0
BRDA:530,66,0,0
BRDA:530,66,1,0
BRDA:591,67,0,2
BRDA:591,67,1,1
BRDA:591,67,2,0
BRDA:591,67,3,1
BRDA:609,68,0,1
BRDA:609,68,1,2
BRF:166
BRH:131
end_of_record
TN:
SF:js/rendering/shader-manager.js
FN:38,(anonymous_0)
FN:47,(anonymous_1)
FN:74,(anonymous_2)
FN:80,(anonymous_3)
FNF:4
FNH:4
FNDA:1,(anonymous_0)
FNDA:4,(anonymous_1)
FNDA:1,(anonymous_2)
FNDA:1,(anonymous_3)
DA:4,6
DA:39,1
DA:40,1
DA:43,1
DA:48,4
DA:51,4
DA:52,4
DA:54,4
DA:55,1
DA:56,1
DA:60,3
DA:61,3
DA:62,1
DA:63,1
DA:67,2
DA:68,2
DA:70,2
DA:75,1
DA:76,1
DA:81,1
DA:82,1
LF:21
LH:21
BRDA:54,0,0,1
BRDA:54,0,1,3
BRDA:54,1,0,4
BRDA:54,1,1,3
BRDA:61,2,0,1
BRDA:61,2,1,2
BRF:6
BRH:6
end_of_record
TN:
SF:js/rendering/visualization-manager.js
FN:39,(anonymous_0)
FN:45,(anonymous_1)
FN:57,(anonymous_2)
FN:62,(anonymous_3)
FN:70,(anonymous_4)
FN:100,(anonymous_5)
FNF:6
FNH:6
FNDA:1,(anonymous_0)
FNDA:6,(anonymous_1)
FNDA:4,(anonymous_2)
FNDA:4,(anonymous_3)
FNDA:7,(anonymous_4)
FNDA:4,(anonymous_5)
DA:4,8
DA:40,1
DA:41,1
DA:46,6
DA:47,5
DA:48,5
DA:49,5
DA:51,1
DA:52,1
DA:58,4
DA:63,4
DA:64,1
DA:66,3
DA:72,7
DA:73,7
DA:74,7
DA:75,7
DA:77,7
DA:78,12
DA:79,5
DA:80,5
DA:81,5
DA:82,5
DA:83,5
DA:88,7
DA:89,7
DA:92,7
DA:101,4
DA:103,1
DA:105,1
DA:107,1
DA:110,1
LF:32
LH:32
BRDA:46,0,0,5
BRDA:46,0,1,1
BRDA:63,1,0,1
BRDA:63,1,1,3
BRDA:78,2,0,5
BRDA:78,2,1,7
BRDA:78,3,0,12
BRDA:78,3,1,9
BRDA:89,4,0,1
BRDA:89,4,1,6
BRDA:101,5,0,1
BRDA:101,5,1,1
BRDA:101,5,2,1
BRDA:101,5,3,1
BRDA:101,5,4,1
BRF:15
BRH:15
end_of_record
TN:
SF:js/rendering/webgl-renderer-core.js
FN:34,(anonymous_0)
FN:86,(anonymous_1)
FN:111,(anonymous_2)
FN:141,(anonymous_3)
FN:177,(anonymous_4)
FN:208,(anonymous_5)
FN:258,(anonymous_6)
FN:268,(anonymous_7)
FN:286,(anonymous_8)
FNF:9
FNH:8
FNDA:8,(anonymous_0)
FNDA:9,(anonymous_1)
FNDA:9,(anonymous_2)
FNDA:2,(anonymous_3)
FNDA:1,(anonymous_4)
FNDA:2,(anonymous_5)
FNDA:1,(anonymous_6)
FNDA:1,(anonymous_7)
FNDA:0,(anonymous_8)
DA:3,8
DA:35,8
DA:36,8
DA:39,8
DA:40,8
DA:41,0
DA:42,0
DA:47,8
DA:48,8
DA:51,8
DA:52,8
DA:55,8
DA:56,8
DA:57,0
DA:58,0
DA:62,8
DA:63,0
DA:64,0
DA:67,8
DA:68,8
DA:69,8
DA:72,8
DA:75,8
DA:78,8
DA:81,8
DA:83,8
DA:87,9
DA:90,9
DA:91,9
DA:92,9
DA:101,9
DA:102,9
DA:103,9
DA:112,9
DA:115,9
DA:116,9
DA:119,9
DA:120,9
DA:123,9
DA:124,9
DA:127,9
DA:142,2
DA:145,2
DA:146,160
DA:147,16000
DA:148,16000
DA:151,16000
DA:154,16000
DA:155,16000
DA:156,16000
DA:157,16000
DA:162,2
DA:163,2
DA:178,1
DA:181,1
DA:184,1
DA:185,1
DA:188,1
DA:191,1
DA:192,1
DA:193,1
DA:196,1
DA:197,1
DA:198,1
DA:201,1
DA:204,1
DA:209,2
DA:212,2
DA:213,2
DA:216,2
DA:218,1
DA:219,1
DA:225,1
DA:229,1
DA:230,1
DA:234,1
DA:235,1
DA:238,1
DA:239,1
DA:242,1
DA:243,1
DA:244,1
DA:245,1
DA:248,1
DA:249,1
DA:259,1
DA:260,1
DA:261,1
DA:264,1
DA:270,1
DA:271,1
DA:272,1
DA:275,1
DA:276,1
DA:279,1
DA:282,1
DA:288,0
DA:289,0
DA:290,0
DA:294,0
DA:295,0
DA:297,0
DA:298,0
DA:302,0
DA:304,0
DA:305,0
DA:308,0
DA:309,0
DA:313,0
DA:314,0
DA:316,0
LF:111
LH:90
BRDA:40,0,0,0
BRDA:40,0,1,8
BRDA:56,1,0,0
BRDA:56,1,1,8
BRDA:62,2,0,0
BRDA:62,2,1,8
BRDA:216,3,0,1
BRDA:216,3,1,1
BRDA:216,4,0,2
BRDA:216,4,1,1
BRDA:216,4,2,1
BRDA:260,5,0,1
BRDA:260,5,1,0
BRDA:261,6,0,1
BRDA:261,6,1,0
BRDA:270,7,0,1
BRDA:270,7,1,0
BRDA:288,8,0,0
BRDA:288,8,1,0
BRDA:302,9,0,0
BRDA:302,9,1,0
BRF:21
BRH:11
end_of_record
TN:
SF:js/rendering/webgl-renderer-interface.js
FN:16,(anonymous_0)
FN:59,(anonymous_1)
FN:64,(anonymous_2)
FN:69,(anonymous_3)
FN:74,(anonymous_4)
FN:79,(anonymous_5)
FN:84,(anonymous_6)
FNF:7
FNH:7
FNDA:13,(anonymous_0)
FNDA:1,(anonymous_1)
FNDA:1,(anonymous_2)
FNDA:1,(anonymous_3)
FNDA:1,(anonymous_4)
FNDA:1,(anonymous_5)
FNDA:4,(anonymous_6)
DA:4,13
DA:17,13
DA:20,13
DA:21,13
DA:24,13
DA:25,13
DA:26,1
DA:27,1
DA:31,12
DA:32,12
DA:33,1
DA:34,1
DA:38,11
DA:39,11
DA:40,1
DA:41,1
DA:45,10
DA:46,10
DA:47,1
DA:52,10
DA:54,10
DA:55,10
DA:60,1
DA:65,1
DA:70,1
DA:75,1
DA:80,1
DA:85,4
DA:86,1
DA:87,1
DA:91,3
DA:93,1
DA:94,1
DA:98,3
DA:104,3
DA:106,3
LF:36
LH:36
BRDA:25,0,0,1
BRDA:25,0,1,12
BRDA:32,1,0,1
BRDA:32,1,1,11
BRDA:39,2,0,1
BRDA:39,2,1,10
BRDA:46,3,0,1
BRDA:46,3,1,9
BRDA:85,4,0,1
BRDA:85,4,1,3
BRDA:91,5,0,1
BRDA:91,5,1,2
BRF:12
BRH:12
end_of_record
TN:
SF:js/rendering/webgl-utils.js
FN:6,(anonymous_0)
FN:18,(anonymous_1)
FN:28,(anonymous_2)
FN:43,(anonymous_3)
FNF:4
FNH:4
FNDA:2,(anonymous_0)
FNDA:3,(anonymous_1)
FNDA:2,(anonymous_2)
FNDA:2,(anonymous_3)
DA:4,10
DA:7,2
DA:8,2
DA:9,1
DA:13,1
DA:19,3
DA:20,3
DA:21,1
DA:22,1
DA:24,2
DA:29,2
DA:30,2
DA:31,2
DA:33,2
DA:34,1
DA:35,1
DA:36,1
DA:39,1
DA:44,2
DA:45,2
DA:46,2
DA:47,2
DA:49,2
DA:50,1
DA:51,1
DA:54,1
LF:26
LH:26
BRDA:9,0,0,1
BRDA:9,0,1,0
BRDA:9,0,2,0
BRDA:19,1,0,3
BRDA:19,1,1,2
BRDA:20,2,0,1
BRDA:20,2,1,2
BRDA:33,3,0,1
BRDA:33,3,1,1
BRDA:49,4,0,1
BRDA:49,4,1,1
BRF:11
BRH:9
end_of_record
TN:
SF:js/rendering/zoom-controller.js
FN:28,(anonymous_0)
FN:58,(anonymous_1)
FN:94,(anonymous_2)
FN:112,(anonymous_3)
FN:117,(anonymous_4)
FN:122,(anonymous_5)
FN:134,(anonymous_6)
FN:162,(anonymous_7)
FN:175,(anonymous_8)
FN:195,(anonymous_9)
FN:206,(anonymous_10)
FN:250,(anonymous_11)
FN:272,(anonymous_12)
FN:309,(anonymous_13)
FNF:14
FNH:14
FNDA:15,(anonymous_0)
FNDA:17,(anonymous_1)
FNDA:5,(anonymous_2)
FNDA:1,(anonymous_3)
FNDA:1,(anonymous_4)
FNDA:1,(anonymous_5)
FNDA:3,(anonymous_6)
FNDA:1,(anonymous_7)
FNDA:2,(anonymous_8)
FNDA:1,(anonymous_9)
FNDA:1,(anonymous_10)
FNDA:20,(anonymous_11)
FNDA:2,(anonymous_12)
FNDA:22,(anonymous_13)
DA:4,17
DA:29,15
DA:30,15
DA:33,15
DA:34,14
DA:37,1
DA:39,1
DA:40,1
DA:45,15
DA:46,15
DA:49,15
DA:52,15
DA:54,15
DA:59,17
DA:60,17
DA:61,2
DA:62,2
DA:66,15
DA:67,15
DA:70,15
DA:71,15
DA:75,15
DA:76,15
DA:80,15
DA:83,15
DA:86,15
DA:87,15
DA:90,15
DA:96,5
DA:99,5
DA:100,5
DA:104,5
DA:106,5
DA:108,5
DA:113,1
DA:118,1
DA:123,1
DA:124,1
DA:125,1
DA:128,1
DA:129,1
DA:136,3
DA:137,3
DA:140,3
DA:141,3
DA:144,3
DA:145,3
DA:148,3
DA:149,3
DA:152,3
DA:153,3
DA:156,3
DA:157,3
DA:163,1
DA:164,1
DA:165,1
DA:168,1
DA:169,1
DA:170,1
DA:176,2
DA:179,1
DA:180,1
DA:183,1
DA:184,1
DA:187,1
DA:190,1
DA:191,1
DA:196,1
DA:199,1
DA:200,1
DA:201,1
DA:208,1
DA:209,1
DA:212,1
DA:213,1
DA:217,1
DA:219,1
DA:222,0
DA:226,1
DA:229,1
DA:233,1
DA:234,1
DA:237,1
DA:240,1
DA:243,1
DA:246,1
DA:252,20
DA:255,4
DA:256,1
DA:257,1
DA:261,3
DA:262,1
DA:263,1
DA:267,2
DA:268,2
DA:274,2
DA:275,1
DA:279,1
DA:280,1
DA:281,0
DA:284,1
DA:285,1
DA:288,1
DA:289,1
DA:292,1
DA:293,1
DA:294,1
DA:295,1
DA:298,1
DA:299,1
DA:302,1
DA:311,22
DA:312,22
DA:314,22
DA:315,22
DA:319,22
DA:320,22
DA:321,22
LF:118
LH:116
BRDA:33,0,0,14
BRDA:33,0,1,1
BRDA:33,1,0,15
BRDA:33,1,1,15
BRDA:37,2,0,0
BRDA:37,2,1,1
BRDA:39,3,0,1
BRDA:39,3,1,0
BRDA:60,4,0,2
BRDA:60,4,1,15
BRDA:86,5,0,15
BRDA:86,5,1,0
BRDA:86,6,0,15
BRDA:86,6,1,15
BRDA:99,7,0,5
BRDA:99,7,1,0
BRDA:99,8,0,5
BRDA:99,8,1,5
BRDA:128,9,0,1
BRDA:128,9,1,0
BRDA:128,10,0,1
BRDA:128,10,1,1
BRDA:137,11,0,0
BRDA:137,11,1,3
BRDA:141,12,0,0
BRDA:141,12,1,3
BRDA:156,13,0,3
BRDA:156,13,1,0
BRDA:156,14,0,3
BRDA:156,14,1,3
BRDA:169,15,0,1
BRDA:169,15,1,0
BRDA:176,16,0,1
BRDA:176,16,1,1
BRDA:200,17,0,1
BRDA:200,17,1,0
BRDA:217,18,0,1
BRDA:217,18,1,0
BRDA:229,19,0,0
BRDA:229,19,1,1
BRDA:252,20,0,16
BRDA:252,20,1,4
BRDA:255,21,0,1
BRDA:255,21,1,3
BRDA:255,22,0,4
BRDA:255,22,1,4
BRDA:261,23,0,1
BRDA:261,23,1,2
BRDA:261,24,0,3
BRDA:261,24,1,1
BRDA:274,25,0,1
BRDA:274,25,1,1
BRDA:274,26,0,2
BRDA:274,26,1,1
BRDA:274,26,2,1
BRDA:280,27,0,0
BRDA:280,27,1,1
BRDA:312,28,0,22
BRDA:312,28,1,0
BRDA:320,29,0,22
BRDA:320,29,1,0
BRF:61
BRH:46
end_of_record
